=============Seneca==============
The specified model is neural_network
Config Path is at ./config/neural_network/config.py
Lambda Path is at ./src/lambda_func/neural_network/neural_network.py
Repeat invocation 30 times!
Calling neural_network for 1 times!
Run Hyperparameter Tuning on neural network
[/aws/lambda/neural_network_worker] Checking for old streams...
 - Streams in group: /aws/lambda/neural_network_worker
[/aws/lambda/neural_network_worker] Deleted stream: 2019/02/11/[$LATEST]2452e09e8a20454384f79441569ef29e
[/aws/lambda/neural_network_worker] Deleted stream: 2019/02/11/[$LATEST]2f51750316f6464da7f4224c5970e08d
[/aws/lambda/neural_network_worker] Deleted stream: 2019/02/11/[$LATEST]447153c27d184b358af4f18a1bb7d236
[/aws/lambda/neural_network_worker] Deleted stream: 2019/02/11/[$LATEST]52e097a8b5a042cca6ea5d95190bb37f
[/aws/lambda/neural_network_worker] Deleted stream: 2019/02/11/[$LATEST]5e96bf2ea16c4d99aabbc186b0f41252
[/aws/lambda/neural_network_worker] Deleted stream: 2019/02/11/[$LATEST]6caaa8a3b7ab41b2bedc2d6800943b87
[/aws/lambda/neural_network_worker] Deleted stream: 2019/02/11/[$LATEST]6ef38eb9b04145f2b764924c911db290
[/aws/lambda/neural_network_worker] Deleted stream: 2019/02/11/[$LATEST]703a16a3f8104ffda121fe4aa1b3b731
[/aws/lambda/neural_network_worker] Deleted stream: 2019/02/11/[$LATEST]8c437ed896544b66bb1b8e394a2d592d
[/aws/lambda/neural_network_worker] Deleted stream: 2019/02/11/[$LATEST]9ecb1e157ecc487e8f74bb6eeae24437
[/aws/lambda/neural_network_worker] Deleted stream: 2019/02/11/[$LATEST]d660ebc3f7254b059251ed0f1a830f58
[/aws/lambda/neural_network_worker] Deleted stream: 2019/02/11/[$LATEST]f6d83766b78546fcb4d86d6072307391
Done
=====Time Stamp======
1549851489.6835225
===Async Tasks start===
===Async Tasks end===
121.8151626586914
0.8392041267501842
{'parameters': ['activation', 'alpha', 'batch_size', 'beta_1', 'beta_2', 'early_stopping', 'epsilon', 'hidden_layer_sizes', 'learning_rate', 'learning_rate_init', 'max_iter', 'momentum', 'n_iter_no_change', 'power_t', 'random_state', 'shuffle', 'solver', 'tol', 'validation_fraction', 'verbose'], 'data': {'activation': 'relu', 'alpha': 0.0001, 'batch_size': 'auto', 'beta_1': 0.9, 'beta_2': 0.999, 'early_stopping': False, 'epsilon': 1e-08, 'hidden_layer_sizes': [100], 'learning_rate': 'invscaling', 'learning_rate_init': 0.001, 'max_iter': 20, 'momentum': 0.9, 'n_iter_no_change': 10, 'power_t': 0.1, 'random_state': 456, 'shuffle': True, 'solver': 'adam', 'tol': 0.0001, 'validation_fraction': 0.1, 'verbose': False}, 'dataset': 'df_2017_downsampled.csv', 'test_size': 0.2}

Calling neural_network for 2 times!
Run Hyperparameter Tuning on neural network
[/aws/lambda/neural_network_worker] Checking for old streams...
 - Streams in group: /aws/lambda/neural_network_worker
[/aws/lambda/neural_network_worker] Deleted stream: 2019/02/11/[$LATEST]00c3ad2a652b440f9a504d0655c7e217
[/aws/lambda/neural_network_worker] Deleted stream: 2019/02/11/[$LATEST]047c21e34bca4be1b3e381ca835eba45
[/aws/lambda/neural_network_worker] Deleted stream: 2019/02/11/[$LATEST]0efdc912fac648cdbe7e116a8915f4ee
[/aws/lambda/neural_network_worker] Deleted stream: 2019/02/11/[$LATEST]1a91d96356814a28a19e2b19600d9166
[/aws/lambda/neural_network_worker] Deleted stream: 2019/02/11/[$LATEST]41c4abd01a8e4e75836bdba8113f62e0
[/aws/lambda/neural_network_worker] Deleted stream: 2019/02/11/[$LATEST]5b4880ac9c854519875ee118ff6cc400
[/aws/lambda/neural_network_worker] Deleted stream: 2019/02/11/[$LATEST]6caaa8a3b7ab41b2bedc2d6800943b87
[/aws/lambda/neural_network_worker] Deleted stream: 2019/02/11/[$LATEST]d242637d813e4e6abe5043619b655dbd
[/aws/lambda/neural_network_worker] Deleted stream: 2019/02/11/[$LATEST]d4fe83ad06a64829b2eb9addfeb14f85
[/aws/lambda/neural_network_worker] Deleted stream: 2019/02/11/[$LATEST]f46c80c4f3f24b2286e35154215e41e7
Done
=====Time Stamp======
1549851644.5200775
===Async Tasks start===
===Async Tasks end===
117.9028868675232
0.8392041267501842
{'parameters': ['activation', 'alpha', 'batch_size', 'beta_1', 'beta_2', 'early_stopping', 'epsilon', 'hidden_layer_sizes', 'learning_rate', 'learning_rate_init', 'max_iter', 'momentum', 'n_iter_no_change', 'power_t', 'random_state', 'shuffle', 'solver', 'tol', 'validation_fraction', 'verbose'], 'data': {'activation': 'relu', 'alpha': 0.0001, 'batch_size': 'auto', 'beta_1': 0.9, 'beta_2': 0.999, 'early_stopping': False, 'epsilon': 1e-08, 'hidden_layer_sizes': [100], 'learning_rate': 'constant', 'learning_rate_init': 0.001, 'max_iter': 20, 'momentum': 0.9, 'n_iter_no_change': 10, 'power_t': 0.5, 'random_state': 456, 'shuffle': True, 'solver': 'adam', 'tol': 0.0001, 'validation_fraction': 0.1, 'verbose': False}, 'dataset': 'df_2017_downsampled.csv', 'test_size': 0.2}

Calling neural_network for 3 times!
Run Hyperparameter Tuning on neural network
[/aws/lambda/neural_network_worker] Checking for old streams...
 - Streams in group: /aws/lambda/neural_network_worker
[/aws/lambda/neural_network_worker] Deleted stream: 2019/02/11/[$LATEST]00c3ad2a652b440f9a504d0655c7e217
[/aws/lambda/neural_network_worker] Deleted stream: 2019/02/11/[$LATEST]047c21e34bca4be1b3e381ca835eba45
[/aws/lambda/neural_network_worker] Deleted stream: 2019/02/11/[$LATEST]0efdc912fac648cdbe7e116a8915f4ee
[/aws/lambda/neural_network_worker] Deleted stream: 2019/02/11/[$LATEST]1a91d96356814a28a19e2b19600d9166
[/aws/lambda/neural_network_worker] Deleted stream: 2019/02/11/[$LATEST]41c4abd01a8e4e75836bdba8113f62e0
[/aws/lambda/neural_network_worker] Deleted stream: 2019/02/11/[$LATEST]5b4880ac9c854519875ee118ff6cc400
[/aws/lambda/neural_network_worker] Deleted stream: 2019/02/11/[$LATEST]6caaa8a3b7ab41b2bedc2d6800943b87
[/aws/lambda/neural_network_worker] Deleted stream: 2019/02/11/[$LATEST]d242637d813e4e6abe5043619b655dbd
[/aws/lambda/neural_network_worker] Deleted stream: 2019/02/11/[$LATEST]d4fe83ad06a64829b2eb9addfeb14f85
[/aws/lambda/neural_network_worker] Deleted stream: 2019/02/11/[$LATEST]f46c80c4f3f24b2286e35154215e41e7
Done
=====Time Stamp======
1549851795.4533713
===Async Tasks start===
===Async Tasks end===
118.03144526481628
0.8392041267501842
{'parameters': ['activation', 'alpha', 'batch_size', 'beta_1', 'beta_2', 'early_stopping', 'epsilon', 'hidden_layer_sizes', 'learning_rate', 'learning_rate_init', 'max_iter', 'momentum', 'n_iter_no_change', 'power_t', 'random_state', 'shuffle', 'solver', 'tol', 'validation_fraction', 'verbose'], 'data': {'activation': 'relu', 'alpha': 0.0001, 'batch_size': 'auto', 'beta_1': 0.9, 'beta_2': 0.999, 'early_stopping': False, 'epsilon': 1e-08, 'hidden_layer_sizes': [100], 'learning_rate': 'constant', 'learning_rate_init': 0.001, 'max_iter': 20, 'momentum': 0.9, 'n_iter_no_change': 20, 'power_t': 0.5, 'random_state': 456, 'shuffle': True, 'solver': 'adam', 'tol': 1e-05, 'validation_fraction': 0.1, 'verbose': False}, 'dataset': 'df_2017_downsampled.csv', 'test_size': 0.2}

Calling neural_network for 4 times!
Run Hyperparameter Tuning on neural network
[/aws/lambda/neural_network_worker] Checking for old streams...
 - Streams in group: /aws/lambda/neural_network_worker
[/aws/lambda/neural_network_worker] Deleted stream: 2019/02/11/[$LATEST]00c3ad2a652b440f9a504d0655c7e217
[/aws/lambda/neural_network_worker] Deleted stream: 2019/02/11/[$LATEST]047c21e34bca4be1b3e381ca835eba45
[/aws/lambda/neural_network_worker] Deleted stream: 2019/02/11/[$LATEST]0efdc912fac648cdbe7e116a8915f4ee
[/aws/lambda/neural_network_worker] Deleted stream: 2019/02/11/[$LATEST]1a91d96356814a28a19e2b19600d9166
[/aws/lambda/neural_network_worker] Deleted stream: 2019/02/11/[$LATEST]41c4abd01a8e4e75836bdba8113f62e0
[/aws/lambda/neural_network_worker] Deleted stream: 2019/02/11/[$LATEST]5b4880ac9c854519875ee118ff6cc400
[/aws/lambda/neural_network_worker] Deleted stream: 2019/02/11/[$LATEST]6caaa8a3b7ab41b2bedc2d6800943b87
[/aws/lambda/neural_network_worker] Deleted stream: 2019/02/11/[$LATEST]d242637d813e4e6abe5043619b655dbd
[/aws/lambda/neural_network_worker] Deleted stream: 2019/02/11/[$LATEST]d4fe83ad06a64829b2eb9addfeb14f85
[/aws/lambda/neural_network_worker] Deleted stream: 2019/02/11/[$LATEST]f46c80c4f3f24b2286e35154215e41e7
Done
=====Time Stamp======
1549851946.4688337
===Async Tasks start===
===Async Tasks end===
118.61702585220337
0.8392041267501842
{'parameters': ['activation', 'alpha', 'batch_size', 'beta_1', 'beta_2', 'early_stopping', 'epsilon', 'hidden_layer_sizes', 'learning_rate', 'learning_rate_init', 'max_iter', 'momentum', 'n_iter_no_change', 'power_t', 'random_state', 'shuffle', 'solver', 'tol', 'validation_fraction', 'verbose'], 'data': {'activation': 'relu', 'alpha': 0.0001, 'batch_size': 'auto', 'beta_1': 0.9, 'beta_2': 0.999, 'early_stopping': False, 'epsilon': 1e-08, 'hidden_layer_sizes': [100], 'learning_rate': 'constant', 'learning_rate_init': 0.001, 'max_iter': 20, 'momentum': 0.9, 'n_iter_no_change': 20, 'power_t': 0.1, 'random_state': 456, 'shuffle': True, 'solver': 'adam', 'tol': 0.0001, 'validation_fraction': 0.1, 'verbose': False}, 'dataset': 'df_2017_downsampled.csv', 'test_size': 0.2}

Calling neural_network for 5 times!
Run Hyperparameter Tuning on neural network
[/aws/lambda/neural_network_worker] Checking for old streams...
 - Streams in group: /aws/lambda/neural_network_worker
[/aws/lambda/neural_network_worker] Deleted stream: 2019/02/11/[$LATEST]00c3ad2a652b440f9a504d0655c7e217
[/aws/lambda/neural_network_worker] Deleted stream: 2019/02/11/[$LATEST]047c21e34bca4be1b3e381ca835eba45
[/aws/lambda/neural_network_worker] Deleted stream: 2019/02/11/[$LATEST]0efdc912fac648cdbe7e116a8915f4ee
[/aws/lambda/neural_network_worker] Deleted stream: 2019/02/11/[$LATEST]1a91d96356814a28a19e2b19600d9166
[/aws/lambda/neural_network_worker] Deleted stream: 2019/02/11/[$LATEST]41c4abd01a8e4e75836bdba8113f62e0
[/aws/lambda/neural_network_worker] Deleted stream: 2019/02/11/[$LATEST]5b4880ac9c854519875ee118ff6cc400
[/aws/lambda/neural_network_worker] Deleted stream: 2019/02/11/[$LATEST]6caaa8a3b7ab41b2bedc2d6800943b87
[/aws/lambda/neural_network_worker] Deleted stream: 2019/02/11/[$LATEST]d242637d813e4e6abe5043619b655dbd
[/aws/lambda/neural_network_worker] Deleted stream: 2019/02/11/[$LATEST]d4fe83ad06a64829b2eb9addfeb14f85
[/aws/lambda/neural_network_worker] Deleted stream: 2019/02/11/[$LATEST]f46c80c4f3f24b2286e35154215e41e7
Done
=====Time Stamp======
1549852098.1312258
===Async Tasks start===
===Async Tasks end===
118.23464012145996
0.8392041267501842
{'parameters': ['activation', 'alpha', 'batch_size', 'beta_1', 'beta_2', 'early_stopping', 'epsilon', 'hidden_layer_sizes', 'learning_rate', 'learning_rate_init', 'max_iter', 'momentum', 'n_iter_no_change', 'power_t', 'random_state', 'shuffle', 'solver', 'tol', 'validation_fraction', 'verbose'], 'data': {'activation': 'relu', 'alpha': 0.0001, 'batch_size': 'auto', 'beta_1': 0.9, 'beta_2': 0.999, 'early_stopping': False, 'epsilon': 1e-08, 'hidden_layer_sizes': [100], 'learning_rate': 'invscaling', 'learning_rate_init': 0.001, 'max_iter': 20, 'momentum': 0.9, 'n_iter_no_change': 10, 'power_t': 0.1, 'random_state': 456, 'shuffle': True, 'solver': 'adam', 'tol': 1e-05, 'validation_fraction': 0.1, 'verbose': False}, 'dataset': 'df_2017_downsampled.csv', 'test_size': 0.2}

Calling neural_network for 6 times!
Run Hyperparameter Tuning on neural network
[/aws/lambda/neural_network_worker] Checking for old streams...
 - Streams in group: /aws/lambda/neural_network_worker
[/aws/lambda/neural_network_worker] Deleted stream: 2019/02/11/[$LATEST]00c3ad2a652b440f9a504d0655c7e217
[/aws/lambda/neural_network_worker] Deleted stream: 2019/02/11/[$LATEST]047c21e34bca4be1b3e381ca835eba45
[/aws/lambda/neural_network_worker] Deleted stream: 2019/02/11/[$LATEST]0efdc912fac648cdbe7e116a8915f4ee
[/aws/lambda/neural_network_worker] Deleted stream: 2019/02/11/[$LATEST]1a91d96356814a28a19e2b19600d9166
[/aws/lambda/neural_network_worker] Deleted stream: 2019/02/11/[$LATEST]41c4abd01a8e4e75836bdba8113f62e0
[/aws/lambda/neural_network_worker] Deleted stream: 2019/02/11/[$LATEST]5b4880ac9c854519875ee118ff6cc400
[/aws/lambda/neural_network_worker] Deleted stream: 2019/02/11/[$LATEST]6caaa8a3b7ab41b2bedc2d6800943b87
[/aws/lambda/neural_network_worker] Deleted stream: 2019/02/11/[$LATEST]d242637d813e4e6abe5043619b655dbd
[/aws/lambda/neural_network_worker] Deleted stream: 2019/02/11/[$LATEST]d4fe83ad06a64829b2eb9addfeb14f85
[/aws/lambda/neural_network_worker] Deleted stream: 2019/02/11/[$LATEST]f46c80c4f3f24b2286e35154215e41e7
Done
=====Time Stamp======
1549852249.2803695
===Async Tasks start===
===Async Tasks end===
119.15677309036255
0.8392041267501842
{'parameters': ['activation', 'alpha', 'batch_size', 'beta_1', 'beta_2', 'early_stopping', 'epsilon', 'hidden_layer_sizes', 'learning_rate', 'learning_rate_init', 'max_iter', 'momentum', 'n_iter_no_change', 'power_t', 'random_state', 'shuffle', 'solver', 'tol', 'validation_fraction', 'verbose'], 'data': {'activation': 'relu', 'alpha': 0.0001, 'batch_size': 'auto', 'beta_1': 0.9, 'beta_2': 0.999, 'early_stopping': False, 'epsilon': 1e-08, 'hidden_layer_sizes': [100], 'learning_rate': 'constant', 'learning_rate_init': 0.001, 'max_iter': 20, 'momentum': 0.9, 'n_iter_no_change': 10, 'power_t': 0.1, 'random_state': 456, 'shuffle': True, 'solver': 'adam', 'tol': 1e-05, 'validation_fraction': 0.1, 'verbose': False}, 'dataset': 'df_2017_downsampled.csv', 'test_size': 0.2}

Calling neural_network for 7 times!
Run Hyperparameter Tuning on neural network
[/aws/lambda/neural_network_worker] Checking for old streams...
 - Streams in group: /aws/lambda/neural_network_worker
[/aws/lambda/neural_network_worker] Deleted stream: 2019/02/11/[$LATEST]00c3ad2a652b440f9a504d0655c7e217
[/aws/lambda/neural_network_worker] Deleted stream: 2019/02/11/[$LATEST]047c21e34bca4be1b3e381ca835eba45
[/aws/lambda/neural_network_worker] Deleted stream: 2019/02/11/[$LATEST]0efdc912fac648cdbe7e116a8915f4ee
[/aws/lambda/neural_network_worker] Deleted stream: 2019/02/11/[$LATEST]1a91d96356814a28a19e2b19600d9166
[/aws/lambda/neural_network_worker] Deleted stream: 2019/02/11/[$LATEST]41c4abd01a8e4e75836bdba8113f62e0
[/aws/lambda/neural_network_worker] Deleted stream: 2019/02/11/[$LATEST]5b4880ac9c854519875ee118ff6cc400
[/aws/lambda/neural_network_worker] Deleted stream: 2019/02/11/[$LATEST]6caaa8a3b7ab41b2bedc2d6800943b87
[/aws/lambda/neural_network_worker] Deleted stream: 2019/02/11/[$LATEST]72f6ecb52e2a40c8a4a24d7337e35f44
[/aws/lambda/neural_network_worker] Deleted stream: 2019/02/11/[$LATEST]d242637d813e4e6abe5043619b655dbd
[/aws/lambda/neural_network_worker] Deleted stream: 2019/02/11/[$LATEST]d4fe83ad06a64829b2eb9addfeb14f85
[/aws/lambda/neural_network_worker] Deleted stream: 2019/02/11/[$LATEST]f46c80c4f3f24b2286e35154215e41e7
Done
=====Time Stamp======
1549852401.7292337
===Async Tasks start===
===Async Tasks end===
119.0150203704834
0.8392041267501842
{'parameters': ['activation', 'alpha', 'batch_size', 'beta_1', 'beta_2', 'early_stopping', 'epsilon', 'hidden_layer_sizes', 'learning_rate', 'learning_rate_init', 'max_iter', 'momentum', 'n_iter_no_change', 'power_t', 'random_state', 'shuffle', 'solver', 'tol', 'validation_fraction', 'verbose'], 'data': {'activation': 'relu', 'alpha': 0.0001, 'batch_size': 'auto', 'beta_1': 0.9, 'beta_2': 0.999, 'early_stopping': False, 'epsilon': 1e-08, 'hidden_layer_sizes': [100], 'learning_rate': 'constant', 'learning_rate_init': 0.001, 'max_iter': 20, 'momentum': 0.9, 'n_iter_no_change': 10, 'power_t': 0.5, 'random_state': 456, 'shuffle': True, 'solver': 'adam', 'tol': 1e-05, 'validation_fraction': 0.1, 'verbose': False}, 'dataset': 'df_2017_downsampled.csv', 'test_size': 0.2}

Calling neural_network for 8 times!
Run Hyperparameter Tuning on neural network
[/aws/lambda/neural_network_worker] Checking for old streams...
 - Streams in group: /aws/lambda/neural_network_worker
[/aws/lambda/neural_network_worker] Deleted stream: 2019/02/11/[$LATEST]00c3ad2a652b440f9a504d0655c7e217
[/aws/lambda/neural_network_worker] Deleted stream: 2019/02/11/[$LATEST]047c21e34bca4be1b3e381ca835eba45
[/aws/lambda/neural_network_worker] Deleted stream: 2019/02/11/[$LATEST]0efdc912fac648cdbe7e116a8915f4ee
[/aws/lambda/neural_network_worker] Deleted stream: 2019/02/11/[$LATEST]18b2b712f50c4609945f6ed7e16576e7
[/aws/lambda/neural_network_worker] Deleted stream: 2019/02/11/[$LATEST]1a91d96356814a28a19e2b19600d9166
[/aws/lambda/neural_network_worker] Deleted stream: 2019/02/11/[$LATEST]41c4abd01a8e4e75836bdba8113f62e0
[/aws/lambda/neural_network_worker] Deleted stream: 2019/02/11/[$LATEST]5b4880ac9c854519875ee118ff6cc400
[/aws/lambda/neural_network_worker] Deleted stream: 2019/02/11/[$LATEST]6caaa8a3b7ab41b2bedc2d6800943b87
[/aws/lambda/neural_network_worker] Deleted stream: 2019/02/11/[$LATEST]72f6ecb52e2a40c8a4a24d7337e35f44
[/aws/lambda/neural_network_worker] Deleted stream: 2019/02/11/[$LATEST]d242637d813e4e6abe5043619b655dbd
[/aws/lambda/neural_network_worker] Deleted stream: 2019/02/11/[$LATEST]d4fe83ad06a64829b2eb9addfeb14f85
Done
=====Time Stamp======
1549852554.251365
===Async Tasks start===
===Async Tasks end===
119.3004105091095
0.8392041267501842
{'parameters': ['activation', 'alpha', 'batch_size', 'beta_1', 'beta_2', 'early_stopping', 'epsilon', 'hidden_layer_sizes', 'learning_rate', 'learning_rate_init', 'max_iter', 'momentum', 'n_iter_no_change', 'power_t', 'random_state', 'shuffle', 'solver', 'tol', 'validation_fraction', 'verbose'], 'data': {'activation': 'relu', 'alpha': 0.0001, 'batch_size': 'auto', 'beta_1': 0.9, 'beta_2': 0.999, 'early_stopping': False, 'epsilon': 1e-08, 'hidden_layer_sizes': [100], 'learning_rate': 'constant', 'learning_rate_init': 0.001, 'max_iter': 20, 'momentum': 0.9, 'n_iter_no_change': 10, 'power_t': 0.1, 'random_state': 456, 'shuffle': True, 'solver': 'adam', 'tol': 0.0001, 'validation_fraction': 0.1, 'verbose': False}, 'dataset': 'df_2017_downsampled.csv', 'test_size': 0.2}

Calling neural_network for 9 times!
Run Hyperparameter Tuning on neural network
[/aws/lambda/neural_network_worker] Checking for old streams...
 - Streams in group: /aws/lambda/neural_network_worker
[/aws/lambda/neural_network_worker] Deleted stream: 2019/02/11/[$LATEST]00c3ad2a652b440f9a504d0655c7e217
[/aws/lambda/neural_network_worker] Deleted stream: 2019/02/11/[$LATEST]047c21e34bca4be1b3e381ca835eba45
[/aws/lambda/neural_network_worker] Deleted stream: 2019/02/11/[$LATEST]0efdc912fac648cdbe7e116a8915f4ee
[/aws/lambda/neural_network_worker] Deleted stream: 2019/02/11/[$LATEST]18b2b712f50c4609945f6ed7e16576e7
[/aws/lambda/neural_network_worker] Deleted stream: 2019/02/11/[$LATEST]1a91d96356814a28a19e2b19600d9166
[/aws/lambda/neural_network_worker] Deleted stream: 2019/02/11/[$LATEST]41c4abd01a8e4e75836bdba8113f62e0
[/aws/lambda/neural_network_worker] Deleted stream: 2019/02/11/[$LATEST]5b4880ac9c854519875ee118ff6cc400
[/aws/lambda/neural_network_worker] Deleted stream: 2019/02/11/[$LATEST]6caaa8a3b7ab41b2bedc2d6800943b87
[/aws/lambda/neural_network_worker] Deleted stream: 2019/02/11/[$LATEST]72f6ecb52e2a40c8a4a24d7337e35f44
[/aws/lambda/neural_network_worker] Deleted stream: 2019/02/11/[$LATEST]d242637d813e4e6abe5043619b655dbd
[/aws/lambda/neural_network_worker] Deleted stream: 2019/02/11/[$LATEST]d4fe83ad06a64829b2eb9addfeb14f85
Done
=====Time Stamp======
1549852706.8262894
===Async Tasks start===
===Async Tasks end===
116.58622121810913
0.8392041267501842
{'parameters': ['activation', 'alpha', 'batch_size', 'beta_1', 'beta_2', 'early_stopping', 'epsilon', 'hidden_layer_sizes', 'learning_rate', 'learning_rate_init', 'max_iter', 'momentum', 'n_iter_no_change', 'power_t', 'random_state', 'shuffle', 'solver', 'tol', 'validation_fraction', 'verbose'], 'data': {'activation': 'relu', 'alpha': 0.0001, 'batch_size': 'auto', 'beta_1': 0.9, 'beta_2': 0.999, 'early_stopping': False, 'epsilon': 1e-08, 'hidden_layer_sizes': [100], 'learning_rate': 'constant', 'learning_rate_init': 0.001, 'max_iter': 20, 'momentum': 0.9, 'n_iter_no_change': 20, 'power_t': 0.1, 'random_state': 456, 'shuffle': True, 'solver': 'adam', 'tol': 1e-05, 'validation_fraction': 0.1, 'verbose': False}, 'dataset': 'df_2017_downsampled.csv', 'test_size': 0.2}

Calling neural_network for 10 times!
Run Hyperparameter Tuning on neural network
[/aws/lambda/neural_network_worker] Checking for old streams...
 - Streams in group: /aws/lambda/neural_network_worker
[/aws/lambda/neural_network_worker] Deleted stream: 2019/02/11/[$LATEST]00c3ad2a652b440f9a504d0655c7e217
[/aws/lambda/neural_network_worker] Deleted stream: 2019/02/11/[$LATEST]047c21e34bca4be1b3e381ca835eba45
[/aws/lambda/neural_network_worker] Deleted stream: 2019/02/11/[$LATEST]0efdc912fac648cdbe7e116a8915f4ee
[/aws/lambda/neural_network_worker] Deleted stream: 2019/02/11/[$LATEST]18b2b712f50c4609945f6ed7e16576e7
[/aws/lambda/neural_network_worker] Deleted stream: 2019/02/11/[$LATEST]41c4abd01a8e4e75836bdba8113f62e0
[/aws/lambda/neural_network_worker] Deleted stream: 2019/02/11/[$LATEST]5b4880ac9c854519875ee118ff6cc400
[/aws/lambda/neural_network_worker] Deleted stream: 2019/02/11/[$LATEST]6caaa8a3b7ab41b2bedc2d6800943b87
[/aws/lambda/neural_network_worker] Deleted stream: 2019/02/11/[$LATEST]72f6ecb52e2a40c8a4a24d7337e35f44
[/aws/lambda/neural_network_worker] Deleted stream: 2019/02/11/[$LATEST]d242637d813e4e6abe5043619b655dbd
[/aws/lambda/neural_network_worker] Deleted stream: 2019/02/11/[$LATEST]d4fe83ad06a64829b2eb9addfeb14f85
Done
=====Time Stamp======
1549852856.5256243
===Async Tasks start===
===Async Tasks end===
117.65086889266968
0.8375829034635225
{'parameters': ['activation', 'alpha', 'batch_size', 'beta_1', 'beta_2', 'early_stopping', 'epsilon', 'hidden_layer_sizes', 'learning_rate', 'learning_rate_init', 'max_iter', 'momentum', 'n_iter_no_change', 'power_t', 'random_state', 'shuffle', 'solver', 'tol', 'validation_fraction', 'verbose'], 'data': {'activation': 'identity', 'alpha': 0.0001, 'batch_size': 'auto', 'beta_1': 0.9, 'beta_2': 0.999, 'early_stopping': False, 'epsilon': 1e-08, 'hidden_layer_sizes': [100], 'learning_rate': 'adaptive', 'learning_rate_init': 0.001, 'max_iter': 20, 'momentum': 0.9, 'n_iter_no_change': 20, 'power_t': 0.5, 'random_state': 456, 'shuffle': True, 'solver': 'adam', 'tol': 0.0001, 'validation_fraction': 0.1, 'verbose': False}, 'dataset': 'df_2017_downsampled.csv', 'test_size': 0.2}

Calling neural_network for 11 times!
Run Hyperparameter Tuning on neural network
[/aws/lambda/neural_network_worker] Checking for old streams...
 - Streams in group: /aws/lambda/neural_network_worker
[/aws/lambda/neural_network_worker] Deleted stream: 2019/02/11/[$LATEST]00c3ad2a652b440f9a504d0655c7e217
[/aws/lambda/neural_network_worker] Deleted stream: 2019/02/11/[$LATEST]047c21e34bca4be1b3e381ca835eba45
[/aws/lambda/neural_network_worker] Deleted stream: 2019/02/11/[$LATEST]0efdc912fac648cdbe7e116a8915f4ee
[/aws/lambda/neural_network_worker] Deleted stream: 2019/02/11/[$LATEST]18b2b712f50c4609945f6ed7e16576e7
[/aws/lambda/neural_network_worker] Deleted stream: 2019/02/11/[$LATEST]41c4abd01a8e4e75836bdba8113f62e0
[/aws/lambda/neural_network_worker] Deleted stream: 2019/02/11/[$LATEST]5b4880ac9c854519875ee118ff6cc400
[/aws/lambda/neural_network_worker] Deleted stream: 2019/02/11/[$LATEST]6caaa8a3b7ab41b2bedc2d6800943b87
[/aws/lambda/neural_network_worker] Deleted stream: 2019/02/11/[$LATEST]72f6ecb52e2a40c8a4a24d7337e35f44
[/aws/lambda/neural_network_worker] Deleted stream: 2019/02/11/[$LATEST]d242637d813e4e6abe5043619b655dbd
[/aws/lambda/neural_network_worker] Deleted stream: 2019/02/11/[$LATEST]d4fe83ad06a64829b2eb9addfeb14f85
Done
=====Time Stamp======
1549853007.216717
===Async Tasks start===
===Async Tasks end===
117.07287001609802
0.8392041267501842
{'parameters': ['activation', 'alpha', 'batch_size', 'beta_1', 'beta_2', 'early_stopping', 'epsilon', 'hidden_layer_sizes', 'learning_rate', 'learning_rate_init', 'max_iter', 'momentum', 'n_iter_no_change', 'power_t', 'random_state', 'shuffle', 'solver', 'tol', 'validation_fraction', 'verbose'], 'data': {'activation': 'relu', 'alpha': 0.0001, 'batch_size': 'auto', 'beta_1': 0.9, 'beta_2': 0.999, 'early_stopping': False, 'epsilon': 1e-08, 'hidden_layer_sizes': [100], 'learning_rate': 'constant', 'learning_rate_init': 0.001, 'max_iter': 20, 'momentum': 0.9, 'n_iter_no_change': 10, 'power_t': 0.5, 'random_state': 456, 'shuffle': True, 'solver': 'adam', 'tol': 0.0001, 'validation_fraction': 0.1, 'verbose': False}, 'dataset': 'df_2017_downsampled.csv', 'test_size': 0.2}

Calling neural_network for 12 times!
Run Hyperparameter Tuning on neural network
[/aws/lambda/neural_network_worker] Checking for old streams...
 - Streams in group: /aws/lambda/neural_network_worker
[/aws/lambda/neural_network_worker] Deleted stream: 2019/02/11/[$LATEST]00c3ad2a652b440f9a504d0655c7e217
[/aws/lambda/neural_network_worker] Deleted stream: 2019/02/11/[$LATEST]047c21e34bca4be1b3e381ca835eba45
[/aws/lambda/neural_network_worker] Deleted stream: 2019/02/11/[$LATEST]0efdc912fac648cdbe7e116a8915f4ee
[/aws/lambda/neural_network_worker] Deleted stream: 2019/02/11/[$LATEST]18b2b712f50c4609945f6ed7e16576e7
[/aws/lambda/neural_network_worker] Deleted stream: 2019/02/11/[$LATEST]41c4abd01a8e4e75836bdba8113f62e0
[/aws/lambda/neural_network_worker] Deleted stream: 2019/02/11/[$LATEST]5b4880ac9c854519875ee118ff6cc400
[/aws/lambda/neural_network_worker] Deleted stream: 2019/02/11/[$LATEST]6caaa8a3b7ab41b2bedc2d6800943b87
[/aws/lambda/neural_network_worker] Deleted stream: 2019/02/11/[$LATEST]72f6ecb52e2a40c8a4a24d7337e35f44
[/aws/lambda/neural_network_worker] Deleted stream: 2019/02/11/[$LATEST]d242637d813e4e6abe5043619b655dbd
[/aws/lambda/neural_network_worker] Deleted stream: 2019/02/11/[$LATEST]d4fe83ad06a64829b2eb9addfeb14f85
Done
=====Time Stamp======
1549853157.4551945
===Async Tasks start===
===Async Tasks end===
117.97641682624817
0.8392041267501842
{'parameters': ['activation', 'alpha', 'batch_size', 'beta_1', 'beta_2', 'early_stopping', 'epsilon', 'hidden_layer_sizes', 'learning_rate', 'learning_rate_init', 'max_iter', 'momentum', 'n_iter_no_change', 'power_t', 'random_state', 'shuffle', 'solver', 'tol', 'validation_fraction', 'verbose'], 'data': {'activation': 'relu', 'alpha': 0.0001, 'batch_size': 'auto', 'beta_1': 0.9, 'beta_2': 0.999, 'early_stopping': False, 'epsilon': 1e-08, 'hidden_layer_sizes': [100], 'learning_rate': 'adaptive', 'learning_rate_init': 0.001, 'max_iter': 20, 'momentum': 0.9, 'n_iter_no_change': 20, 'power_t': 0.1, 'random_state': 456, 'shuffle': True, 'solver': 'adam', 'tol': 0.0001, 'validation_fraction': 0.1, 'verbose': False}, 'dataset': 'df_2017_downsampled.csv', 'test_size': 0.2}

Calling neural_network for 13 times!
Run Hyperparameter Tuning on neural network
[/aws/lambda/neural_network_worker] Checking for old streams...
 - Streams in group: /aws/lambda/neural_network_worker
[/aws/lambda/neural_network_worker] Deleted stream: 2019/02/11/[$LATEST]00c3ad2a652b440f9a504d0655c7e217
[/aws/lambda/neural_network_worker] Deleted stream: 2019/02/11/[$LATEST]047c21e34bca4be1b3e381ca835eba45
[/aws/lambda/neural_network_worker] Deleted stream: 2019/02/11/[$LATEST]0efdc912fac648cdbe7e116a8915f4ee
[/aws/lambda/neural_network_worker] Deleted stream: 2019/02/11/[$LATEST]18b2b712f50c4609945f6ed7e16576e7
[/aws/lambda/neural_network_worker] Deleted stream: 2019/02/11/[$LATEST]41c4abd01a8e4e75836bdba8113f62e0
[/aws/lambda/neural_network_worker] Deleted stream: 2019/02/11/[$LATEST]5b4880ac9c854519875ee118ff6cc400
[/aws/lambda/neural_network_worker] Deleted stream: 2019/02/11/[$LATEST]6caaa8a3b7ab41b2bedc2d6800943b87
[/aws/lambda/neural_network_worker] Deleted stream: 2019/02/11/[$LATEST]72f6ecb52e2a40c8a4a24d7337e35f44
[/aws/lambda/neural_network_worker] Deleted stream: 2019/02/11/[$LATEST]d242637d813e4e6abe5043619b655dbd
[/aws/lambda/neural_network_worker] Deleted stream: 2019/02/11/[$LATEST]d4fe83ad06a64829b2eb9addfeb14f85
Done
=====Time Stamp======
1549853308.6473846
===Async Tasks start===
===Async Tasks end===
118.27036023139954
0.8375829034635225
{'parameters': ['activation', 'alpha', 'batch_size', 'beta_1', 'beta_2', 'early_stopping', 'epsilon', 'hidden_layer_sizes', 'learning_rate', 'learning_rate_init', 'max_iter', 'momentum', 'n_iter_no_change', 'power_t', 'random_state', 'shuffle', 'solver', 'tol', 'validation_fraction', 'verbose'], 'data': {'activation': 'identity', 'alpha': 0.0001, 'batch_size': 'auto', 'beta_1': 0.9, 'beta_2': 0.999, 'early_stopping': False, 'epsilon': 1e-08, 'hidden_layer_sizes': [100], 'learning_rate': 'invscaling', 'learning_rate_init': 0.001, 'max_iter': 20, 'momentum': 0.9, 'n_iter_no_change': 20, 'power_t': 0.5, 'random_state': 456, 'shuffle': True, 'solver': 'adam', 'tol': 1e-05, 'validation_fraction': 0.1, 'verbose': False}, 'dataset': 'df_2017_downsampled.csv', 'test_size': 0.2}

Calling neural_network for 14 times!
Run Hyperparameter Tuning on neural network
[/aws/lambda/neural_network_worker] Checking for old streams...
 - Streams in group: /aws/lambda/neural_network_worker
[/aws/lambda/neural_network_worker] Deleted stream: 2019/02/11/[$LATEST]00c3ad2a652b440f9a504d0655c7e217
[/aws/lambda/neural_network_worker] Deleted stream: 2019/02/11/[$LATEST]047c21e34bca4be1b3e381ca835eba45
[/aws/lambda/neural_network_worker] Deleted stream: 2019/02/11/[$LATEST]0efdc912fac648cdbe7e116a8915f4ee
[/aws/lambda/neural_network_worker] Deleted stream: 2019/02/11/[$LATEST]18b2b712f50c4609945f6ed7e16576e7
[/aws/lambda/neural_network_worker] Deleted stream: 2019/02/11/[$LATEST]41c4abd01a8e4e75836bdba8113f62e0
[/aws/lambda/neural_network_worker] Deleted stream: 2019/02/11/[$LATEST]5b4880ac9c854519875ee118ff6cc400
[/aws/lambda/neural_network_worker] Deleted stream: 2019/02/11/[$LATEST]6caaa8a3b7ab41b2bedc2d6800943b87
[/aws/lambda/neural_network_worker] Deleted stream: 2019/02/11/[$LATEST]72f6ecb52e2a40c8a4a24d7337e35f44
[/aws/lambda/neural_network_worker] Deleted stream: 2019/02/11/[$LATEST]d242637d813e4e6abe5043619b655dbd
[/aws/lambda/neural_network_worker] Deleted stream: 2019/02/11/[$LATEST]d4fe83ad06a64829b2eb9addfeb14f85
Done
=====Time Stamp======
1549853460.0075364
===Async Tasks start===
Traceback (most recent call last):
  File "/home/ubuntu/Seneca/venv/lib/python3.6/site-packages/redis/connection.py", line 599, in send_packed_command
    self._sock.sendall(item)
ConnectionResetError: [Errno 104] Connection reset by peer

During handling of the above exception, another exception occurred:

Traceback (most recent call last):
  File "/home/ubuntu/Seneca/venv/bin/seneca", line 10, in <module>
    sys.exit(main())
  File "/home/ubuntu/Seneca/venv/lib/python3.6/site-packages/click/core.py", line 764, in __call__
    return self.main(*args, **kwargs)
  File "/home/ubuntu/Seneca/venv/lib/python3.6/site-packages/click/core.py", line 717, in main
    rv = self.invoke(ctx)
  File "/home/ubuntu/Seneca/venv/lib/python3.6/site-packages/click/core.py", line 956, in invoke
    return ctx.invoke(self.callback, **ctx.params)
  File "/home/ubuntu/Seneca/venv/lib/python3.6/site-packages/click/core.py", line 555, in invoke
    return callback(*args, **kwargs)
  File "/home/ubuntu/Seneca/venv/lib/python3.6/site-packages/seneca/cli.py", line 55, in main
    neural_network(config_path, run_neural_network)
  File "/home/ubuntu/Seneca/venv/lib/python3.6/site-packages/seneca/cli.py", line 86, in neural_network
    click.echo(run_neural_network.grid_search_controller(config_path))
  File "/home/ubuntu/Seneca/execs/run_neural_network.py", line 117, in grid_search_controller
    while not saved_result.ready():
  File "/home/ubuntu/Seneca/venv/lib/python3.6/site-packages/celery/result.py", line 591, in ready
    return all(result.ready() for result in self.results)
  File "/home/ubuntu/Seneca/venv/lib/python3.6/site-packages/celery/result.py", line 591, in <genexpr>
    return all(result.ready() for result in self.results)
  File "/home/ubuntu/Seneca/venv/lib/python3.6/site-packages/celery/result.py", line 311, in ready
    return self.state in self.backend.READY_STATES
  File "/home/ubuntu/Seneca/venv/lib/python3.6/site-packages/celery/result.py", line 471, in state
    return self._get_task_meta()['status']
  File "/home/ubuntu/Seneca/venv/lib/python3.6/site-packages/celery/result.py", line 410, in _get_task_meta
    return self._maybe_set_cache(self.backend.get_task_meta(self.id))
  File "/home/ubuntu/Seneca/venv/lib/python3.6/site-packages/celery/result.py", line 404, in _maybe_set_cache
    self.on_ready(self)
  File "/home/ubuntu/Seneca/venv/lib/python3.6/site-packages/vine/promises.py", line 163, in __call__
    return self.throw()
  File "/home/ubuntu/Seneca/venv/lib/python3.6/site-packages/vine/promises.py", line 223, in throw
    svpending.throw1(exc)
  File "/home/ubuntu/Seneca/venv/lib/python3.6/site-packages/vine/synchronization.py", line 94, in throw
    self.p.throw(*args, **kwargs)
  File "/home/ubuntu/Seneca/venv/lib/python3.6/site-packages/vine/promises.py", line 160, in __call__
    retval = fun(*final_args, **final_kwargs)
  File "/home/ubuntu/Seneca/venv/lib/python3.6/site-packages/celery/result.py", line 123, in _on_fulfilled
    self.backend.remove_pending_result(self)
  File "/home/ubuntu/Seneca/venv/lib/python3.6/site-packages/celery/backends/async.py", line 175, in remove_pending_result
    self.on_result_fulfilled(result)
  File "/home/ubuntu/Seneca/venv/lib/python3.6/site-packages/celery/backends/async.py", line 183, in on_result_fulfilled
    self.result_consumer.cancel_for(result.id)
  File "/home/ubuntu/Seneca/venv/lib/python3.6/site-packages/celery/backends/redis.py", line 138, in cancel_for
    self._pubsub.unsubscribe(key)
  File "/home/ubuntu/Seneca/venv/lib/python3.6/site-packages/redis/client.py", line 3112, in unsubscribe
    retval = self.execute_command('UNSUBSCRIBE', *args)
  File "/home/ubuntu/Seneca/venv/lib/python3.6/site-packages/redis/client.py", line 3009, in execute_command
    self._execute(connection, connection.send_command, *args)
  File "/home/ubuntu/Seneca/venv/lib/python3.6/site-packages/redis/client.py", line 3013, in _execute
    return command(*args)
  File "/home/ubuntu/Seneca/venv/lib/python3.6/site-packages/redis/connection.py", line 619, in send_command
    self.send_packed_command(self.pack_command(*args))
  File "/home/ubuntu/Seneca/venv/lib/python3.6/site-packages/redis/connection.py", line 612, in send_packed_command
    (errno, errmsg))
redis.exceptions.ConnectionError: Error 104 while writing to socket. Connection reset by peer.
=============Seneca==============
The specified model is neural_network
Config Path is at ./config/neural_network/config.py
Lambda Path is at ./src/lambda_func/neural_network/neural_network.py
Repeat invocation 17 times!
Calling neural_network for 1 times!
Run Hyperparameter Tuning on neural network
[/aws/lambda/neural_network_worker] Checking for old streams...
 - Streams in group: /aws/lambda/neural_network_worker
[/aws/lambda/neural_network_worker] Deleted stream: 2019/02/11/[$LATEST]00c3ad2a652b440f9a504d0655c7e217
[/aws/lambda/neural_network_worker] Deleted stream: 2019/02/11/[$LATEST]047c21e34bca4be1b3e381ca835eba45
[/aws/lambda/neural_network_worker] Deleted stream: 2019/02/11/[$LATEST]0efdc912fac648cdbe7e116a8915f4ee
[/aws/lambda/neural_network_worker] Deleted stream: 2019/02/11/[$LATEST]18b2b712f50c4609945f6ed7e16576e7
[/aws/lambda/neural_network_worker] Deleted stream: 2019/02/11/[$LATEST]41c4abd01a8e4e75836bdba8113f62e0
[/aws/lambda/neural_network_worker] Deleted stream: 2019/02/11/[$LATEST]5b4880ac9c854519875ee118ff6cc400
[/aws/lambda/neural_network_worker] Deleted stream: 2019/02/11/[$LATEST]6caaa8a3b7ab41b2bedc2d6800943b87
[/aws/lambda/neural_network_worker] Deleted stream: 2019/02/11/[$LATEST]72f6ecb52e2a40c8a4a24d7337e35f44
[/aws/lambda/neural_network_worker] Deleted stream: 2019/02/11/[$LATEST]d242637d813e4e6abe5043619b655dbd
[/aws/lambda/neural_network_worker] Deleted stream: 2019/02/11/[$LATEST]d4fe83ad06a64829b2eb9addfeb14f85
Done
=====Time Stamp======
1549855077.4040382
===Async Tasks start===
===Async Tasks end===
126.0816388130188
0.8392041267501842
{'parameters': ['activation', 'alpha', 'batch_size', 'beta_1', 'beta_2', 'early_stopping', 'epsilon', 'hidden_layer_sizes', 'learning_rate', 'learning_rate_init', 'max_iter', 'momentum', 'n_iter_no_change', 'power_t', 'random_state', 'shuffle', 'solver', 'tol', 'validation_fraction', 'verbose'], 'data': {'activation': 'relu', 'alpha': 0.0001, 'batch_size': 'auto', 'beta_1': 0.9, 'beta_2': 0.999, 'early_stopping': False, 'epsilon': 1e-08, 'hidden_layer_sizes': [100], 'learning_rate': 'constant', 'learning_rate_init': 0.001, 'max_iter': 20, 'momentum': 0.9, 'n_iter_no_change': 10, 'power_t': 0.5, 'random_state': 456, 'shuffle': True, 'solver': 'adam', 'tol': 1e-05, 'validation_fraction': 0.1, 'verbose': False}, 'dataset': 'df_2017_downsampled.csv', 'test_size': 0.2}

Calling neural_network for 2 times!
Run Hyperparameter Tuning on neural network
[/aws/lambda/neural_network_worker] Checking for old streams...
 - Streams in group: /aws/lambda/neural_network_worker
[/aws/lambda/neural_network_worker] Deleted stream: 2019/02/11/[$LATEST]047c21e34bca4be1b3e381ca835eba45
[/aws/lambda/neural_network_worker] Deleted stream: 2019/02/11/[$LATEST]2c075d81d1a64e00a4281c16e1c711d0
[/aws/lambda/neural_network_worker] Deleted stream: 2019/02/11/[$LATEST]5ebf325c4f9b4a068f4ac9e800eef091
[/aws/lambda/neural_network_worker] Deleted stream: 2019/02/11/[$LATEST]60cc30828dce41f6a19c3930ced48b96
[/aws/lambda/neural_network_worker] Deleted stream: 2019/02/11/[$LATEST]6bd2395d47c640bd9f2030a336631ea9
[/aws/lambda/neural_network_worker] Deleted stream: 2019/02/11/[$LATEST]766dd210a6e84a1896223b71a0bee11b
[/aws/lambda/neural_network_worker] Deleted stream: 2019/02/11/[$LATEST]7d82397165644565b9d1f8d53b0c1536
[/aws/lambda/neural_network_worker] Deleted stream: 2019/02/11/[$LATEST]842b76ca16f240db94e1113e58b2bf23
[/aws/lambda/neural_network_worker] Deleted stream: 2019/02/11/[$LATEST]9163cda9aa5540048ec6048f3673909a
[/aws/lambda/neural_network_worker] Deleted stream: 2019/02/11/[$LATEST]d224473cc08c45e8b313e6b1ea8e03f6
Done
=====Time Stamp======
1549855236.6707294
===Async Tasks start===
===Async Tasks end===
122.99457359313965
0.8392041267501842
{'parameters': ['activation', 'alpha', 'batch_size', 'beta_1', 'beta_2', 'early_stopping', 'epsilon', 'hidden_layer_sizes', 'learning_rate', 'learning_rate_init', 'max_iter', 'momentum', 'n_iter_no_change', 'power_t', 'random_state', 'shuffle', 'solver', 'tol', 'validation_fraction', 'verbose'], 'data': {'activation': 'relu', 'alpha': 0.0001, 'batch_size': 'auto', 'beta_1': 0.9, 'beta_2': 0.999, 'early_stopping': False, 'epsilon': 1e-08, 'hidden_layer_sizes': [100], 'learning_rate': 'constant', 'learning_rate_init': 0.001, 'max_iter': 20, 'momentum': 0.9, 'n_iter_no_change': 10, 'power_t': 0.1, 'random_state': 456, 'shuffle': True, 'solver': 'adam', 'tol': 1e-05, 'validation_fraction': 0.1, 'verbose': False}, 'dataset': 'df_2017_downsampled.csv', 'test_size': 0.2}

Calling neural_network for 3 times!
Run Hyperparameter Tuning on neural network
[/aws/lambda/neural_network_worker] Checking for old streams...
 - Streams in group: /aws/lambda/neural_network_worker
[/aws/lambda/neural_network_worker] Deleted stream: 2019/02/11/[$LATEST]047c21e34bca4be1b3e381ca835eba45
[/aws/lambda/neural_network_worker] Deleted stream: 2019/02/11/[$LATEST]2c075d81d1a64e00a4281c16e1c711d0
[/aws/lambda/neural_network_worker] Deleted stream: 2019/02/11/[$LATEST]5ebf325c4f9b4a068f4ac9e800eef091
[/aws/lambda/neural_network_worker] Deleted stream: 2019/02/11/[$LATEST]60cc30828dce41f6a19c3930ced48b96
[/aws/lambda/neural_network_worker] Deleted stream: 2019/02/11/[$LATEST]6bd2395d47c640bd9f2030a336631ea9
[/aws/lambda/neural_network_worker] Deleted stream: 2019/02/11/[$LATEST]766dd210a6e84a1896223b71a0bee11b
[/aws/lambda/neural_network_worker] Deleted stream: 2019/02/11/[$LATEST]7d82397165644565b9d1f8d53b0c1536
[/aws/lambda/neural_network_worker] Deleted stream: 2019/02/11/[$LATEST]842b76ca16f240db94e1113e58b2bf23
[/aws/lambda/neural_network_worker] Deleted stream: 2019/02/11/[$LATEST]9163cda9aa5540048ec6048f3673909a
[/aws/lambda/neural_network_worker] Deleted stream: 2019/02/11/[$LATEST]d224473cc08c45e8b313e6b1ea8e03f6
Done
=====Time Stamp======
1549855393.0787594
===Async Tasks start===
===Async Tasks end===
126.7377769947052
0.8392041267501842
{'parameters': ['activation', 'alpha', 'batch_size', 'beta_1', 'beta_2', 'early_stopping', 'epsilon', 'hidden_layer_sizes', 'learning_rate', 'learning_rate_init', 'max_iter', 'momentum', 'n_iter_no_change', 'power_t', 'random_state', 'shuffle', 'solver', 'tol', 'validation_fraction', 'verbose'], 'data': {'activation': 'relu', 'alpha': 0.0001, 'batch_size': 'auto', 'beta_1': 0.9, 'beta_2': 0.999, 'early_stopping': False, 'epsilon': 1e-08, 'hidden_layer_sizes': [100], 'learning_rate': 'constant', 'learning_rate_init': 0.001, 'max_iter': 20, 'momentum': 0.9, 'n_iter_no_change': 10, 'power_t': 0.1, 'random_state': 456, 'shuffle': True, 'solver': 'adam', 'tol': 0.0001, 'validation_fraction': 0.1, 'verbose': False}, 'dataset': 'df_2017_downsampled.csv', 'test_size': 0.2}

Calling neural_network for 4 times!
Run Hyperparameter Tuning on neural network
[/aws/lambda/neural_network_worker] Checking for old streams...
 - Streams in group: /aws/lambda/neural_network_worker
[/aws/lambda/neural_network_worker] Deleted stream: 2019/02/11/[$LATEST]047c21e34bca4be1b3e381ca835eba45
[/aws/lambda/neural_network_worker] Deleted stream: 2019/02/11/[$LATEST]2c075d81d1a64e00a4281c16e1c711d0
[/aws/lambda/neural_network_worker] Deleted stream: 2019/02/11/[$LATEST]5ebf325c4f9b4a068f4ac9e800eef091
[/aws/lambda/neural_network_worker] Deleted stream: 2019/02/11/[$LATEST]60cc30828dce41f6a19c3930ced48b96
[/aws/lambda/neural_network_worker] Deleted stream: 2019/02/11/[$LATEST]6bd2395d47c640bd9f2030a336631ea9
[/aws/lambda/neural_network_worker] Deleted stream: 2019/02/11/[$LATEST]766dd210a6e84a1896223b71a0bee11b
[/aws/lambda/neural_network_worker] Deleted stream: 2019/02/11/[$LATEST]7d82397165644565b9d1f8d53b0c1536
[/aws/lambda/neural_network_worker] Deleted stream: 2019/02/11/[$LATEST]842b76ca16f240db94e1113e58b2bf23
[/aws/lambda/neural_network_worker] Deleted stream: 2019/02/11/[$LATEST]9163cda9aa5540048ec6048f3673909a
[/aws/lambda/neural_network_worker] Deleted stream: 2019/02/11/[$LATEST]d224473cc08c45e8b313e6b1ea8e03f6
Done
=====Time Stamp======
1549855552.805532
===Async Tasks start===
===Async Tasks end===
123.48694157600403
0.8392041267501842
{'parameters': ['activation', 'alpha', 'batch_size', 'beta_1', 'beta_2', 'early_stopping', 'epsilon', 'hidden_layer_sizes', 'learning_rate', 'learning_rate_init', 'max_iter', 'momentum', 'n_iter_no_change', 'power_t', 'random_state', 'shuffle', 'solver', 'tol', 'validation_fraction', 'verbose'], 'data': {'activation': 'relu', 'alpha': 0.0001, 'batch_size': 'auto', 'beta_1': 0.9, 'beta_2': 0.999, 'early_stopping': False, 'epsilon': 1e-08, 'hidden_layer_sizes': [100], 'learning_rate': 'constant', 'learning_rate_init': 0.001, 'max_iter': 20, 'momentum': 0.9, 'n_iter_no_change': 10, 'power_t': 0.1, 'random_state': 456, 'shuffle': True, 'solver': 'adam', 'tol': 1e-05, 'validation_fraction': 0.1, 'verbose': False}, 'dataset': 'df_2017_downsampled.csv', 'test_size': 0.2}

Calling neural_network for 5 times!
Run Hyperparameter Tuning on neural network
[/aws/lambda/neural_network_worker] Checking for old streams...
 - Streams in group: /aws/lambda/neural_network_worker
[/aws/lambda/neural_network_worker] Deleted stream: 2019/02/11/[$LATEST]047c21e34bca4be1b3e381ca835eba45
[/aws/lambda/neural_network_worker] Deleted stream: 2019/02/11/[$LATEST]2c075d81d1a64e00a4281c16e1c711d0
[/aws/lambda/neural_network_worker] Deleted stream: 2019/02/11/[$LATEST]5ebf325c4f9b4a068f4ac9e800eef091
[/aws/lambda/neural_network_worker] Deleted stream: 2019/02/11/[$LATEST]60cc30828dce41f6a19c3930ced48b96
[/aws/lambda/neural_network_worker] Deleted stream: 2019/02/11/[$LATEST]6bd2395d47c640bd9f2030a336631ea9
[/aws/lambda/neural_network_worker] Deleted stream: 2019/02/11/[$LATEST]766dd210a6e84a1896223b71a0bee11b
[/aws/lambda/neural_network_worker] Deleted stream: 2019/02/11/[$LATEST]7d82397165644565b9d1f8d53b0c1536
[/aws/lambda/neural_network_worker] Deleted stream: 2019/02/11/[$LATEST]842b76ca16f240db94e1113e58b2bf23
[/aws/lambda/neural_network_worker] Deleted stream: 2019/02/11/[$LATEST]9163cda9aa5540048ec6048f3673909a
[/aws/lambda/neural_network_worker] Deleted stream: 2019/02/11/[$LATEST]d224473cc08c45e8b313e6b1ea8e03f6
Done
=====Time Stamp======
1549855709.208821
===Async Tasks start===
===Async Tasks end===
123.55699467658997
0.8392041267501842
{'parameters': ['activation', 'alpha', 'batch_size', 'beta_1', 'beta_2', 'early_stopping', 'epsilon', 'hidden_layer_sizes', 'learning_rate', 'learning_rate_init', 'max_iter', 'momentum', 'n_iter_no_change', 'power_t', 'random_state', 'shuffle', 'solver', 'tol', 'validation_fraction', 'verbose'], 'data': {'activation': 'relu', 'alpha': 0.0001, 'batch_size': 'auto', 'beta_1': 0.9, 'beta_2': 0.999, 'early_stopping': False, 'epsilon': 1e-08, 'hidden_layer_sizes': [100], 'learning_rate': 'constant', 'learning_rate_init': 0.001, 'max_iter': 20, 'momentum': 0.9, 'n_iter_no_change': 20, 'power_t': 0.5, 'random_state': 456, 'shuffle': True, 'solver': 'adam', 'tol': 0.0001, 'validation_fraction': 0.1, 'verbose': False}, 'dataset': 'df_2017_downsampled.csv', 'test_size': 0.2}

Calling neural_network for 6 times!
Run Hyperparameter Tuning on neural network
[/aws/lambda/neural_network_worker] Checking for old streams...
 - Streams in group: /aws/lambda/neural_network_worker
[/aws/lambda/neural_network_worker] Deleted stream: 2019/02/11/[$LATEST]047c21e34bca4be1b3e381ca835eba45
[/aws/lambda/neural_network_worker] Deleted stream: 2019/02/11/[$LATEST]2c075d81d1a64e00a4281c16e1c711d0
[/aws/lambda/neural_network_worker] Deleted stream: 2019/02/11/[$LATEST]5ebf325c4f9b4a068f4ac9e800eef091
[/aws/lambda/neural_network_worker] Deleted stream: 2019/02/11/[$LATEST]60cc30828dce41f6a19c3930ced48b96
[/aws/lambda/neural_network_worker] Deleted stream: 2019/02/11/[$LATEST]6bd2395d47c640bd9f2030a336631ea9
[/aws/lambda/neural_network_worker] Deleted stream: 2019/02/11/[$LATEST]766dd210a6e84a1896223b71a0bee11b
[/aws/lambda/neural_network_worker] Deleted stream: 2019/02/11/[$LATEST]7d82397165644565b9d1f8d53b0c1536
[/aws/lambda/neural_network_worker] Deleted stream: 2019/02/11/[$LATEST]842b76ca16f240db94e1113e58b2bf23
[/aws/lambda/neural_network_worker] Deleted stream: 2019/02/11/[$LATEST]9163cda9aa5540048ec6048f3673909a
[/aws/lambda/neural_network_worker] Deleted stream: 2019/02/11/[$LATEST]d224473cc08c45e8b313e6b1ea8e03f6
Done
=====Time Stamp======
1549855865.7864344
===Async Tasks start===
===Async Tasks end===
121.69913268089294
0.8392041267501842
{'parameters': ['activation', 'alpha', 'batch_size', 'beta_1', 'beta_2', 'early_stopping', 'epsilon', 'hidden_layer_sizes', 'learning_rate', 'learning_rate_init', 'max_iter', 'momentum', 'n_iter_no_change', 'power_t', 'random_state', 'shuffle', 'solver', 'tol', 'validation_fraction', 'verbose'], 'data': {'activation': 'relu', 'alpha': 0.0001, 'batch_size': 'auto', 'beta_1': 0.9, 'beta_2': 0.999, 'early_stopping': False, 'epsilon': 1e-08, 'hidden_layer_sizes': [100], 'learning_rate': 'constant', 'learning_rate_init': 0.001, 'max_iter': 20, 'momentum': 0.9, 'n_iter_no_change': 10, 'power_t': 0.1, 'random_state': 456, 'shuffle': True, 'solver': 'adam', 'tol': 1e-05, 'validation_fraction': 0.1, 'verbose': False}, 'dataset': 'df_2017_downsampled.csv', 'test_size': 0.2}

Calling neural_network for 7 times!
Run Hyperparameter Tuning on neural network
[/aws/lambda/neural_network_worker] Checking for old streams...
 - Streams in group: /aws/lambda/neural_network_worker
[/aws/lambda/neural_network_worker] Deleted stream: 2019/02/11/[$LATEST]047c21e34bca4be1b3e381ca835eba45
[/aws/lambda/neural_network_worker] Deleted stream: 2019/02/11/[$LATEST]2c075d81d1a64e00a4281c16e1c711d0
[/aws/lambda/neural_network_worker] Deleted stream: 2019/02/11/[$LATEST]5ebf325c4f9b4a068f4ac9e800eef091
[/aws/lambda/neural_network_worker] Deleted stream: 2019/02/11/[$LATEST]60cc30828dce41f6a19c3930ced48b96
[/aws/lambda/neural_network_worker] Deleted stream: 2019/02/11/[$LATEST]6bd2395d47c640bd9f2030a336631ea9
[/aws/lambda/neural_network_worker] Deleted stream: 2019/02/11/[$LATEST]766dd210a6e84a1896223b71a0bee11b
[/aws/lambda/neural_network_worker] Deleted stream: 2019/02/11/[$LATEST]7d82397165644565b9d1f8d53b0c1536
[/aws/lambda/neural_network_worker] Deleted stream: 2019/02/11/[$LATEST]842b76ca16f240db94e1113e58b2bf23
[/aws/lambda/neural_network_worker] Deleted stream: 2019/02/11/[$LATEST]9163cda9aa5540048ec6048f3673909a
[/aws/lambda/neural_network_worker] Deleted stream: 2019/02/11/[$LATEST]d224473cc08c45e8b313e6b1ea8e03f6
Done
=====Time Stamp======
1549856020.4871619
===Async Tasks start===
===Async Tasks end===
123.80704379081726
0.8392041267501842
{'parameters': ['activation', 'alpha', 'batch_size', 'beta_1', 'beta_2', 'early_stopping', 'epsilon', 'hidden_layer_sizes', 'learning_rate', 'learning_rate_init', 'max_iter', 'momentum', 'n_iter_no_change', 'power_t', 'random_state', 'shuffle', 'solver', 'tol', 'validation_fraction', 'verbose'], 'data': {'activation': 'relu', 'alpha': 0.0001, 'batch_size': 'auto', 'beta_1': 0.9, 'beta_2': 0.999, 'early_stopping': False, 'epsilon': 1e-08, 'hidden_layer_sizes': [100], 'learning_rate': 'constant', 'learning_rate_init': 0.001, 'max_iter': 20, 'momentum': 0.9, 'n_iter_no_change': 20, 'power_t': 0.1, 'random_state': 456, 'shuffle': True, 'solver': 'adam', 'tol': 0.0001, 'validation_fraction': 0.1, 'verbose': False}, 'dataset': 'df_2017_downsampled.csv', 'test_size': 0.2}

Calling neural_network for 8 times!
Run Hyperparameter Tuning on neural network
[/aws/lambda/neural_network_worker] Checking for old streams...
 - Streams in group: /aws/lambda/neural_network_worker
[/aws/lambda/neural_network_worker] Deleted stream: 2019/02/11/[$LATEST]047c21e34bca4be1b3e381ca835eba45
[/aws/lambda/neural_network_worker] Deleted stream: 2019/02/11/[$LATEST]2c075d81d1a64e00a4281c16e1c711d0
[/aws/lambda/neural_network_worker] Deleted stream: 2019/02/11/[$LATEST]5ebf325c4f9b4a068f4ac9e800eef091
[/aws/lambda/neural_network_worker] Deleted stream: 2019/02/11/[$LATEST]60cc30828dce41f6a19c3930ced48b96
[/aws/lambda/neural_network_worker] Deleted stream: 2019/02/11/[$LATEST]6bd2395d47c640bd9f2030a336631ea9
[/aws/lambda/neural_network_worker] Deleted stream: 2019/02/11/[$LATEST]766dd210a6e84a1896223b71a0bee11b
[/aws/lambda/neural_network_worker] Deleted stream: 2019/02/11/[$LATEST]7d82397165644565b9d1f8d53b0c1536
[/aws/lambda/neural_network_worker] Deleted stream: 2019/02/11/[$LATEST]842b76ca16f240db94e1113e58b2bf23
[/aws/lambda/neural_network_worker] Deleted stream: 2019/02/11/[$LATEST]9163cda9aa5540048ec6048f3673909a
[/aws/lambda/neural_network_worker] Deleted stream: 2019/02/11/[$LATEST]d224473cc08c45e8b313e6b1ea8e03f6
Done
=====Time Stamp======
1549856177.4938679
===Async Tasks start===
===Async Tasks end===
121.62340688705444
0.8392041267501842
{'parameters': ['activation', 'alpha', 'batch_size', 'beta_1', 'beta_2', 'early_stopping', 'epsilon', 'hidden_layer_sizes', 'learning_rate', 'learning_rate_init', 'max_iter', 'momentum', 'n_iter_no_change', 'power_t', 'random_state', 'shuffle', 'solver', 'tol', 'validation_fraction', 'verbose'], 'data': {'activation': 'relu', 'alpha': 0.0001, 'batch_size': 'auto', 'beta_1': 0.9, 'beta_2': 0.999, 'early_stopping': False, 'epsilon': 1e-08, 'hidden_layer_sizes': [100], 'learning_rate': 'constant', 'learning_rate_init': 0.001, 'max_iter': 20, 'momentum': 0.9, 'n_iter_no_change': 10, 'power_t': 0.5, 'random_state': 456, 'shuffle': True, 'solver': 'adam', 'tol': 0.0001, 'validation_fraction': 0.1, 'verbose': False}, 'dataset': 'df_2017_downsampled.csv', 'test_size': 0.2}

Calling neural_network for 9 times!
Run Hyperparameter Tuning on neural network
[/aws/lambda/neural_network_worker] Checking for old streams...
 - Streams in group: /aws/lambda/neural_network_worker
[/aws/lambda/neural_network_worker] Deleted stream: 2019/02/11/[$LATEST]047c21e34bca4be1b3e381ca835eba45
[/aws/lambda/neural_network_worker] Deleted stream: 2019/02/11/[$LATEST]2c075d81d1a64e00a4281c16e1c711d0
[/aws/lambda/neural_network_worker] Deleted stream: 2019/02/11/[$LATEST]5ebf325c4f9b4a068f4ac9e800eef091
[/aws/lambda/neural_network_worker] Deleted stream: 2019/02/11/[$LATEST]60cc30828dce41f6a19c3930ced48b96
[/aws/lambda/neural_network_worker] Deleted stream: 2019/02/11/[$LATEST]6bd2395d47c640bd9f2030a336631ea9
[/aws/lambda/neural_network_worker] Deleted stream: 2019/02/11/[$LATEST]766dd210a6e84a1896223b71a0bee11b
[/aws/lambda/neural_network_worker] Deleted stream: 2019/02/11/[$LATEST]7d82397165644565b9d1f8d53b0c1536
[/aws/lambda/neural_network_worker] Deleted stream: 2019/02/11/[$LATEST]842b76ca16f240db94e1113e58b2bf23
[/aws/lambda/neural_network_worker] Deleted stream: 2019/02/11/[$LATEST]9163cda9aa5540048ec6048f3673909a
[/aws/lambda/neural_network_worker] Deleted stream: 2019/02/11/[$LATEST]d224473cc08c45e8b313e6b1ea8e03f6
Done
=====Time Stamp======
1549856341.3474565
===Async Tasks start===
===Async Tasks end===
122.54180192947388
0.8392041267501842
{'parameters': ['activation', 'alpha', 'batch_size', 'beta_1', 'beta_2', 'early_stopping', 'epsilon', 'hidden_layer_sizes', 'learning_rate', 'learning_rate_init', 'max_iter', 'momentum', 'n_iter_no_change', 'power_t', 'random_state', 'shuffle', 'solver', 'tol', 'validation_fraction', 'verbose'], 'data': {'activation': 'relu', 'alpha': 0.0001, 'batch_size': 'auto', 'beta_1': 0.9, 'beta_2': 0.999, 'early_stopping': False, 'epsilon': 1e-08, 'hidden_layer_sizes': [100], 'learning_rate': 'constant', 'learning_rate_init': 0.001, 'max_iter': 20, 'momentum': 0.9, 'n_iter_no_change': 20, 'power_t': 0.1, 'random_state': 456, 'shuffle': True, 'solver': 'adam', 'tol': 0.0001, 'validation_fraction': 0.1, 'verbose': False}, 'dataset': 'df_2017_downsampled.csv', 'test_size': 0.2}

Calling neural_network for 10 times!
Run Hyperparameter Tuning on neural network
[/aws/lambda/neural_network_worker] Checking for old streams...
 - Streams in group: /aws/lambda/neural_network_worker
[/aws/lambda/neural_network_worker] Deleted stream: 2019/02/11/[$LATEST]047c21e34bca4be1b3e381ca835eba45
[/aws/lambda/neural_network_worker] Deleted stream: 2019/02/11/[$LATEST]2c075d81d1a64e00a4281c16e1c711d0
[/aws/lambda/neural_network_worker] Deleted stream: 2019/02/11/[$LATEST]5ebf325c4f9b4a068f4ac9e800eef091
[/aws/lambda/neural_network_worker] Deleted stream: 2019/02/11/[$LATEST]60cc30828dce41f6a19c3930ced48b96
[/aws/lambda/neural_network_worker] Deleted stream: 2019/02/11/[$LATEST]6bd2395d47c640bd9f2030a336631ea9
[/aws/lambda/neural_network_worker] Deleted stream: 2019/02/11/[$LATEST]766dd210a6e84a1896223b71a0bee11b
[/aws/lambda/neural_network_worker] Deleted stream: 2019/02/11/[$LATEST]7d82397165644565b9d1f8d53b0c1536
[/aws/lambda/neural_network_worker] Deleted stream: 2019/02/11/[$LATEST]842b76ca16f240db94e1113e58b2bf23
[/aws/lambda/neural_network_worker] Deleted stream: 2019/02/11/[$LATEST]9163cda9aa5540048ec6048f3673909a
[/aws/lambda/neural_network_worker] Deleted stream: 2019/02/11/[$LATEST]d224473cc08c45e8b313e6b1ea8e03f6
Done
=====Time Stamp======
1549856496.95302
===Async Tasks start===
===Async Tasks end===
122.87468099594116
0.8392041267501842
{'parameters': ['activation', 'alpha', 'batch_size', 'beta_1', 'beta_2', 'early_stopping', 'epsilon', 'hidden_layer_sizes', 'learning_rate', 'learning_rate_init', 'max_iter', 'momentum', 'n_iter_no_change', 'power_t', 'random_state', 'shuffle', 'solver', 'tol', 'validation_fraction', 'verbose'], 'data': {'activation': 'relu', 'alpha': 0.0001, 'batch_size': 'auto', 'beta_1': 0.9, 'beta_2': 0.999, 'early_stopping': False, 'epsilon': 1e-08, 'hidden_layer_sizes': [100], 'learning_rate': 'constant', 'learning_rate_init': 0.001, 'max_iter': 20, 'momentum': 0.9, 'n_iter_no_change': 10, 'power_t': 0.1, 'random_state': 456, 'shuffle': True, 'solver': 'adam', 'tol': 0.0001, 'validation_fraction': 0.1, 'verbose': False}, 'dataset': 'df_2017_downsampled.csv', 'test_size': 0.2}

Calling neural_network for 11 times!
Run Hyperparameter Tuning on neural network
[/aws/lambda/neural_network_worker] Checking for old streams...
 - Streams in group: /aws/lambda/neural_network_worker
[/aws/lambda/neural_network_worker] Deleted stream: 2019/02/11/[$LATEST]047c21e34bca4be1b3e381ca835eba45
[/aws/lambda/neural_network_worker] Deleted stream: 2019/02/11/[$LATEST]2c075d81d1a64e00a4281c16e1c711d0
[/aws/lambda/neural_network_worker] Deleted stream: 2019/02/11/[$LATEST]5ebf325c4f9b4a068f4ac9e800eef091
[/aws/lambda/neural_network_worker] Deleted stream: 2019/02/11/[$LATEST]60cc30828dce41f6a19c3930ced48b96
[/aws/lambda/neural_network_worker] Deleted stream: 2019/02/11/[$LATEST]6bd2395d47c640bd9f2030a336631ea9
[/aws/lambda/neural_network_worker] Deleted stream: 2019/02/11/[$LATEST]766dd210a6e84a1896223b71a0bee11b
[/aws/lambda/neural_network_worker] Deleted stream: 2019/02/11/[$LATEST]7d82397165644565b9d1f8d53b0c1536
[/aws/lambda/neural_network_worker] Deleted stream: 2019/02/11/[$LATEST]842b76ca16f240db94e1113e58b2bf23
[/aws/lambda/neural_network_worker] Deleted stream: 2019/02/11/[$LATEST]9163cda9aa5540048ec6048f3673909a
[/aws/lambda/neural_network_worker] Deleted stream: 2019/02/11/[$LATEST]d224473cc08c45e8b313e6b1ea8e03f6
Done
=====Time Stamp======
1549856656.177857
===Async Tasks start===
===Async Tasks end===
123.78785181045532
0.8392041267501842
{'parameters': ['activation', 'alpha', 'batch_size', 'beta_1', 'beta_2', 'early_stopping', 'epsilon', 'hidden_layer_sizes', 'learning_rate', 'learning_rate_init', 'max_iter', 'momentum', 'n_iter_no_change', 'power_t', 'random_state', 'shuffle', 'solver', 'tol', 'validation_fraction', 'verbose'], 'data': {'activation': 'relu', 'alpha': 0.0001, 'batch_size': 'auto', 'beta_1': 0.9, 'beta_2': 0.999, 'early_stopping': False, 'epsilon': 1e-08, 'hidden_layer_sizes': [100], 'learning_rate': 'constant', 'learning_rate_init': 0.001, 'max_iter': 20, 'momentum': 0.9, 'n_iter_no_change': 10, 'power_t': 0.1, 'random_state': 456, 'shuffle': True, 'solver': 'adam', 'tol': 0.0001, 'validation_fraction': 0.1, 'verbose': False}, 'dataset': 'df_2017_downsampled.csv', 'test_size': 0.2}

Calling neural_network for 12 times!
Run Hyperparameter Tuning on neural network
[/aws/lambda/neural_network_worker] Checking for old streams...
 - Streams in group: /aws/lambda/neural_network_worker
[/aws/lambda/neural_network_worker] Deleted stream: 2019/02/11/[$LATEST]047c21e34bca4be1b3e381ca835eba45
[/aws/lambda/neural_network_worker] Deleted stream: 2019/02/11/[$LATEST]2c075d81d1a64e00a4281c16e1c711d0
[/aws/lambda/neural_network_worker] Deleted stream: 2019/02/11/[$LATEST]5ebf325c4f9b4a068f4ac9e800eef091
[/aws/lambda/neural_network_worker] Deleted stream: 2019/02/11/[$LATEST]60cc30828dce41f6a19c3930ced48b96
[/aws/lambda/neural_network_worker] Deleted stream: 2019/02/11/[$LATEST]6bd2395d47c640bd9f2030a336631ea9
[/aws/lambda/neural_network_worker] Deleted stream: 2019/02/11/[$LATEST]766dd210a6e84a1896223b71a0bee11b
[/aws/lambda/neural_network_worker] Deleted stream: 2019/02/11/[$LATEST]7d82397165644565b9d1f8d53b0c1536
[/aws/lambda/neural_network_worker] Deleted stream: 2019/02/11/[$LATEST]842b76ca16f240db94e1113e58b2bf23
[/aws/lambda/neural_network_worker] Deleted stream: 2019/02/11/[$LATEST]9163cda9aa5540048ec6048f3673909a
[/aws/lambda/neural_network_worker] Deleted stream: 2019/02/11/[$LATEST]d224473cc08c45e8b313e6b1ea8e03f6
Done
=====Time Stamp======
1549856813.0641196
===Async Tasks start===
===Async Tasks end===
122.49859976768494
0.8392041267501842
{'parameters': ['activation', 'alpha', 'batch_size', 'beta_1', 'beta_2', 'early_stopping', 'epsilon', 'hidden_layer_sizes', 'learning_rate', 'learning_rate_init', 'max_iter', 'momentum', 'n_iter_no_change', 'power_t', 'random_state', 'shuffle', 'solver', 'tol', 'validation_fraction', 'verbose'], 'data': {'activation': 'relu', 'alpha': 0.0001, 'batch_size': 'auto', 'beta_1': 0.9, 'beta_2': 0.999, 'early_stopping': False, 'epsilon': 1e-08, 'hidden_layer_sizes': [100], 'learning_rate': 'constant', 'learning_rate_init': 0.001, 'max_iter': 20, 'momentum': 0.9, 'n_iter_no_change': 10, 'power_t': 0.5, 'random_state': 456, 'shuffle': True, 'solver': 'adam', 'tol': 1e-05, 'validation_fraction': 0.1, 'verbose': False}, 'dataset': 'df_2017_downsampled.csv', 'test_size': 0.2}

Calling neural_network for 13 times!
Run Hyperparameter Tuning on neural network
[/aws/lambda/neural_network_worker] Checking for old streams...
 - Streams in group: /aws/lambda/neural_network_worker
[/aws/lambda/neural_network_worker] Deleted stream: 2019/02/11/[$LATEST]047c21e34bca4be1b3e381ca835eba45
[/aws/lambda/neural_network_worker] Deleted stream: 2019/02/11/[$LATEST]2c075d81d1a64e00a4281c16e1c711d0
[/aws/lambda/neural_network_worker] Deleted stream: 2019/02/11/[$LATEST]5ebf325c4f9b4a068f4ac9e800eef091
[/aws/lambda/neural_network_worker] Deleted stream: 2019/02/11/[$LATEST]60cc30828dce41f6a19c3930ced48b96
[/aws/lambda/neural_network_worker] Deleted stream: 2019/02/11/[$LATEST]6bd2395d47c640bd9f2030a336631ea9
[/aws/lambda/neural_network_worker] Deleted stream: 2019/02/11/[$LATEST]766dd210a6e84a1896223b71a0bee11b
[/aws/lambda/neural_network_worker] Deleted stream: 2019/02/11/[$LATEST]7d82397165644565b9d1f8d53b0c1536
[/aws/lambda/neural_network_worker] Deleted stream: 2019/02/11/[$LATEST]842b76ca16f240db94e1113e58b2bf23
[/aws/lambda/neural_network_worker] Deleted stream: 2019/02/11/[$LATEST]9163cda9aa5540048ec6048f3673909a
[/aws/lambda/neural_network_worker] Deleted stream: 2019/02/11/[$LATEST]d224473cc08c45e8b313e6b1ea8e03f6
Done
=====Time Stamp======
1549856968.8185732
===Async Tasks start===
===Async Tasks end===
123.871830701828
0.8392041267501842
{'parameters': ['activation', 'alpha', 'batch_size', 'beta_1', 'beta_2', 'early_stopping', 'epsilon', 'hidden_layer_sizes', 'learning_rate', 'learning_rate_init', 'max_iter', 'momentum', 'n_iter_no_change', 'power_t', 'random_state', 'shuffle', 'solver', 'tol', 'validation_fraction', 'verbose'], 'data': {'activation': 'relu', 'alpha': 0.0001, 'batch_size': 'auto', 'beta_1': 0.9, 'beta_2': 0.999, 'early_stopping': False, 'epsilon': 1e-08, 'hidden_layer_sizes': [100], 'learning_rate': 'invscaling', 'learning_rate_init': 0.001, 'max_iter': 20, 'momentum': 0.9, 'n_iter_no_change': 20, 'power_t': 0.5, 'random_state': 456, 'shuffle': True, 'solver': 'adam', 'tol': 1e-05, 'validation_fraction': 0.1, 'verbose': False}, 'dataset': 'df_2017_downsampled.csv', 'test_size': 0.2}

Calling neural_network for 14 times!
Run Hyperparameter Tuning on neural network
[/aws/lambda/neural_network_worker] Checking for old streams...
 - Streams in group: /aws/lambda/neural_network_worker
[/aws/lambda/neural_network_worker] Deleted stream: 2019/02/11/[$LATEST]047c21e34bca4be1b3e381ca835eba45
[/aws/lambda/neural_network_worker] Deleted stream: 2019/02/11/[$LATEST]2c075d81d1a64e00a4281c16e1c711d0
[/aws/lambda/neural_network_worker] Deleted stream: 2019/02/11/[$LATEST]5ebf325c4f9b4a068f4ac9e800eef091
[/aws/lambda/neural_network_worker] Deleted stream: 2019/02/11/[$LATEST]60cc30828dce41f6a19c3930ced48b96
[/aws/lambda/neural_network_worker] Deleted stream: 2019/02/11/[$LATEST]6bd2395d47c640bd9f2030a336631ea9
[/aws/lambda/neural_network_worker] Deleted stream: 2019/02/11/[$LATEST]766dd210a6e84a1896223b71a0bee11b
[/aws/lambda/neural_network_worker] Deleted stream: 2019/02/11/[$LATEST]7d82397165644565b9d1f8d53b0c1536
[/aws/lambda/neural_network_worker] Deleted stream: 2019/02/11/[$LATEST]842b76ca16f240db94e1113e58b2bf23
[/aws/lambda/neural_network_worker] Deleted stream: 2019/02/11/[$LATEST]9163cda9aa5540048ec6048f3673909a
[/aws/lambda/neural_network_worker] Deleted stream: 2019/02/11/[$LATEST]d224473cc08c45e8b313e6b1ea8e03f6
Done
=====Time Stamp======
1549857125.7981126
===Async Tasks start===
Traceback (most recent call last):
  File "/home/ubuntu/Seneca/venv/lib/python3.6/site-packages/redis/connection.py", line 599, in send_packed_command
    self._sock.sendall(item)
ConnectionResetError: [Errno 104] Connection reset by peer

During handling of the above exception, another exception occurred:

Traceback (most recent call last):
  File "/home/ubuntu/Seneca/venv/bin/seneca", line 10, in <module>
    sys.exit(main())
  File "/home/ubuntu/Seneca/venv/lib/python3.6/site-packages/click/core.py", line 764, in __call__
    return self.main(*args, **kwargs)
  File "/home/ubuntu/Seneca/venv/lib/python3.6/site-packages/click/core.py", line 717, in main
    rv = self.invoke(ctx)
  File "/home/ubuntu/Seneca/venv/lib/python3.6/site-packages/click/core.py", line 956, in invoke
    return ctx.invoke(self.callback, **ctx.params)
  File "/home/ubuntu/Seneca/venv/lib/python3.6/site-packages/click/core.py", line 555, in invoke
    return callback(*args, **kwargs)
  File "/home/ubuntu/Seneca/venv/lib/python3.6/site-packages/seneca/cli.py", line 55, in main
    neural_network(config_path, run_neural_network)
  File "/home/ubuntu/Seneca/venv/lib/python3.6/site-packages/seneca/cli.py", line 86, in neural_network
    click.echo(run_neural_network.grid_search_controller(config_path))
  File "/home/ubuntu/Seneca/execs/run_neural_network.py", line 117, in grid_search_controller
    while not saved_result.ready():
  File "/home/ubuntu/Seneca/venv/lib/python3.6/site-packages/celery/result.py", line 591, in ready
    return all(result.ready() for result in self.results)
  File "/home/ubuntu/Seneca/venv/lib/python3.6/site-packages/celery/result.py", line 591, in <genexpr>
    return all(result.ready() for result in self.results)
  File "/home/ubuntu/Seneca/venv/lib/python3.6/site-packages/celery/result.py", line 311, in ready
    return self.state in self.backend.READY_STATES
  File "/home/ubuntu/Seneca/venv/lib/python3.6/site-packages/celery/result.py", line 471, in state
    return self._get_task_meta()['status']
  File "/home/ubuntu/Seneca/venv/lib/python3.6/site-packages/celery/result.py", line 410, in _get_task_meta
    return self._maybe_set_cache(self.backend.get_task_meta(self.id))
  File "/home/ubuntu/Seneca/venv/lib/python3.6/site-packages/celery/result.py", line 404, in _maybe_set_cache
    self.on_ready(self)
  File "/home/ubuntu/Seneca/venv/lib/python3.6/site-packages/vine/promises.py", line 163, in __call__
    return self.throw()
  File "/home/ubuntu/Seneca/venv/lib/python3.6/site-packages/vine/promises.py", line 223, in throw
    svpending.throw1(exc)
  File "/home/ubuntu/Seneca/venv/lib/python3.6/site-packages/vine/synchronization.py", line 94, in throw
    self.p.throw(*args, **kwargs)
  File "/home/ubuntu/Seneca/venv/lib/python3.6/site-packages/vine/promises.py", line 160, in __call__
    retval = fun(*final_args, **final_kwargs)
  File "/home/ubuntu/Seneca/venv/lib/python3.6/site-packages/celery/result.py", line 123, in _on_fulfilled
    self.backend.remove_pending_result(self)
  File "/home/ubuntu/Seneca/venv/lib/python3.6/site-packages/celery/backends/async.py", line 175, in remove_pending_result
    self.on_result_fulfilled(result)
  File "/home/ubuntu/Seneca/venv/lib/python3.6/site-packages/celery/backends/async.py", line 183, in on_result_fulfilled
    self.result_consumer.cancel_for(result.id)
  File "/home/ubuntu/Seneca/venv/lib/python3.6/site-packages/celery/backends/redis.py", line 138, in cancel_for
    self._pubsub.unsubscribe(key)
  File "/home/ubuntu/Seneca/venv/lib/python3.6/site-packages/redis/client.py", line 3112, in unsubscribe
    retval = self.execute_command('UNSUBSCRIBE', *args)
  File "/home/ubuntu/Seneca/venv/lib/python3.6/site-packages/redis/client.py", line 3009, in execute_command
    self._execute(connection, connection.send_command, *args)
  File "/home/ubuntu/Seneca/venv/lib/python3.6/site-packages/redis/client.py", line 3013, in _execute
    return command(*args)
  File "/home/ubuntu/Seneca/venv/lib/python3.6/site-packages/redis/connection.py", line 619, in send_command
    self.send_packed_command(self.pack_command(*args))
  File "/home/ubuntu/Seneca/venv/lib/python3.6/site-packages/redis/connection.py", line 612, in send_packed_command
    (errno, errmsg))
redis.exceptions.ConnectionError: Error 104 while writing to socket. Connection reset by peer.

worker: Warm shutdown (MainProcess)
 
 -------------- celery@ip-172-31-29-184 v4.2.1 (windowlicker)
---- **** ----- 
--- * ***  * -- Linux-4.15.0-1023-aws-x86_64-with-Ubuntu-18.04-bionic 2019-02-11 03:17:11
-- * - **** --- 
- ** ---------- [config]
- ** ---------- .> app:         proj:0x7f9dff48d780
- ** ---------- .> transport:   amqp://myuser:**@localhost:5672/myvhost
- ** ---------- .> results:     redis://localhost/
- *** --- * --- .> concurrency: 10 (prefork)
-- ******* ---- .> task events: OFF (enable -E to monitor tasks in this worker)
--- ***** ----- 
 -------------- [queues]
                .> celery           exchange=celery(direct) key=celery
                

=============Seneca==============
The specified model is neural_network
Config Path is at ./config/neural_network/config.py
Lambda Path is at ./src/lambda_func/neural_network/neural_network.py
Repeat invocation 4 times!
Calling neural_network for 1 times!
Run Hyperparameter Tuning on neural network
[/aws/lambda/neural_network_worker] Checking for old streams...
 - Streams in group: /aws/lambda/neural_network_worker
[/aws/lambda/neural_network_worker] Deleted stream: 2019/02/11/[$LATEST]047c21e34bca4be1b3e381ca835eba45
[/aws/lambda/neural_network_worker] Deleted stream: 2019/02/11/[$LATEST]2c075d81d1a64e00a4281c16e1c711d0
[/aws/lambda/neural_network_worker] Deleted stream: 2019/02/11/[$LATEST]5ebf325c4f9b4a068f4ac9e800eef091
[/aws/lambda/neural_network_worker] Deleted stream: 2019/02/11/[$LATEST]60cc30828dce41f6a19c3930ced48b96
[/aws/lambda/neural_network_worker] Deleted stream: 2019/02/11/[$LATEST]6bd2395d47c640bd9f2030a336631ea9
[/aws/lambda/neural_network_worker] Deleted stream: 2019/02/11/[$LATEST]766dd210a6e84a1896223b71a0bee11b
[/aws/lambda/neural_network_worker] Deleted stream: 2019/02/11/[$LATEST]7d82397165644565b9d1f8d53b0c1536
[/aws/lambda/neural_network_worker] Deleted stream: 2019/02/11/[$LATEST]842b76ca16f240db94e1113e58b2bf23
[/aws/lambda/neural_network_worker] Deleted stream: 2019/02/11/[$LATEST]9163cda9aa5540048ec6048f3673909a
[/aws/lambda/neural_network_worker] Deleted stream: 2019/02/11/[$LATEST]d224473cc08c45e8b313e6b1ea8e03f6
Done
=====Time Stamp======
1549857518.512481
===Async Tasks start===
===Async Tasks end===
122.2607216835022
0.8392041267501842
{'parameters': ['activation', 'alpha', 'batch_size', 'beta_1', 'beta_2', 'early_stopping', 'epsilon', 'hidden_layer_sizes', 'learning_rate', 'learning_rate_init', 'max_iter', 'momentum', 'n_iter_no_change', 'power_t', 'random_state', 'shuffle', 'solver', 'tol', 'validation_fraction', 'verbose'], 'data': {'activation': 'relu', 'alpha': 0.0001, 'batch_size': 'auto', 'beta_1': 0.9, 'beta_2': 0.999, 'early_stopping': False, 'epsilon': 1e-08, 'hidden_layer_sizes': [100], 'learning_rate': 'invscaling', 'learning_rate_init': 0.001, 'max_iter': 20, 'momentum': 0.9, 'n_iter_no_change': 10, 'power_t': 0.1, 'random_state': 456, 'shuffle': True, 'solver': 'adam', 'tol': 0.0001, 'validation_fraction': 0.1, 'verbose': False}, 'dataset': 'df_2017_downsampled.csv', 'test_size': 0.2}

Calling neural_network for 2 times!
Run Hyperparameter Tuning on neural network
[/aws/lambda/neural_network_worker] Checking for old streams...
 - Streams in group: /aws/lambda/neural_network_worker
[/aws/lambda/neural_network_worker] Deleted stream: 2019/02/11/[$LATEST]047c21e34bca4be1b3e381ca835eba45
[/aws/lambda/neural_network_worker] Deleted stream: 2019/02/11/[$LATEST]2c075d81d1a64e00a4281c16e1c711d0
[/aws/lambda/neural_network_worker] Deleted stream: 2019/02/11/[$LATEST]5ebf325c4f9b4a068f4ac9e800eef091
[/aws/lambda/neural_network_worker] Deleted stream: 2019/02/11/[$LATEST]60cc30828dce41f6a19c3930ced48b96
[/aws/lambda/neural_network_worker] Deleted stream: 2019/02/11/[$LATEST]6bd2395d47c640bd9f2030a336631ea9
[/aws/lambda/neural_network_worker] Deleted stream: 2019/02/11/[$LATEST]766dd210a6e84a1896223b71a0bee11b
[/aws/lambda/neural_network_worker] Deleted stream: 2019/02/11/[$LATEST]7d82397165644565b9d1f8d53b0c1536
[/aws/lambda/neural_network_worker] Deleted stream: 2019/02/11/[$LATEST]842b76ca16f240db94e1113e58b2bf23
[/aws/lambda/neural_network_worker] Deleted stream: 2019/02/11/[$LATEST]9163cda9aa5540048ec6048f3673909a
[/aws/lambda/neural_network_worker] Deleted stream: 2019/02/11/[$LATEST]d224473cc08c45e8b313e6b1ea8e03f6
Done
=====Time Stamp======
1549857673.8405344
===Async Tasks start===
===Async Tasks end===
124.0240912437439
0.8392041267501842
{'parameters': ['activation', 'alpha', 'batch_size', 'beta_1', 'beta_2', 'early_stopping', 'epsilon', 'hidden_layer_sizes', 'learning_rate', 'learning_rate_init', 'max_iter', 'momentum', 'n_iter_no_change', 'power_t', 'random_state', 'shuffle', 'solver', 'tol', 'validation_fraction', 'verbose'], 'data': {'activation': 'relu', 'alpha': 0.0001, 'batch_size': 'auto', 'beta_1': 0.9, 'beta_2': 0.999, 'early_stopping': False, 'epsilon': 1e-08, 'hidden_layer_sizes': [100], 'learning_rate': 'adaptive', 'learning_rate_init': 0.001, 'max_iter': 20, 'momentum': 0.9, 'n_iter_no_change': 10, 'power_t': 0.1, 'random_state': 456, 'shuffle': True, 'solver': 'adam', 'tol': 1e-05, 'validation_fraction': 0.1, 'verbose': False}, 'dataset': 'df_2017_downsampled.csv', 'test_size': 0.2}

Calling neural_network for 3 times!
Run Hyperparameter Tuning on neural network
[/aws/lambda/neural_network_worker] Checking for old streams...
 - Streams in group: /aws/lambda/neural_network_worker
[/aws/lambda/neural_network_worker] Deleted stream: 2019/02/11/[$LATEST]047c21e34bca4be1b3e381ca835eba45
[/aws/lambda/neural_network_worker] Deleted stream: 2019/02/11/[$LATEST]2c075d81d1a64e00a4281c16e1c711d0
[/aws/lambda/neural_network_worker] Deleted stream: 2019/02/11/[$LATEST]5ebf325c4f9b4a068f4ac9e800eef091
[/aws/lambda/neural_network_worker] Deleted stream: 2019/02/11/[$LATEST]60cc30828dce41f6a19c3930ced48b96
[/aws/lambda/neural_network_worker] Deleted stream: 2019/02/11/[$LATEST]6bd2395d47c640bd9f2030a336631ea9
[/aws/lambda/neural_network_worker] Deleted stream: 2019/02/11/[$LATEST]766dd210a6e84a1896223b71a0bee11b
[/aws/lambda/neural_network_worker] Deleted stream: 2019/02/11/[$LATEST]7d82397165644565b9d1f8d53b0c1536
[/aws/lambda/neural_network_worker] Deleted stream: 2019/02/11/[$LATEST]842b76ca16f240db94e1113e58b2bf23
[/aws/lambda/neural_network_worker] Deleted stream: 2019/02/11/[$LATEST]9163cda9aa5540048ec6048f3673909a
[/aws/lambda/neural_network_worker] Deleted stream: 2019/02/11/[$LATEST]d224473cc08c45e8b313e6b1ea8e03f6
Done
=====Time Stamp======
1549857831.0213099
===Async Tasks start===
===Async Tasks end===
124.48589253425598
0.8392041267501842
{'parameters': ['activation', 'alpha', 'batch_size', 'beta_1', 'beta_2', 'early_stopping', 'epsilon', 'hidden_layer_sizes', 'learning_rate', 'learning_rate_init', 'max_iter', 'momentum', 'n_iter_no_change', 'power_t', 'random_state', 'shuffle', 'solver', 'tol', 'validation_fraction', 'verbose'], 'data': {'activation': 'relu', 'alpha': 0.0001, 'batch_size': 'auto', 'beta_1': 0.9, 'beta_2': 0.999, 'early_stopping': False, 'epsilon': 1e-08, 'hidden_layer_sizes': [100], 'learning_rate': 'constant', 'learning_rate_init': 0.001, 'max_iter': 20, 'momentum': 0.9, 'n_iter_no_change': 20, 'power_t': 0.1, 'random_state': 456, 'shuffle': True, 'solver': 'adam', 'tol': 0.0001, 'validation_fraction': 0.1, 'verbose': False}, 'dataset': 'df_2017_downsampled.csv', 'test_size': 0.2}

Calling neural_network for 4 times!
Run Hyperparameter Tuning on neural network
[/aws/lambda/neural_network_worker] Checking for old streams...
 - Streams in group: /aws/lambda/neural_network_worker
[/aws/lambda/neural_network_worker] Deleted stream: 2019/02/11/[$LATEST]047c21e34bca4be1b3e381ca835eba45
[/aws/lambda/neural_network_worker] Deleted stream: 2019/02/11/[$LATEST]2c075d81d1a64e00a4281c16e1c711d0
[/aws/lambda/neural_network_worker] Deleted stream: 2019/02/11/[$LATEST]5ebf325c4f9b4a068f4ac9e800eef091
[/aws/lambda/neural_network_worker] Deleted stream: 2019/02/11/[$LATEST]60cc30828dce41f6a19c3930ced48b96
[/aws/lambda/neural_network_worker] Deleted stream: 2019/02/11/[$LATEST]6bd2395d47c640bd9f2030a336631ea9
[/aws/lambda/neural_network_worker] Deleted stream: 2019/02/11/[$LATEST]766dd210a6e84a1896223b71a0bee11b
[/aws/lambda/neural_network_worker] Deleted stream: 2019/02/11/[$LATEST]7d82397165644565b9d1f8d53b0c1536
[/aws/lambda/neural_network_worker] Deleted stream: 2019/02/11/[$LATEST]842b76ca16f240db94e1113e58b2bf23
[/aws/lambda/neural_network_worker] Deleted stream: 2019/02/11/[$LATEST]9163cda9aa5540048ec6048f3673909a
[/aws/lambda/neural_network_worker] Deleted stream: 2019/02/11/[$LATEST]d224473cc08c45e8b313e6b1ea8e03f6
Done
=====Time Stamp======
1549857988.6629763
===Async Tasks start===
===Async Tasks end===
122.87133264541626
0.8392041267501842
{'parameters': ['activation', 'alpha', 'batch_size', 'beta_1', 'beta_2', 'early_stopping', 'epsilon', 'hidden_layer_sizes', 'learning_rate', 'learning_rate_init', 'max_iter', 'momentum', 'n_iter_no_change', 'power_t', 'random_state', 'shuffle', 'solver', 'tol', 'validation_fraction', 'verbose'], 'data': {'activation': 'relu', 'alpha': 0.0001, 'batch_size': 'auto', 'beta_1': 0.9, 'beta_2': 0.999, 'early_stopping': False, 'epsilon': 1e-08, 'hidden_layer_sizes': [100], 'learning_rate': 'constant', 'learning_rate_init': 0.001, 'max_iter': 20, 'momentum': 0.9, 'n_iter_no_change': 10, 'power_t': 0.1, 'random_state': 456, 'shuffle': True, 'solver': 'adam', 'tol': 0.0001, 'validation_fraction': 0.1, 'verbose': False}, 'dataset': 'df_2017_downsampled.csv', 'test_size': 0.2}

