=============Seneca==============
<<<<<<< HEAD
The specified model is XGBoost
Config Path is at ./config/xgboost/config.py
Lambda Path is at ./src/lambda_func/xgboost/xgboost.py
Repeat invocation 1 times!
Calling XGBoost for 1 times!
Run Hyperparameter Tuning on XGBoost
[/aws/lambda/XGBoost_worker] Checking for old streams...
 - Streams in group: /aws/lambda/XGBoost_worker
[/aws/lambda/XGBoost_worker] Deleted stream: 2019/02/10/[$LATEST]0f327464739e4e5e8e493b345a12a763
[/aws/lambda/XGBoost_worker] Deleted stream: 2019/02/10/[$LATEST]4ad61689da424834bbfbbfc510e5f315
[/aws/lambda/XGBoost_worker] Deleted stream: 2019/02/10/[$LATEST]ad065b21baba43ed8d8a497f3798ddd2
[/aws/lambda/XGBoost_worker] Deleted stream: 2019/02/10/[$LATEST]bdd9feea5aec4b409a94225620940ece
[/aws/lambda/XGBoost_worker] Deleted stream: 2019/02/10/[$LATEST]c4b87177bd8342f5b5f566f437977b43
[/aws/lambda/XGBoost_worker] Deleted stream: 2019/02/10/[$LATEST]c6f3580782ed4bcbbd164fb4c362fd90
[/aws/lambda/XGBoost_worker] Deleted stream: 2019/02/10/[$LATEST]cbf6b867bdde4938a13bb6f68ec56e4a
[/aws/lambda/XGBoost_worker] Deleted stream: 2019/02/10/[$LATEST]cd201478bc074e15885977486f970b76
[/aws/lambda/XGBoost_worker] Deleted stream: 2019/02/10/[$LATEST]ec3f9fd3f65d48178cb1a46549dcdb8e
[/aws/lambda/XGBoost_worker] Deleted stream: 2019/02/10/[$LATEST]f1be2842364b4a7d8c4313615921839c
[/aws/lambda/XGBoost_worker] Deleted stream: 2019/02/10/[$LATEST]f89db803a17641db9eed6e00aa7dd2e4
Done
=====Time Stamp======
1549829172.9339027
===Async Tasks start===
===Async Tasks end===
1251.187249660492
0.06497307498400583
{'parameters': ['base_score', 'booster', 'gamma', 'learning_rate', 'max_delta_step', 'max_depth', 'min_child_weight', 'n_estimators', 'n_jobs', 'objective', 'random_state', 'scale_pos_weight'], 'data': {'base_score': 10, 'booster': 'dart', 'gamma': 0, 'learning_rate': 0.1, 'max_delta_step': 0, 'max_depth': 4, 'min_child_weight': 0.1, 'n_estimators': 400, 'n_jobs': 1, 'objective': 'reg:linear', 'random_state': 123, 'scale_pos_weight': 1}, 'dataset': 'df_2017_downsampled.csv', 'test_size': 0.2}
=======
The specified model is multi_regression
Config Path is at ./config/multi_regression/config.py
Lambda Path is at ./src/lambda_func/multi_regression/multi_regression.py
Repeat invocation 1 times!
Calling multi_regression for 1 times!
Run Hyperparameter Tuning on Multivariate Regression
[/aws/lambda/multi_regression_worker] Checking for old streams...
 - Streams in group: /aws/lambda/multi_regression_worker
[/aws/lambda/multi_regression_worker] Deleted stream: 2019/02/10/[$LATEST]10698973bc5946b4ab1ce4f21326aaae
[/aws/lambda/multi_regression_worker] Deleted stream: 2019/02/10/[$LATEST]514c427a6b294310992c099bc36babbc
[/aws/lambda/multi_regression_worker] Deleted stream: 2019/02/10/[$LATEST]5dcc1bb6b04e4bcca622f1e62e23db84
[/aws/lambda/multi_regression_worker] Deleted stream: 2019/02/10/[$LATEST]656a89572df4425189c387ff69e428bc
[/aws/lambda/multi_regression_worker] Deleted stream: 2019/02/10/[$LATEST]66e9b18d4fb04da592ee8a7cc11ce526
[/aws/lambda/multi_regression_worker] Deleted stream: 2019/02/10/[$LATEST]82f2bf8e8ceb4a54977c88a7b068eee8
[/aws/lambda/multi_regression_worker] Deleted stream: 2019/02/10/[$LATEST]880c15f6b919450798f3b4f0be35cb89
[/aws/lambda/multi_regression_worker] Deleted stream: 2019/02/10/[$LATEST]9aeda8b5d39f4a1a98de1527758349fa
[/aws/lambda/multi_regression_worker] Deleted stream: 2019/02/10/[$LATEST]9c4b463d6c494bcaa51f5fbc882a91a1
[/aws/lambda/multi_regression_worker] Deleted stream: 2019/02/10/[$LATEST]de95fc62c6d84f1b9b0b0fcb929d6b96
[/aws/lambda/multi_regression_worker] Deleted stream: 2019/02/10/[$LATEST]dfe0e3beca6e4f31bcd21f499fee044e
Done
=====Time Stamp======
1549828810.2539752
===Async Tasks start===
===Async Tasks end===
161.7280683517456
{'target_file': 'pizero_02_dht.csv', 'variable_files': '["pizero_02.csv", "pizero_02_2.csv", "pizero_06.csv"]'}

>>>>>>> c0f5b24e058adf5f1f052964842f08cf0887941a
