=============Seneca==============
The specified model is multi_regression
Config Path is at ./config/multi_regression/config.py
Lambda Path is at ./src/lambda_func/multi_regression/multi_regression.py
Repeat invocation 30 times!
Calling multi_regression for 1 times!
Run Hyperparameter Tuning on Multivariate Regression
[/aws/lambda/multi_regression_worker] Checking for old streams...
 - Streams in group: /aws/lambda/multi_regression_worker
[/aws/lambda/multi_regression_worker] Deleted stream: 2019/02/10/[$LATEST]10698973bc5946b4ab1ce4f21326aaae
[/aws/lambda/multi_regression_worker] Deleted stream: 2019/02/10/[$LATEST]2545735079654bca813816974b24f12d
[/aws/lambda/multi_regression_worker] Deleted stream: 2019/02/10/[$LATEST]514c427a6b294310992c099bc36babbc
[/aws/lambda/multi_regression_worker] Deleted stream: 2019/02/10/[$LATEST]5dcc1bb6b04e4bcca622f1e62e23db84
[/aws/lambda/multi_regression_worker] Deleted stream: 2019/02/10/[$LATEST]656a89572df4425189c387ff69e428bc
[/aws/lambda/multi_regression_worker] Deleted stream: 2019/02/10/[$LATEST]82f2bf8e8ceb4a54977c88a7b068eee8
[/aws/lambda/multi_regression_worker] Deleted stream: 2019/02/10/[$LATEST]880c15f6b919450798f3b4f0be35cb89
[/aws/lambda/multi_regression_worker] Deleted stream: 2019/02/10/[$LATEST]9aeda8b5d39f4a1a98de1527758349fa
[/aws/lambda/multi_regression_worker] Deleted stream: 2019/02/10/[$LATEST]9c4b463d6c494bcaa51f5fbc882a91a1
[/aws/lambda/multi_regression_worker] Deleted stream: 2019/02/10/[$LATEST]e29771dba341451fa364812575fa9940
Done
=====Time Stamp======
1549760961.248087
===Async Tasks start===
===Async Tasks end===
148.08102130889893
{'target_file': 'pizero_02_dht.csv', 'variable_files': '["pizero_02.csv", "pizero_02_2.csv", "pizero_06.csv"]'}

Calling multi_regression for 2 times!
Run Hyperparameter Tuning on Multivariate Regression
[/aws/lambda/multi_regression_worker] Checking for old streams...
 - Streams in group: /aws/lambda/multi_regression_worker
[/aws/lambda/multi_regression_worker] Deleted stream: 2019/02/10/[$LATEST]10698973bc5946b4ab1ce4f21326aaae
[/aws/lambda/multi_regression_worker] Deleted stream: 2019/02/10/[$LATEST]2545735079654bca813816974b24f12d
[/aws/lambda/multi_regression_worker] Deleted stream: 2019/02/10/[$LATEST]514c427a6b294310992c099bc36babbc
[/aws/lambda/multi_regression_worker] Deleted stream: 2019/02/10/[$LATEST]5dcc1bb6b04e4bcca622f1e62e23db84
[/aws/lambda/multi_regression_worker] Deleted stream: 2019/02/10/[$LATEST]656a89572df4425189c387ff69e428bc
[/aws/lambda/multi_regression_worker] Deleted stream: 2019/02/10/[$LATEST]82f2bf8e8ceb4a54977c88a7b068eee8
[/aws/lambda/multi_regression_worker] Deleted stream: 2019/02/10/[$LATEST]880c15f6b919450798f3b4f0be35cb89
[/aws/lambda/multi_regression_worker] Deleted stream: 2019/02/10/[$LATEST]9aeda8b5d39f4a1a98de1527758349fa
[/aws/lambda/multi_regression_worker] Deleted stream: 2019/02/10/[$LATEST]9c4b463d6c494bcaa51f5fbc882a91a1
[/aws/lambda/multi_regression_worker] Deleted stream: 2019/02/10/[$LATEST]e29771dba341451fa364812575fa9940
Done
=====Time Stamp======
1549761142.03631
===Async Tasks start===
===Async Tasks end===
148.8408489227295
{'target_file': 'pizero_02_dht.csv', 'variable_files': '["pizero_02.csv", "pizero_02_2.csv", "pizero_06.csv"]'}

Calling multi_regression for 3 times!
Run Hyperparameter Tuning on Multivariate Regression
[/aws/lambda/multi_regression_worker] Checking for old streams...
 - Streams in group: /aws/lambda/multi_regression_worker
[/aws/lambda/multi_regression_worker] Deleted stream: 2019/02/10/[$LATEST]10698973bc5946b4ab1ce4f21326aaae
[/aws/lambda/multi_regression_worker] Deleted stream: 2019/02/10/[$LATEST]2545735079654bca813816974b24f12d
[/aws/lambda/multi_regression_worker] Deleted stream: 2019/02/10/[$LATEST]514c427a6b294310992c099bc36babbc
[/aws/lambda/multi_regression_worker] Deleted stream: 2019/02/10/[$LATEST]5dcc1bb6b04e4bcca622f1e62e23db84
[/aws/lambda/multi_regression_worker] Deleted stream: 2019/02/10/[$LATEST]656a89572df4425189c387ff69e428bc
[/aws/lambda/multi_regression_worker] Deleted stream: 2019/02/10/[$LATEST]82f2bf8e8ceb4a54977c88a7b068eee8
[/aws/lambda/multi_regression_worker] Deleted stream: 2019/02/10/[$LATEST]880c15f6b919450798f3b4f0be35cb89
[/aws/lambda/multi_regression_worker] Deleted stream: 2019/02/10/[$LATEST]9aeda8b5d39f4a1a98de1527758349fa
[/aws/lambda/multi_regression_worker] Deleted stream: 2019/02/10/[$LATEST]9c4b463d6c494bcaa51f5fbc882a91a1
[/aws/lambda/multi_regression_worker] Deleted stream: 2019/02/10/[$LATEST]dfe0e3beca6e4f31bcd21f499fee044e
[/aws/lambda/multi_regression_worker] Deleted stream: 2019/02/10/[$LATEST]e29771dba341451fa364812575fa9940
Done
=====Time Stamp======
1549761323.9193418
===Async Tasks start===
===Async Tasks end===
152.58595204353333
{'target_file': 'pizero_02_dht.csv', 'variable_files': '["pizero_02.csv", "pizero_02_2.csv", "pizero_06.csv"]'}

Calling multi_regression for 4 times!
Run Hyperparameter Tuning on Multivariate Regression
[/aws/lambda/multi_regression_worker] Checking for old streams...
 - Streams in group: /aws/lambda/multi_regression_worker
[/aws/lambda/multi_regression_worker] Deleted stream: 2019/02/10/[$LATEST]10698973bc5946b4ab1ce4f21326aaae
[/aws/lambda/multi_regression_worker] Deleted stream: 2019/02/10/[$LATEST]514c427a6b294310992c099bc36babbc
[/aws/lambda/multi_regression_worker] Deleted stream: 2019/02/10/[$LATEST]5dcc1bb6b04e4bcca622f1e62e23db84
[/aws/lambda/multi_regression_worker] Deleted stream: 2019/02/10/[$LATEST]656a89572df4425189c387ff69e428bc
[/aws/lambda/multi_regression_worker] Deleted stream: 2019/02/10/[$LATEST]82f2bf8e8ceb4a54977c88a7b068eee8
[/aws/lambda/multi_regression_worker] Deleted stream: 2019/02/10/[$LATEST]880c15f6b919450798f3b4f0be35cb89
[/aws/lambda/multi_regression_worker] Deleted stream: 2019/02/10/[$LATEST]9aeda8b5d39f4a1a98de1527758349fa
[/aws/lambda/multi_regression_worker] Deleted stream: 2019/02/10/[$LATEST]9c4b463d6c494bcaa51f5fbc882a91a1
[/aws/lambda/multi_regression_worker] Deleted stream: 2019/02/10/[$LATEST]dfe0e3beca6e4f31bcd21f499fee044e
[/aws/lambda/multi_regression_worker] Deleted stream: 2019/02/10/[$LATEST]e29771dba341451fa364812575fa9940
Done
=====Time Stamp======
1549761509.4231296
===Async Tasks start===
===Async Tasks end===
150.34122824668884
{'target_file': 'pizero_02_dht.csv', 'variable_files': '["pizero_02.csv", "pizero_02_2.csv", "pizero_06.csv"]'}

Calling multi_regression for 5 times!
Run Hyperparameter Tuning on Multivariate Regression
[/aws/lambda/multi_regression_worker] Checking for old streams...
 - Streams in group: /aws/lambda/multi_regression_worker
[/aws/lambda/multi_regression_worker] Deleted stream: 2019/02/10/[$LATEST]10698973bc5946b4ab1ce4f21326aaae
[/aws/lambda/multi_regression_worker] Deleted stream: 2019/02/10/[$LATEST]514c427a6b294310992c099bc36babbc
[/aws/lambda/multi_regression_worker] Deleted stream: 2019/02/10/[$LATEST]5dcc1bb6b04e4bcca622f1e62e23db84
[/aws/lambda/multi_regression_worker] Deleted stream: 2019/02/10/[$LATEST]656a89572df4425189c387ff69e428bc
[/aws/lambda/multi_regression_worker] Deleted stream: 2019/02/10/[$LATEST]82f2bf8e8ceb4a54977c88a7b068eee8
[/aws/lambda/multi_regression_worker] Deleted stream: 2019/02/10/[$LATEST]880c15f6b919450798f3b4f0be35cb89
[/aws/lambda/multi_regression_worker] Deleted stream: 2019/02/10/[$LATEST]9aeda8b5d39f4a1a98de1527758349fa
[/aws/lambda/multi_regression_worker] Deleted stream: 2019/02/10/[$LATEST]9c4b463d6c494bcaa51f5fbc882a91a1
[/aws/lambda/multi_regression_worker] Deleted stream: 2019/02/10/[$LATEST]dfe0e3beca6e4f31bcd21f499fee044e
[/aws/lambda/multi_regression_worker] Deleted stream: 2019/02/10/[$LATEST]e29771dba341451fa364812575fa9940
Done
=====Time Stamp======
1549761692.5482914
===Async Tasks start===
===Async Tasks end===
151.14689087867737
{'target_file': 'pizero_02_dht.csv', 'variable_files': '["pizero_02.csv", "pizero_02_2.csv", "pizero_06.csv"]'}

Calling multi_regression for 6 times!
Run Hyperparameter Tuning on Multivariate Regression
[/aws/lambda/multi_regression_worker] Checking for old streams...
 - Streams in group: /aws/lambda/multi_regression_worker
[/aws/lambda/multi_regression_worker] Deleted stream: 2019/02/10/[$LATEST]10698973bc5946b4ab1ce4f21326aaae
[/aws/lambda/multi_regression_worker] Deleted stream: 2019/02/10/[$LATEST]514c427a6b294310992c099bc36babbc
[/aws/lambda/multi_regression_worker] Deleted stream: 2019/02/10/[$LATEST]5dcc1bb6b04e4bcca622f1e62e23db84
[/aws/lambda/multi_regression_worker] Deleted stream: 2019/02/10/[$LATEST]656a89572df4425189c387ff69e428bc
[/aws/lambda/multi_regression_worker] Deleted stream: 2019/02/10/[$LATEST]82f2bf8e8ceb4a54977c88a7b068eee8
[/aws/lambda/multi_regression_worker] Deleted stream: 2019/02/10/[$LATEST]880c15f6b919450798f3b4f0be35cb89
[/aws/lambda/multi_regression_worker] Deleted stream: 2019/02/10/[$LATEST]9aeda8b5d39f4a1a98de1527758349fa
[/aws/lambda/multi_regression_worker] Deleted stream: 2019/02/10/[$LATEST]9c4b463d6c494bcaa51f5fbc882a91a1
[/aws/lambda/multi_regression_worker] Deleted stream: 2019/02/10/[$LATEST]dfe0e3beca6e4f31bcd21f499fee044e
[/aws/lambda/multi_regression_worker] Deleted stream: 2019/02/10/[$LATEST]e29771dba341451fa364812575fa9940
Done
=====Time Stamp======
1549761876.677172
===Async Tasks start===
===Async Tasks end===
150.55717372894287
{'target_file': 'pizero_02_dht.csv', 'variable_files': '["pizero_02.csv", "pizero_02_2.csv", "pizero_06.csv"]'}

Calling multi_regression for 7 times!
Run Hyperparameter Tuning on Multivariate Regression
[/aws/lambda/multi_regression_worker] Checking for old streams...
 - Streams in group: /aws/lambda/multi_regression_worker
[/aws/lambda/multi_regression_worker] Deleted stream: 2019/02/10/[$LATEST]10698973bc5946b4ab1ce4f21326aaae
[/aws/lambda/multi_regression_worker] Deleted stream: 2019/02/10/[$LATEST]514c427a6b294310992c099bc36babbc
[/aws/lambda/multi_regression_worker] Deleted stream: 2019/02/10/[$LATEST]5dcc1bb6b04e4bcca622f1e62e23db84
[/aws/lambda/multi_regression_worker] Deleted stream: 2019/02/10/[$LATEST]656a89572df4425189c387ff69e428bc
[/aws/lambda/multi_regression_worker] Deleted stream: 2019/02/10/[$LATEST]82f2bf8e8ceb4a54977c88a7b068eee8
[/aws/lambda/multi_regression_worker] Deleted stream: 2019/02/10/[$LATEST]880c15f6b919450798f3b4f0be35cb89
[/aws/lambda/multi_regression_worker] Deleted stream: 2019/02/10/[$LATEST]9aeda8b5d39f4a1a98de1527758349fa
[/aws/lambda/multi_regression_worker] Deleted stream: 2019/02/10/[$LATEST]9c4b463d6c494bcaa51f5fbc882a91a1
[/aws/lambda/multi_regression_worker] Deleted stream: 2019/02/10/[$LATEST]dfe0e3beca6e4f31bcd21f499fee044e
[/aws/lambda/multi_regression_worker] Deleted stream: 2019/02/10/[$LATEST]e29771dba341451fa364812575fa9940
Done
=====Time Stamp======
1549762059.9510446
===Async Tasks start===
===Async Tasks end===
150.48761987686157
{'target_file': 'pizero_02_dht.csv', 'variable_files': '["pizero_02.csv", "pizero_02_2.csv", "pizero_06.csv"]'}

Calling multi_regression for 8 times!
Run Hyperparameter Tuning on Multivariate Regression
[/aws/lambda/multi_regression_worker] Checking for old streams...
 - Streams in group: /aws/lambda/multi_regression_worker
[/aws/lambda/multi_regression_worker] Deleted stream: 2019/02/10/[$LATEST]10698973bc5946b4ab1ce4f21326aaae
[/aws/lambda/multi_regression_worker] Deleted stream: 2019/02/10/[$LATEST]514c427a6b294310992c099bc36babbc
[/aws/lambda/multi_regression_worker] Deleted stream: 2019/02/10/[$LATEST]5dcc1bb6b04e4bcca622f1e62e23db84
[/aws/lambda/multi_regression_worker] Deleted stream: 2019/02/10/[$LATEST]656a89572df4425189c387ff69e428bc
[/aws/lambda/multi_regression_worker] Deleted stream: 2019/02/10/[$LATEST]82f2bf8e8ceb4a54977c88a7b068eee8
[/aws/lambda/multi_regression_worker] Deleted stream: 2019/02/10/[$LATEST]880c15f6b919450798f3b4f0be35cb89
[/aws/lambda/multi_regression_worker] Deleted stream: 2019/02/10/[$LATEST]9aeda8b5d39f4a1a98de1527758349fa
[/aws/lambda/multi_regression_worker] Deleted stream: 2019/02/10/[$LATEST]9c4b463d6c494bcaa51f5fbc882a91a1
[/aws/lambda/multi_regression_worker] Deleted stream: 2019/02/10/[$LATEST]dfe0e3beca6e4f31bcd21f499fee044e
[/aws/lambda/multi_regression_worker] Deleted stream: 2019/02/10/[$LATEST]e29771dba341451fa364812575fa9940
Done
=====Time Stamp======
1549762243.3429585
===Async Tasks start===
===Async Tasks end===
151.39272117614746
{'target_file': 'pizero_02_dht.csv', 'variable_files': '["pizero_02.csv", "pizero_02_2.csv", "pizero_06.csv"]'}

Calling multi_regression for 9 times!
Run Hyperparameter Tuning on Multivariate Regression
[/aws/lambda/multi_regression_worker] Checking for old streams...
 - Streams in group: /aws/lambda/multi_regression_worker
[/aws/lambda/multi_regression_worker] Deleted stream: 2019/02/10/[$LATEST]10698973bc5946b4ab1ce4f21326aaae
[/aws/lambda/multi_regression_worker] Deleted stream: 2019/02/10/[$LATEST]514c427a6b294310992c099bc36babbc
[/aws/lambda/multi_regression_worker] Deleted stream: 2019/02/10/[$LATEST]5dcc1bb6b04e4bcca622f1e62e23db84
[/aws/lambda/multi_regression_worker] Deleted stream: 2019/02/10/[$LATEST]656a89572df4425189c387ff69e428bc
[/aws/lambda/multi_regression_worker] Deleted stream: 2019/02/10/[$LATEST]82f2bf8e8ceb4a54977c88a7b068eee8
[/aws/lambda/multi_regression_worker] Deleted stream: 2019/02/10/[$LATEST]880c15f6b919450798f3b4f0be35cb89
[/aws/lambda/multi_regression_worker] Deleted stream: 2019/02/10/[$LATEST]9aeda8b5d39f4a1a98de1527758349fa
[/aws/lambda/multi_regression_worker] Deleted stream: 2019/02/10/[$LATEST]9c4b463d6c494bcaa51f5fbc882a91a1
[/aws/lambda/multi_regression_worker] Deleted stream: 2019/02/10/[$LATEST]dfe0e3beca6e4f31bcd21f499fee044e
[/aws/lambda/multi_regression_worker] Deleted stream: 2019/02/10/[$LATEST]e29771dba341451fa364812575fa9940
Done
=====Time Stamp======
1549762427.5046945
===Async Tasks start===
===Async Tasks end===
152.09311366081238
{'target_file': 'pizero_02_dht.csv', 'variable_files': '["pizero_02.csv", "pizero_02_2.csv", "pizero_06.csv"]'}

Calling multi_regression for 10 times!
Run Hyperparameter Tuning on Multivariate Regression
[/aws/lambda/multi_regression_worker] Checking for old streams...
 - Streams in group: /aws/lambda/multi_regression_worker
[/aws/lambda/multi_regression_worker] Deleted stream: 2019/02/10/[$LATEST]10698973bc5946b4ab1ce4f21326aaae
[/aws/lambda/multi_regression_worker] Deleted stream: 2019/02/10/[$LATEST]514c427a6b294310992c099bc36babbc
[/aws/lambda/multi_regression_worker] Deleted stream: 2019/02/10/[$LATEST]5dcc1bb6b04e4bcca622f1e62e23db84
[/aws/lambda/multi_regression_worker] Deleted stream: 2019/02/10/[$LATEST]656a89572df4425189c387ff69e428bc
[/aws/lambda/multi_regression_worker] Deleted stream: 2019/02/10/[$LATEST]82f2bf8e8ceb4a54977c88a7b068eee8
[/aws/lambda/multi_regression_worker] Deleted stream: 2019/02/10/[$LATEST]880c15f6b919450798f3b4f0be35cb89
[/aws/lambda/multi_regression_worker] Deleted stream: 2019/02/10/[$LATEST]9aeda8b5d39f4a1a98de1527758349fa
[/aws/lambda/multi_regression_worker] Deleted stream: 2019/02/10/[$LATEST]9c4b463d6c494bcaa51f5fbc882a91a1
[/aws/lambda/multi_regression_worker] Deleted stream: 2019/02/10/[$LATEST]dfe0e3beca6e4f31bcd21f499fee044e
[/aws/lambda/multi_regression_worker] Deleted stream: 2019/02/10/[$LATEST]e29771dba341451fa364812575fa9940
Done
=====Time Stamp======
1549762612.4101598
===Async Tasks start===
===Async Tasks end===
150.10692524909973
{'target_file': 'pizero_02_dht.csv', 'variable_files': '["pizero_02.csv", "pizero_02_2.csv", "pizero_06.csv"]'}

Calling multi_regression for 11 times!
Run Hyperparameter Tuning on Multivariate Regression
[/aws/lambda/multi_regression_worker] Checking for old streams...
 - Streams in group: /aws/lambda/multi_regression_worker
[/aws/lambda/multi_regression_worker] Deleted stream: 2019/02/10/[$LATEST]10698973bc5946b4ab1ce4f21326aaae
[/aws/lambda/multi_regression_worker] Deleted stream: 2019/02/10/[$LATEST]514c427a6b294310992c099bc36babbc
[/aws/lambda/multi_regression_worker] Deleted stream: 2019/02/10/[$LATEST]5dcc1bb6b04e4bcca622f1e62e23db84
[/aws/lambda/multi_regression_worker] Deleted stream: 2019/02/10/[$LATEST]656a89572df4425189c387ff69e428bc
[/aws/lambda/multi_regression_worker] Deleted stream: 2019/02/10/[$LATEST]82f2bf8e8ceb4a54977c88a7b068eee8
[/aws/lambda/multi_regression_worker] Deleted stream: 2019/02/10/[$LATEST]880c15f6b919450798f3b4f0be35cb89
[/aws/lambda/multi_regression_worker] Deleted stream: 2019/02/10/[$LATEST]9aeda8b5d39f4a1a98de1527758349fa
[/aws/lambda/multi_regression_worker] Deleted stream: 2019/02/10/[$LATEST]9c4b463d6c494bcaa51f5fbc882a91a1
[/aws/lambda/multi_regression_worker] Deleted stream: 2019/02/10/[$LATEST]dfe0e3beca6e4f31bcd21f499fee044e
[/aws/lambda/multi_regression_worker] Deleted stream: 2019/02/10/[$LATEST]e29771dba341451fa364812575fa9940
Done
=====Time Stamp======
1549762795.3337436
===Async Tasks start===
===Async Tasks end===
151.1727728843689
{'target_file': 'pizero_02_dht.csv', 'variable_files': '["pizero_02.csv", "pizero_02_2.csv", "pizero_06.csv"]'}

Calling multi_regression for 12 times!
Run Hyperparameter Tuning on Multivariate Regression
[/aws/lambda/multi_regression_worker] Checking for old streams...
 - Streams in group: /aws/lambda/multi_regression_worker
[/aws/lambda/multi_regression_worker] Deleted stream: 2019/02/10/[$LATEST]10698973bc5946b4ab1ce4f21326aaae
[/aws/lambda/multi_regression_worker] Deleted stream: 2019/02/10/[$LATEST]514c427a6b294310992c099bc36babbc
[/aws/lambda/multi_regression_worker] Deleted stream: 2019/02/10/[$LATEST]5dcc1bb6b04e4bcca622f1e62e23db84
[/aws/lambda/multi_regression_worker] Deleted stream: 2019/02/10/[$LATEST]656a89572df4425189c387ff69e428bc
[/aws/lambda/multi_regression_worker] Deleted stream: 2019/02/10/[$LATEST]82f2bf8e8ceb4a54977c88a7b068eee8
[/aws/lambda/multi_regression_worker] Deleted stream: 2019/02/10/[$LATEST]880c15f6b919450798f3b4f0be35cb89
[/aws/lambda/multi_regression_worker] Deleted stream: 2019/02/10/[$LATEST]9aeda8b5d39f4a1a98de1527758349fa
[/aws/lambda/multi_regression_worker] Deleted stream: 2019/02/10/[$LATEST]9c4b463d6c494bcaa51f5fbc882a91a1
[/aws/lambda/multi_regression_worker] Deleted stream: 2019/02/10/[$LATEST]dfe0e3beca6e4f31bcd21f499fee044e
[/aws/lambda/multi_regression_worker] Deleted stream: 2019/02/10/[$LATEST]e29771dba341451fa364812575fa9940
Done
=====Time Stamp======
1549762979.2729757
===Async Tasks start===
===Async Tasks end===
152.26769995689392
{'target_file': 'pizero_02_dht.csv', 'variable_files': '["pizero_02.csv", "pizero_02_2.csv", "pizero_06.csv"]'}

Calling multi_regression for 13 times!
Run Hyperparameter Tuning on Multivariate Regression
[/aws/lambda/multi_regression_worker] Checking for old streams...
 - Streams in group: /aws/lambda/multi_regression_worker
[/aws/lambda/multi_regression_worker] Deleted stream: 2019/02/10/[$LATEST]10698973bc5946b4ab1ce4f21326aaae
[/aws/lambda/multi_regression_worker] Deleted stream: 2019/02/10/[$LATEST]514c427a6b294310992c099bc36babbc
[/aws/lambda/multi_regression_worker] Deleted stream: 2019/02/10/[$LATEST]5dcc1bb6b04e4bcca622f1e62e23db84
[/aws/lambda/multi_regression_worker] Deleted stream: 2019/02/10/[$LATEST]656a89572df4425189c387ff69e428bc
[/aws/lambda/multi_regression_worker] Deleted stream: 2019/02/10/[$LATEST]82f2bf8e8ceb4a54977c88a7b068eee8
[/aws/lambda/multi_regression_worker] Deleted stream: 2019/02/10/[$LATEST]880c15f6b919450798f3b4f0be35cb89
[/aws/lambda/multi_regression_worker] Deleted stream: 2019/02/10/[$LATEST]9aeda8b5d39f4a1a98de1527758349fa
[/aws/lambda/multi_regression_worker] Deleted stream: 2019/02/10/[$LATEST]9c4b463d6c494bcaa51f5fbc882a91a1
[/aws/lambda/multi_regression_worker] Deleted stream: 2019/02/10/[$LATEST]dfe0e3beca6e4f31bcd21f499fee044e
[/aws/lambda/multi_regression_worker] Deleted stream: 2019/02/10/[$LATEST]e29771dba341451fa364812575fa9940
Done
=====Time Stamp======
1549763164.418765
===Async Tasks start===
===Async Tasks end===
151.92915439605713
{'target_file': 'pizero_02_dht.csv', 'variable_files': '["pizero_02.csv", "pizero_02_2.csv", "pizero_06.csv"]'}

Calling multi_regression for 14 times!
Run Hyperparameter Tuning on Multivariate Regression
[/aws/lambda/multi_regression_worker] Checking for old streams...
 - Streams in group: /aws/lambda/multi_regression_worker
[/aws/lambda/multi_regression_worker] Deleted stream: 2019/02/10/[$LATEST]10698973bc5946b4ab1ce4f21326aaae
[/aws/lambda/multi_regression_worker] Deleted stream: 2019/02/10/[$LATEST]514c427a6b294310992c099bc36babbc
[/aws/lambda/multi_regression_worker] Deleted stream: 2019/02/10/[$LATEST]5dcc1bb6b04e4bcca622f1e62e23db84
[/aws/lambda/multi_regression_worker] Deleted stream: 2019/02/10/[$LATEST]656a89572df4425189c387ff69e428bc
[/aws/lambda/multi_regression_worker] Deleted stream: 2019/02/10/[$LATEST]82f2bf8e8ceb4a54977c88a7b068eee8
[/aws/lambda/multi_regression_worker] Deleted stream: 2019/02/10/[$LATEST]880c15f6b919450798f3b4f0be35cb89
[/aws/lambda/multi_regression_worker] Deleted stream: 2019/02/10/[$LATEST]9aeda8b5d39f4a1a98de1527758349fa
[/aws/lambda/multi_regression_worker] Deleted stream: 2019/02/10/[$LATEST]9c4b463d6c494bcaa51f5fbc882a91a1
[/aws/lambda/multi_regression_worker] Deleted stream: 2019/02/10/[$LATEST]dfe0e3beca6e4f31bcd21f499fee044e
[/aws/lambda/multi_regression_worker] Deleted stream: 2019/02/10/[$LATEST]e29771dba341451fa364812575fa9940
Done
=====Time Stamp======
1549763349.2501013
===Async Tasks start===
===Async Tasks end===
151.27952075004578
{'target_file': 'pizero_02_dht.csv', 'variable_files': '["pizero_02.csv", "pizero_02_2.csv", "pizero_06.csv"]'}

Calling multi_regression for 15 times!
Run Hyperparameter Tuning on Multivariate Regression
[/aws/lambda/multi_regression_worker] Checking for old streams...
 - Streams in group: /aws/lambda/multi_regression_worker
[/aws/lambda/multi_regression_worker] Deleted stream: 2019/02/10/[$LATEST]10698973bc5946b4ab1ce4f21326aaae
[/aws/lambda/multi_regression_worker] Deleted stream: 2019/02/10/[$LATEST]514c427a6b294310992c099bc36babbc
[/aws/lambda/multi_regression_worker] Deleted stream: 2019/02/10/[$LATEST]5dcc1bb6b04e4bcca622f1e62e23db84
[/aws/lambda/multi_regression_worker] Deleted stream: 2019/02/10/[$LATEST]656a89572df4425189c387ff69e428bc
[/aws/lambda/multi_regression_worker] Deleted stream: 2019/02/10/[$LATEST]82f2bf8e8ceb4a54977c88a7b068eee8
[/aws/lambda/multi_regression_worker] Deleted stream: 2019/02/10/[$LATEST]880c15f6b919450798f3b4f0be35cb89
[/aws/lambda/multi_regression_worker] Deleted stream: 2019/02/10/[$LATEST]9aeda8b5d39f4a1a98de1527758349fa
[/aws/lambda/multi_regression_worker] Deleted stream: 2019/02/10/[$LATEST]9c4b463d6c494bcaa51f5fbc882a91a1
[/aws/lambda/multi_regression_worker] Deleted stream: 2019/02/10/[$LATEST]dfe0e3beca6e4f31bcd21f499fee044e
[/aws/lambda/multi_regression_worker] Deleted stream: 2019/02/10/[$LATEST]e29771dba341451fa364812575fa9940
Done
=====Time Stamp======
1549763533.3150587
===Async Tasks start===
===Async Tasks end===
150.3676197528839
{'target_file': 'pizero_02_dht.csv', 'variable_files': '["pizero_02.csv", "pizero_02_2.csv", "pizero_06.csv"]'}

Calling multi_regression for 16 times!
Run Hyperparameter Tuning on Multivariate Regression
[/aws/lambda/multi_regression_worker] Checking for old streams...
 - Streams in group: /aws/lambda/multi_regression_worker
[/aws/lambda/multi_regression_worker] Deleted stream: 2019/02/10/[$LATEST]10698973bc5946b4ab1ce4f21326aaae
[/aws/lambda/multi_regression_worker] Deleted stream: 2019/02/10/[$LATEST]514c427a6b294310992c099bc36babbc
[/aws/lambda/multi_regression_worker] Deleted stream: 2019/02/10/[$LATEST]5dcc1bb6b04e4bcca622f1e62e23db84
[/aws/lambda/multi_regression_worker] Deleted stream: 2019/02/10/[$LATEST]656a89572df4425189c387ff69e428bc
[/aws/lambda/multi_regression_worker] Deleted stream: 2019/02/10/[$LATEST]82f2bf8e8ceb4a54977c88a7b068eee8
[/aws/lambda/multi_regression_worker] Deleted stream: 2019/02/10/[$LATEST]880c15f6b919450798f3b4f0be35cb89
[/aws/lambda/multi_regression_worker] Deleted stream: 2019/02/10/[$LATEST]9aeda8b5d39f4a1a98de1527758349fa
[/aws/lambda/multi_regression_worker] Deleted stream: 2019/02/10/[$LATEST]9c4b463d6c494bcaa51f5fbc882a91a1
[/aws/lambda/multi_regression_worker] Deleted stream: 2019/02/10/[$LATEST]dfe0e3beca6e4f31bcd21f499fee044e
[/aws/lambda/multi_regression_worker] Deleted stream: 2019/02/10/[$LATEST]e29771dba341451fa364812575fa9940
Done
=====Time Stamp======
1549763716.596245
===Async Tasks start===
===Async Tasks end===
150.85568571090698
{'target_file': 'pizero_02_dht.csv', 'variable_files': '["pizero_02.csv", "pizero_02_2.csv", "pizero_06.csv"]'}

Calling multi_regression for 17 times!
Run Hyperparameter Tuning on Multivariate Regression
[/aws/lambda/multi_regression_worker] Checking for old streams...
 - Streams in group: /aws/lambda/multi_regression_worker
[/aws/lambda/multi_regression_worker] Deleted stream: 2019/02/10/[$LATEST]10698973bc5946b4ab1ce4f21326aaae
[/aws/lambda/multi_regression_worker] Deleted stream: 2019/02/10/[$LATEST]514c427a6b294310992c099bc36babbc
[/aws/lambda/multi_regression_worker] Deleted stream: 2019/02/10/[$LATEST]5dcc1bb6b04e4bcca622f1e62e23db84
[/aws/lambda/multi_regression_worker] Deleted stream: 2019/02/10/[$LATEST]656a89572df4425189c387ff69e428bc
[/aws/lambda/multi_regression_worker] Deleted stream: 2019/02/10/[$LATEST]82f2bf8e8ceb4a54977c88a7b068eee8
[/aws/lambda/multi_regression_worker] Deleted stream: 2019/02/10/[$LATEST]880c15f6b919450798f3b4f0be35cb89
[/aws/lambda/multi_regression_worker] Deleted stream: 2019/02/10/[$LATEST]9aeda8b5d39f4a1a98de1527758349fa
[/aws/lambda/multi_regression_worker] Deleted stream: 2019/02/10/[$LATEST]9c4b463d6c494bcaa51f5fbc882a91a1
[/aws/lambda/multi_regression_worker] Deleted stream: 2019/02/10/[$LATEST]dfe0e3beca6e4f31bcd21f499fee044e
[/aws/lambda/multi_regression_worker] Deleted stream: 2019/02/10/[$LATEST]e29771dba341451fa364812575fa9940
Done
=====Time Stamp======
1549763900.2912257
===Async Tasks start===
===Async Tasks end===
150.41844701766968
{'target_file': 'pizero_02_dht.csv', 'variable_files': '["pizero_02.csv", "pizero_02_2.csv", "pizero_06.csv"]'}

Calling multi_regression for 18 times!
Run Hyperparameter Tuning on Multivariate Regression
[/aws/lambda/multi_regression_worker] Checking for old streams...
 - Streams in group: /aws/lambda/multi_regression_worker
[/aws/lambda/multi_regression_worker] Deleted stream: 2019/02/10/[$LATEST]10698973bc5946b4ab1ce4f21326aaae
[/aws/lambda/multi_regression_worker] Deleted stream: 2019/02/10/[$LATEST]514c427a6b294310992c099bc36babbc
[/aws/lambda/multi_regression_worker] Deleted stream: 2019/02/10/[$LATEST]5dcc1bb6b04e4bcca622f1e62e23db84
[/aws/lambda/multi_regression_worker] Deleted stream: 2019/02/10/[$LATEST]656a89572df4425189c387ff69e428bc
[/aws/lambda/multi_regression_worker] Deleted stream: 2019/02/10/[$LATEST]82f2bf8e8ceb4a54977c88a7b068eee8
[/aws/lambda/multi_regression_worker] Deleted stream: 2019/02/10/[$LATEST]880c15f6b919450798f3b4f0be35cb89
[/aws/lambda/multi_regression_worker] Deleted stream: 2019/02/10/[$LATEST]9aeda8b5d39f4a1a98de1527758349fa
[/aws/lambda/multi_regression_worker] Deleted stream: 2019/02/10/[$LATEST]9c4b463d6c494bcaa51f5fbc882a91a1
[/aws/lambda/multi_regression_worker] Deleted stream: 2019/02/10/[$LATEST]dfe0e3beca6e4f31bcd21f499fee044e
[/aws/lambda/multi_regression_worker] Deleted stream: 2019/02/10/[$LATEST]e29771dba341451fa364812575fa9940
Done
=====Time Stamp======
1549764083.455425
===Async Tasks start===
===Async Tasks end===
152.13969540596008
{'target_file': 'pizero_02_dht.csv', 'variable_files': '["pizero_02.csv", "pizero_02_2.csv", "pizero_06.csv"]'}

Calling multi_regression for 19 times!
Run Hyperparameter Tuning on Multivariate Regression
[/aws/lambda/multi_regression_worker] Checking for old streams...
 - Streams in group: /aws/lambda/multi_regression_worker
[/aws/lambda/multi_regression_worker] Deleted stream: 2019/02/10/[$LATEST]10698973bc5946b4ab1ce4f21326aaae
[/aws/lambda/multi_regression_worker] Deleted stream: 2019/02/10/[$LATEST]514c427a6b294310992c099bc36babbc
[/aws/lambda/multi_regression_worker] Deleted stream: 2019/02/10/[$LATEST]5dcc1bb6b04e4bcca622f1e62e23db84
[/aws/lambda/multi_regression_worker] Deleted stream: 2019/02/10/[$LATEST]656a89572df4425189c387ff69e428bc
[/aws/lambda/multi_regression_worker] Deleted stream: 2019/02/10/[$LATEST]82f2bf8e8ceb4a54977c88a7b068eee8
[/aws/lambda/multi_regression_worker] Deleted stream: 2019/02/10/[$LATEST]880c15f6b919450798f3b4f0be35cb89
[/aws/lambda/multi_regression_worker] Deleted stream: 2019/02/10/[$LATEST]9aeda8b5d39f4a1a98de1527758349fa
[/aws/lambda/multi_regression_worker] Deleted stream: 2019/02/10/[$LATEST]9c4b463d6c494bcaa51f5fbc882a91a1
[/aws/lambda/multi_regression_worker] Deleted stream: 2019/02/10/[$LATEST]dfe0e3beca6e4f31bcd21f499fee044e
[/aws/lambda/multi_regression_worker] Deleted stream: 2019/02/10/[$LATEST]e29771dba341451fa364812575fa9940
Done
=====Time Stamp======
1549764268.5214837
===Async Tasks start===
===Async Tasks end===
150.41691708564758
{'target_file': 'pizero_02_dht.csv', 'variable_files': '["pizero_02.csv", "pizero_02_2.csv", "pizero_06.csv"]'}

Calling multi_regression for 20 times!
Run Hyperparameter Tuning on Multivariate Regression
[/aws/lambda/multi_regression_worker] Checking for old streams...
 - Streams in group: /aws/lambda/multi_regression_worker
[/aws/lambda/multi_regression_worker] Deleted stream: 2019/02/10/[$LATEST]10698973bc5946b4ab1ce4f21326aaae
[/aws/lambda/multi_regression_worker] Deleted stream: 2019/02/10/[$LATEST]514c427a6b294310992c099bc36babbc
[/aws/lambda/multi_regression_worker] Deleted stream: 2019/02/10/[$LATEST]5dcc1bb6b04e4bcca622f1e62e23db84
[/aws/lambda/multi_regression_worker] Deleted stream: 2019/02/10/[$LATEST]656a89572df4425189c387ff69e428bc
[/aws/lambda/multi_regression_worker] Deleted stream: 2019/02/10/[$LATEST]82f2bf8e8ceb4a54977c88a7b068eee8
[/aws/lambda/multi_regression_worker] Deleted stream: 2019/02/10/[$LATEST]880c15f6b919450798f3b4f0be35cb89
[/aws/lambda/multi_regression_worker] Deleted stream: 2019/02/10/[$LATEST]9aeda8b5d39f4a1a98de1527758349fa
[/aws/lambda/multi_regression_worker] Deleted stream: 2019/02/10/[$LATEST]9c4b463d6c494bcaa51f5fbc882a91a1
[/aws/lambda/multi_regression_worker] Deleted stream: 2019/02/10/[$LATEST]dfe0e3beca6e4f31bcd21f499fee044e
[/aws/lambda/multi_regression_worker] Deleted stream: 2019/02/10/[$LATEST]e29771dba341451fa364812575fa9940
Done
=====Time Stamp======
1549764451.8745797
===Async Tasks start===
===Async Tasks end===
151.2624077796936
{'target_file': 'pizero_02_dht.csv', 'variable_files': '["pizero_02.csv", "pizero_02_2.csv", "pizero_06.csv"]'}

Calling multi_regression for 21 times!
Run Hyperparameter Tuning on Multivariate Regression
[/aws/lambda/multi_regression_worker] Checking for old streams...
 - Streams in group: /aws/lambda/multi_regression_worker
[/aws/lambda/multi_regression_worker] Deleted stream: 2019/02/10/[$LATEST]10698973bc5946b4ab1ce4f21326aaae
[/aws/lambda/multi_regression_worker] Deleted stream: 2019/02/10/[$LATEST]514c427a6b294310992c099bc36babbc
[/aws/lambda/multi_regression_worker] Deleted stream: 2019/02/10/[$LATEST]5dcc1bb6b04e4bcca622f1e62e23db84
[/aws/lambda/multi_regression_worker] Deleted stream: 2019/02/10/[$LATEST]656a89572df4425189c387ff69e428bc
[/aws/lambda/multi_regression_worker] Deleted stream: 2019/02/10/[$LATEST]82f2bf8e8ceb4a54977c88a7b068eee8
[/aws/lambda/multi_regression_worker] Deleted stream: 2019/02/10/[$LATEST]880c15f6b919450798f3b4f0be35cb89
[/aws/lambda/multi_regression_worker] Deleted stream: 2019/02/10/[$LATEST]9aeda8b5d39f4a1a98de1527758349fa
[/aws/lambda/multi_regression_worker] Deleted stream: 2019/02/10/[$LATEST]9c4b463d6c494bcaa51f5fbc882a91a1
[/aws/lambda/multi_regression_worker] Deleted stream: 2019/02/10/[$LATEST]dfe0e3beca6e4f31bcd21f499fee044e
[/aws/lambda/multi_regression_worker] Deleted stream: 2019/02/10/[$LATEST]e29771dba341451fa364812575fa9940
Done
=====Time Stamp======
1549764635.8500528
===Async Tasks start===
===Async Tasks end===
152.28950333595276
{'target_file': 'pizero_02_dht.csv', 'variable_files': '["pizero_02.csv", "pizero_02_2.csv", "pizero_06.csv"]'}

Calling multi_regression for 22 times!
Run Hyperparameter Tuning on Multivariate Regression
[/aws/lambda/multi_regression_worker] Checking for old streams...
 - Streams in group: /aws/lambda/multi_regression_worker
[/aws/lambda/multi_regression_worker] Deleted stream: 2019/02/10/[$LATEST]10698973bc5946b4ab1ce4f21326aaae
[/aws/lambda/multi_regression_worker] Deleted stream: 2019/02/10/[$LATEST]514c427a6b294310992c099bc36babbc
[/aws/lambda/multi_regression_worker] Deleted stream: 2019/02/10/[$LATEST]5dcc1bb6b04e4bcca622f1e62e23db84
[/aws/lambda/multi_regression_worker] Deleted stream: 2019/02/10/[$LATEST]656a89572df4425189c387ff69e428bc
[/aws/lambda/multi_regression_worker] Deleted stream: 2019/02/10/[$LATEST]82f2bf8e8ceb4a54977c88a7b068eee8
[/aws/lambda/multi_regression_worker] Deleted stream: 2019/02/10/[$LATEST]880c15f6b919450798f3b4f0be35cb89
[/aws/lambda/multi_regression_worker] Deleted stream: 2019/02/10/[$LATEST]9aeda8b5d39f4a1a98de1527758349fa
[/aws/lambda/multi_regression_worker] Deleted stream: 2019/02/10/[$LATEST]9c4b463d6c494bcaa51f5fbc882a91a1
[/aws/lambda/multi_regression_worker] Deleted stream: 2019/02/10/[$LATEST]dfe0e3beca6e4f31bcd21f499fee044e
[/aws/lambda/multi_regression_worker] Deleted stream: 2019/02/10/[$LATEST]e29771dba341451fa364812575fa9940
Done
=====Time Stamp======
1549764820.9328563
===Async Tasks start===
===Async Tasks end===
153.41495823860168
{'target_file': 'pizero_02_dht.csv', 'variable_files': '["pizero_02.csv", "pizero_02_2.csv", "pizero_06.csv"]'}

Calling multi_regression for 23 times!
Run Hyperparameter Tuning on Multivariate Regression
[/aws/lambda/multi_regression_worker] Checking for old streams...
 - Streams in group: /aws/lambda/multi_regression_worker
[/aws/lambda/multi_regression_worker] Deleted stream: 2019/02/10/[$LATEST]10698973bc5946b4ab1ce4f21326aaae
[/aws/lambda/multi_regression_worker] Deleted stream: 2019/02/10/[$LATEST]514c427a6b294310992c099bc36babbc
[/aws/lambda/multi_regression_worker] Deleted stream: 2019/02/10/[$LATEST]5dcc1bb6b04e4bcca622f1e62e23db84
[/aws/lambda/multi_regression_worker] Deleted stream: 2019/02/10/[$LATEST]656a89572df4425189c387ff69e428bc
[/aws/lambda/multi_regression_worker] Deleted stream: 2019/02/10/[$LATEST]82f2bf8e8ceb4a54977c88a7b068eee8
[/aws/lambda/multi_regression_worker] Deleted stream: 2019/02/10/[$LATEST]880c15f6b919450798f3b4f0be35cb89
[/aws/lambda/multi_regression_worker] Deleted stream: 2019/02/10/[$LATEST]9aeda8b5d39f4a1a98de1527758349fa
[/aws/lambda/multi_regression_worker] Deleted stream: 2019/02/10/[$LATEST]9c4b463d6c494bcaa51f5fbc882a91a1
[/aws/lambda/multi_regression_worker] Deleted stream: 2019/02/10/[$LATEST]dfe0e3beca6e4f31bcd21f499fee044e
[/aws/lambda/multi_regression_worker] Deleted stream: 2019/02/10/[$LATEST]e29771dba341451fa364812575fa9940
Done
=====Time Stamp======
1549765007.193387
===Async Tasks start===
===Async Tasks end===
151.45134019851685
{'target_file': 'pizero_02_dht.csv', 'variable_files': '["pizero_02.csv", "pizero_02_2.csv", "pizero_06.csv"]'}

Calling multi_regression for 24 times!
Run Hyperparameter Tuning on Multivariate Regression
[/aws/lambda/multi_regression_worker] Checking for old streams...
 - Streams in group: /aws/lambda/multi_regression_worker
[/aws/lambda/multi_regression_worker] Deleted stream: 2019/02/10/[$LATEST]10698973bc5946b4ab1ce4f21326aaae
[/aws/lambda/multi_regression_worker] Deleted stream: 2019/02/10/[$LATEST]514c427a6b294310992c099bc36babbc
[/aws/lambda/multi_regression_worker] Deleted stream: 2019/02/10/[$LATEST]5dcc1bb6b04e4bcca622f1e62e23db84
[/aws/lambda/multi_regression_worker] Deleted stream: 2019/02/10/[$LATEST]656a89572df4425189c387ff69e428bc
[/aws/lambda/multi_regression_worker] Deleted stream: 2019/02/10/[$LATEST]82f2bf8e8ceb4a54977c88a7b068eee8
[/aws/lambda/multi_regression_worker] Deleted stream: 2019/02/10/[$LATEST]880c15f6b919450798f3b4f0be35cb89
[/aws/lambda/multi_regression_worker] Deleted stream: 2019/02/10/[$LATEST]9aeda8b5d39f4a1a98de1527758349fa
[/aws/lambda/multi_regression_worker] Deleted stream: 2019/02/10/[$LATEST]9c4b463d6c494bcaa51f5fbc882a91a1
[/aws/lambda/multi_regression_worker] Deleted stream: 2019/02/10/[$LATEST]dfe0e3beca6e4f31bcd21f499fee044e
[/aws/lambda/multi_regression_worker] Deleted stream: 2019/02/10/[$LATEST]e29771dba341451fa364812575fa9940
Done
=====Time Stamp======
1549765191.6471279
===Async Tasks start===
===Async Tasks end===
152.79541182518005
{'target_file': 'pizero_02_dht.csv', 'variable_files': '["pizero_02.csv", "pizero_02_2.csv", "pizero_06.csv"]'}

Calling multi_regression for 25 times!
Run Hyperparameter Tuning on Multivariate Regression
[/aws/lambda/multi_regression_worker] Checking for old streams...
 - Streams in group: /aws/lambda/multi_regression_worker
[/aws/lambda/multi_regression_worker] Deleted stream: 2019/02/10/[$LATEST]10698973bc5946b4ab1ce4f21326aaae
[/aws/lambda/multi_regression_worker] Deleted stream: 2019/02/10/[$LATEST]514c427a6b294310992c099bc36babbc
[/aws/lambda/multi_regression_worker] Deleted stream: 2019/02/10/[$LATEST]5dcc1bb6b04e4bcca622f1e62e23db84
[/aws/lambda/multi_regression_worker] Deleted stream: 2019/02/10/[$LATEST]656a89572df4425189c387ff69e428bc
[/aws/lambda/multi_regression_worker] Deleted stream: 2019/02/10/[$LATEST]66e9b18d4fb04da592ee8a7cc11ce526
[/aws/lambda/multi_regression_worker] Deleted stream: 2019/02/10/[$LATEST]82f2bf8e8ceb4a54977c88a7b068eee8
[/aws/lambda/multi_regression_worker] Deleted stream: 2019/02/10/[$LATEST]880c15f6b919450798f3b4f0be35cb89
[/aws/lambda/multi_regression_worker] Deleted stream: 2019/02/10/[$LATEST]9aeda8b5d39f4a1a98de1527758349fa
[/aws/lambda/multi_regression_worker] Deleted stream: 2019/02/10/[$LATEST]9c4b463d6c494bcaa51f5fbc882a91a1
[/aws/lambda/multi_regression_worker] Deleted stream: 2019/02/10/[$LATEST]dfe0e3beca6e4f31bcd21f499fee044e
[/aws/lambda/multi_regression_worker] Deleted stream: 2019/02/10/[$LATEST]e29771dba341451fa364812575fa9940
Done
=====Time Stamp======
1549765377.5061266
===Async Tasks start===
===Async Tasks end===
151.29290986061096
{'target_file': 'pizero_02_dht.csv', 'variable_files': '["pizero_02.csv", "pizero_02_2.csv", "pizero_06.csv"]'}

Calling multi_regression for 26 times!
Run Hyperparameter Tuning on Multivariate Regression
[/aws/lambda/multi_regression_worker] Checking for old streams...
 - Streams in group: /aws/lambda/multi_regression_worker
[/aws/lambda/multi_regression_worker] Deleted stream: 2019/02/10/[$LATEST]10698973bc5946b4ab1ce4f21326aaae
[/aws/lambda/multi_regression_worker] Deleted stream: 2019/02/10/[$LATEST]514c427a6b294310992c099bc36babbc
[/aws/lambda/multi_regression_worker] Deleted stream: 2019/02/10/[$LATEST]5dcc1bb6b04e4bcca622f1e62e23db84
[/aws/lambda/multi_regression_worker] Deleted stream: 2019/02/10/[$LATEST]656a89572df4425189c387ff69e428bc
[/aws/lambda/multi_regression_worker] Deleted stream: 2019/02/10/[$LATEST]66e9b18d4fb04da592ee8a7cc11ce526
[/aws/lambda/multi_regression_worker] Deleted stream: 2019/02/10/[$LATEST]82f2bf8e8ceb4a54977c88a7b068eee8
[/aws/lambda/multi_regression_worker] Deleted stream: 2019/02/10/[$LATEST]880c15f6b919450798f3b4f0be35cb89
[/aws/lambda/multi_regression_worker] Deleted stream: 2019/02/10/[$LATEST]9aeda8b5d39f4a1a98de1527758349fa
[/aws/lambda/multi_regression_worker] Deleted stream: 2019/02/10/[$LATEST]9c4b463d6c494bcaa51f5fbc882a91a1
[/aws/lambda/multi_regression_worker] Deleted stream: 2019/02/10/[$LATEST]dfe0e3beca6e4f31bcd21f499fee044e
Done
=====Time Stamp======
1549765561.694135
===Async Tasks start===
===Async Tasks end===
151.64393973350525
{'target_file': 'pizero_02_dht.csv', 'variable_files': '["pizero_02.csv", "pizero_02_2.csv", "pizero_06.csv"]'}

Calling multi_regression for 27 times!
Run Hyperparameter Tuning on Multivariate Regression
[/aws/lambda/multi_regression_worker] Checking for old streams...
 - Streams in group: /aws/lambda/multi_regression_worker
[/aws/lambda/multi_regression_worker] Deleted stream: 2019/02/10/[$LATEST]10698973bc5946b4ab1ce4f21326aaae
[/aws/lambda/multi_regression_worker] Deleted stream: 2019/02/10/[$LATEST]514c427a6b294310992c099bc36babbc
[/aws/lambda/multi_regression_worker] Deleted stream: 2019/02/10/[$LATEST]5dcc1bb6b04e4bcca622f1e62e23db84
[/aws/lambda/multi_regression_worker] Deleted stream: 2019/02/10/[$LATEST]656a89572df4425189c387ff69e428bc
[/aws/lambda/multi_regression_worker] Deleted stream: 2019/02/10/[$LATEST]66e9b18d4fb04da592ee8a7cc11ce526
[/aws/lambda/multi_regression_worker] Deleted stream: 2019/02/10/[$LATEST]82f2bf8e8ceb4a54977c88a7b068eee8
[/aws/lambda/multi_regression_worker] Deleted stream: 2019/02/10/[$LATEST]880c15f6b919450798f3b4f0be35cb89
[/aws/lambda/multi_regression_worker] Deleted stream: 2019/02/10/[$LATEST]9aeda8b5d39f4a1a98de1527758349fa
[/aws/lambda/multi_regression_worker] Deleted stream: 2019/02/10/[$LATEST]9c4b463d6c494bcaa51f5fbc882a91a1
[/aws/lambda/multi_regression_worker] Deleted stream: 2019/02/10/[$LATEST]dfe0e3beca6e4f31bcd21f499fee044e
Done
=====Time Stamp======
1549765746.383271
===Async Tasks start===
===Async Tasks end===
151.1584131717682
{'target_file': 'pizero_02_dht.csv', 'variable_files': '["pizero_02.csv", "pizero_02_2.csv", "pizero_06.csv"]'}

Calling multi_regression for 28 times!
Run Hyperparameter Tuning on Multivariate Regression
[/aws/lambda/multi_regression_worker] Checking for old streams...
 - Streams in group: /aws/lambda/multi_regression_worker
[/aws/lambda/multi_regression_worker] Deleted stream: 2019/02/10/[$LATEST]10698973bc5946b4ab1ce4f21326aaae
[/aws/lambda/multi_regression_worker] Deleted stream: 2019/02/10/[$LATEST]514c427a6b294310992c099bc36babbc
[/aws/lambda/multi_regression_worker] Deleted stream: 2019/02/10/[$LATEST]5dcc1bb6b04e4bcca622f1e62e23db84
[/aws/lambda/multi_regression_worker] Deleted stream: 2019/02/10/[$LATEST]656a89572df4425189c387ff69e428bc
[/aws/lambda/multi_regression_worker] Deleted stream: 2019/02/10/[$LATEST]66e9b18d4fb04da592ee8a7cc11ce526
[/aws/lambda/multi_regression_worker] Deleted stream: 2019/02/10/[$LATEST]82f2bf8e8ceb4a54977c88a7b068eee8
[/aws/lambda/multi_regression_worker] Deleted stream: 2019/02/10/[$LATEST]880c15f6b919450798f3b4f0be35cb89
[/aws/lambda/multi_regression_worker] Deleted stream: 2019/02/10/[$LATEST]9aeda8b5d39f4a1a98de1527758349fa
[/aws/lambda/multi_regression_worker] Deleted stream: 2019/02/10/[$LATEST]9c4b463d6c494bcaa51f5fbc882a91a1
[/aws/lambda/multi_regression_worker] Deleted stream: 2019/02/10/[$LATEST]dfe0e3beca6e4f31bcd21f499fee044e
Done
=====Time Stamp======
1549765930.3796809
===Async Tasks start===
===Async Tasks end===
150.6387107372284
{'target_file': 'pizero_02_dht.csv', 'variable_files': '["pizero_02.csv", "pizero_02_2.csv", "pizero_06.csv"]'}

Calling multi_regression for 29 times!
Run Hyperparameter Tuning on Multivariate Regression
[/aws/lambda/multi_regression_worker] Checking for old streams...
 - Streams in group: /aws/lambda/multi_regression_worker
[/aws/lambda/multi_regression_worker] Deleted stream: 2019/02/10/[$LATEST]10698973bc5946b4ab1ce4f21326aaae
[/aws/lambda/multi_regression_worker] Deleted stream: 2019/02/10/[$LATEST]514c427a6b294310992c099bc36babbc
[/aws/lambda/multi_regression_worker] Deleted stream: 2019/02/10/[$LATEST]5dcc1bb6b04e4bcca622f1e62e23db84
[/aws/lambda/multi_regression_worker] Deleted stream: 2019/02/10/[$LATEST]656a89572df4425189c387ff69e428bc
[/aws/lambda/multi_regression_worker] Deleted stream: 2019/02/10/[$LATEST]66e9b18d4fb04da592ee8a7cc11ce526
[/aws/lambda/multi_regression_worker] Deleted stream: 2019/02/10/[$LATEST]82f2bf8e8ceb4a54977c88a7b068eee8
[/aws/lambda/multi_regression_worker] Deleted stream: 2019/02/10/[$LATEST]880c15f6b919450798f3b4f0be35cb89
[/aws/lambda/multi_regression_worker] Deleted stream: 2019/02/10/[$LATEST]9aeda8b5d39f4a1a98de1527758349fa
[/aws/lambda/multi_regression_worker] Deleted stream: 2019/02/10/[$LATEST]9c4b463d6c494bcaa51f5fbc882a91a1
[/aws/lambda/multi_regression_worker] Deleted stream: 2019/02/10/[$LATEST]dfe0e3beca6e4f31bcd21f499fee044e
Done
=====Time Stamp======
1549766113.943523
===Async Tasks start===
===Async Tasks end===
153.05760860443115
{'target_file': 'pizero_02_dht.csv', 'variable_files': '["pizero_02.csv", "pizero_02_2.csv", "pizero_06.csv"]'}

Calling multi_regression for 30 times!
Run Hyperparameter Tuning on Multivariate Regression
[/aws/lambda/multi_regression_worker] Checking for old streams...
 - Streams in group: /aws/lambda/multi_regression_worker
[/aws/lambda/multi_regression_worker] Deleted stream: 2019/02/10/[$LATEST]10698973bc5946b4ab1ce4f21326aaae
[/aws/lambda/multi_regression_worker] Deleted stream: 2019/02/10/[$LATEST]514c427a6b294310992c099bc36babbc
[/aws/lambda/multi_regression_worker] Deleted stream: 2019/02/10/[$LATEST]5dcc1bb6b04e4bcca622f1e62e23db84
[/aws/lambda/multi_regression_worker] Deleted stream: 2019/02/10/[$LATEST]656a89572df4425189c387ff69e428bc
[/aws/lambda/multi_regression_worker] Deleted stream: 2019/02/10/[$LATEST]66e9b18d4fb04da592ee8a7cc11ce526
[/aws/lambda/multi_regression_worker] Deleted stream: 2019/02/10/[$LATEST]82f2bf8e8ceb4a54977c88a7b068eee8
[/aws/lambda/multi_regression_worker] Deleted stream: 2019/02/10/[$LATEST]880c15f6b919450798f3b4f0be35cb89
[/aws/lambda/multi_regression_worker] Deleted stream: 2019/02/10/[$LATEST]9aeda8b5d39f4a1a98de1527758349fa
[/aws/lambda/multi_regression_worker] Deleted stream: 2019/02/10/[$LATEST]9c4b463d6c494bcaa51f5fbc882a91a1
[/aws/lambda/multi_regression_worker] Deleted stream: 2019/02/10/[$LATEST]dfe0e3beca6e4f31bcd21f499fee044e
Done
=====Time Stamp======
1549766299.9993923
===Async Tasks start===
===Async Tasks end===
153.0560188293457
{'target_file': 'pizero_02_dht.csv', 'variable_files': '["pizero_02.csv", "pizero_02_2.csv", "pizero_06.csv"]'}

