=============Seneca==============
The specified model is multi_regression
Config Path is at ./config/multi_regression/config.py
Lambda Path is at ./src/lambda_func/multi_regression/multi_regression.py
Repeat invocation 1 times!
Calling multi_regression for 1 times!
Run Hyperparameter Tuning on Multivariate Regression
[/aws/lambda/multi_regression_worker] Checking for old streams...
 - Streams in group: /aws/lambda/multi_regression_worker
[/aws/lambda/multi_regression_worker] Deleted stream: 2019/02/10/[$LATEST]10698973bc5946b4ab1ce4f21326aaae
[/aws/lambda/multi_regression_worker] Deleted stream: 2019/02/10/[$LATEST]514c427a6b294310992c099bc36babbc
[/aws/lambda/multi_regression_worker] Deleted stream: 2019/02/10/[$LATEST]5dcc1bb6b04e4bcca622f1e62e23db84
[/aws/lambda/multi_regression_worker] Deleted stream: 2019/02/10/[$LATEST]656a89572df4425189c387ff69e428bc
[/aws/lambda/multi_regression_worker] Deleted stream: 2019/02/10/[$LATEST]66e9b18d4fb04da592ee8a7cc11ce526
[/aws/lambda/multi_regression_worker] Deleted stream: 2019/02/10/[$LATEST]82f2bf8e8ceb4a54977c88a7b068eee8
[/aws/lambda/multi_regression_worker] Deleted stream: 2019/02/10/[$LATEST]880c15f6b919450798f3b4f0be35cb89
[/aws/lambda/multi_regression_worker] Deleted stream: 2019/02/10/[$LATEST]9aeda8b5d39f4a1a98de1527758349fa
[/aws/lambda/multi_regression_worker] Deleted stream: 2019/02/10/[$LATEST]9c4b463d6c494bcaa51f5fbc882a91a1
[/aws/lambda/multi_regression_worker] Deleted stream: 2019/02/10/[$LATEST]de95fc62c6d84f1b9b0b0fcb929d6b96
[/aws/lambda/multi_regression_worker] Deleted stream: 2019/02/10/[$LATEST]dfe0e3beca6e4f31bcd21f499fee044e
Done
=====Time Stamp======
1549828810.2539752
===Async Tasks start===
===Async Tasks end===
161.7280683517456
{'target_file': 'pizero_02_dht.csv', 'variable_files': '["pizero_02.csv", "pizero_02_2.csv", "pizero_06.csv"]'}

=============Seneca==============
The specified model is multi_regression
Config Path is at ./config/multi_regression/config.py
Lambda Path is at ./src/lambda_func/multi_regression/multi_regression.py
Repeat invocation 29 times!
Calling multi_regression for 1 times!
Run Hyperparameter Tuning on Multivariate Regression
[/aws/lambda/multi_regression_worker] Checking for old streams...
 - Streams in group: /aws/lambda/multi_regression_worker
[/aws/lambda/multi_regression_worker] Deleted stream: 2019/02/10/[$LATEST]0d373de4e03d47759eb89b0d6c8ec9fd
[/aws/lambda/multi_regression_worker] Deleted stream: 2019/02/10/[$LATEST]1486ff0b21ce4da7ab0aafec6b68fd69
[/aws/lambda/multi_regression_worker] Deleted stream: 2019/02/10/[$LATEST]2434e54016164b928a524de76df9dcfc
[/aws/lambda/multi_regression_worker] Deleted stream: 2019/02/10/[$LATEST]355d0e3fa3a74b2d937dba33a314e32b
[/aws/lambda/multi_regression_worker] Deleted stream: 2019/02/10/[$LATEST]4457ebe3ca6943ec80f2622865a7618e
[/aws/lambda/multi_regression_worker] Deleted stream: 2019/02/10/[$LATEST]4b1a4d9eb46846e8b49dd23572918513
[/aws/lambda/multi_regression_worker] Deleted stream: 2019/02/10/[$LATEST]5cbf183ae7d449789c96851a6443bdd8
[/aws/lambda/multi_regression_worker] Deleted stream: 2019/02/10/[$LATEST]97ebf71a2d42421b9d0bebb61ab23ef4
[/aws/lambda/multi_regression_worker] Deleted stream: 2019/02/10/[$LATEST]a5a81a4d78cc4523b1a34cbed148252f
[/aws/lambda/multi_regression_worker] Deleted stream: 2019/02/10/[$LATEST]d94c63351e3b49219ce48229d1ef869e
Done
=====Time Stamp======
1549831456.393707
===Async Tasks start===
===Async Tasks end===
159.2949743270874
{'target_file': 'pizero_02_dht.csv', 'variable_files': '["pizero_02.csv", "pizero_02_2.csv", "pizero_06.csv"]'}

Calling multi_regression for 2 times!
Run Hyperparameter Tuning on Multivariate Regression
[/aws/lambda/multi_regression_worker] Checking for old streams...
 - Streams in group: /aws/lambda/multi_regression_worker
[/aws/lambda/multi_regression_worker] Deleted stream: 2019/02/10/[$LATEST]010bf04560d94e2ba64301c12454240b
[/aws/lambda/multi_regression_worker] Deleted stream: 2019/02/10/[$LATEST]2cea72951fe64fc196b0e556eee065de
[/aws/lambda/multi_regression_worker] Deleted stream: 2019/02/10/[$LATEST]4b97e2256b67432a8a9d4bf9bd62b660
[/aws/lambda/multi_regression_worker] Deleted stream: 2019/02/10/[$LATEST]5ac11be68b47403baeb62d8148fa4b34
[/aws/lambda/multi_regression_worker] Deleted stream: 2019/02/10/[$LATEST]678ae52020804336a92ca484f8e30ac2
[/aws/lambda/multi_regression_worker] Deleted stream: 2019/02/10/[$LATEST]6eef5d29f9394bb9a5f061dc3c695fab
[/aws/lambda/multi_regression_worker] Deleted stream: 2019/02/10/[$LATEST]aa447c5a27f149e69853686d2620eb88
[/aws/lambda/multi_regression_worker] Deleted stream: 2019/02/10/[$LATEST]bd0aeaac5b854e08be05c91342be0c8e
[/aws/lambda/multi_regression_worker] Deleted stream: 2019/02/10/[$LATEST]e6ed2f9074394d67b32d9698e535efbc
[/aws/lambda/multi_regression_worker] Deleted stream: 2019/02/10/[$LATEST]f14b1d34eea9412099f49c6b213526ab
Done
=====Time Stamp======
1549831648.458315
===Async Tasks start===
===Async Tasks end===
158.46616053581238
{'target_file': 'pizero_02_dht.csv', 'variable_files': '["pizero_02.csv", "pizero_02_2.csv", "pizero_06.csv"]'}

Calling multi_regression for 3 times!
Run Hyperparameter Tuning on Multivariate Regression
[/aws/lambda/multi_regression_worker] Checking for old streams...
 - Streams in group: /aws/lambda/multi_regression_worker
[/aws/lambda/multi_regression_worker] Deleted stream: 2019/02/10/[$LATEST]010bf04560d94e2ba64301c12454240b
[/aws/lambda/multi_regression_worker] Deleted stream: 2019/02/10/[$LATEST]2cea72951fe64fc196b0e556eee065de
[/aws/lambda/multi_regression_worker] Deleted stream: 2019/02/10/[$LATEST]4b97e2256b67432a8a9d4bf9bd62b660
[/aws/lambda/multi_regression_worker] Deleted stream: 2019/02/10/[$LATEST]5ac11be68b47403baeb62d8148fa4b34
[/aws/lambda/multi_regression_worker] Deleted stream: 2019/02/10/[$LATEST]678ae52020804336a92ca484f8e30ac2
[/aws/lambda/multi_regression_worker] Deleted stream: 2019/02/10/[$LATEST]6eef5d29f9394bb9a5f061dc3c695fab
[/aws/lambda/multi_regression_worker] Deleted stream: 2019/02/10/[$LATEST]aa447c5a27f149e69853686d2620eb88
[/aws/lambda/multi_regression_worker] Deleted stream: 2019/02/10/[$LATEST]bd0aeaac5b854e08be05c91342be0c8e
[/aws/lambda/multi_regression_worker] Deleted stream: 2019/02/10/[$LATEST]e6ed2f9074394d67b32d9698e535efbc
[/aws/lambda/multi_regression_worker] Deleted stream: 2019/02/10/[$LATEST]f14b1d34eea9412099f49c6b213526ab
Done
=====Time Stamp======
1549831839.6983454
===Async Tasks start===
===Async Tasks end===
156.96929287910461
{'target_file': 'pizero_02_dht.csv', 'variable_files': '["pizero_02.csv", "pizero_02_2.csv", "pizero_06.csv"]'}

Calling multi_regression for 4 times!
Run Hyperparameter Tuning on Multivariate Regression
[/aws/lambda/multi_regression_worker] Checking for old streams...
 - Streams in group: /aws/lambda/multi_regression_worker
[/aws/lambda/multi_regression_worker] Deleted stream: 2019/02/10/[$LATEST]010bf04560d94e2ba64301c12454240b
[/aws/lambda/multi_regression_worker] Deleted stream: 2019/02/10/[$LATEST]2cea72951fe64fc196b0e556eee065de
[/aws/lambda/multi_regression_worker] Deleted stream: 2019/02/10/[$LATEST]4b97e2256b67432a8a9d4bf9bd62b660
[/aws/lambda/multi_regression_worker] Deleted stream: 2019/02/10/[$LATEST]5ac11be68b47403baeb62d8148fa4b34
[/aws/lambda/multi_regression_worker] Deleted stream: 2019/02/10/[$LATEST]678ae52020804336a92ca484f8e30ac2
[/aws/lambda/multi_regression_worker] Deleted stream: 2019/02/10/[$LATEST]6eef5d29f9394bb9a5f061dc3c695fab
[/aws/lambda/multi_regression_worker] Deleted stream: 2019/02/10/[$LATEST]aa447c5a27f149e69853686d2620eb88
[/aws/lambda/multi_regression_worker] Deleted stream: 2019/02/10/[$LATEST]bd0aeaac5b854e08be05c91342be0c8e
[/aws/lambda/multi_regression_worker] Deleted stream: 2019/02/10/[$LATEST]e6ed2f9074394d67b32d9698e535efbc
[/aws/lambda/multi_regression_worker] Deleted stream: 2019/02/10/[$LATEST]f14b1d34eea9412099f49c6b213526ab
Done
=====Time Stamp======
1549832029.354876
===Async Tasks start===
===Async Tasks end===
156.9677107334137
{'target_file': 'pizero_02_dht.csv', 'variable_files': '["pizero_02.csv", "pizero_02_2.csv", "pizero_06.csv"]'}

Calling multi_regression for 5 times!
Run Hyperparameter Tuning on Multivariate Regression
[/aws/lambda/multi_regression_worker] Checking for old streams...
 - Streams in group: /aws/lambda/multi_regression_worker
[/aws/lambda/multi_regression_worker] Deleted stream: 2019/02/10/[$LATEST]010bf04560d94e2ba64301c12454240b
[/aws/lambda/multi_regression_worker] Deleted stream: 2019/02/10/[$LATEST]2cea72951fe64fc196b0e556eee065de
[/aws/lambda/multi_regression_worker] Deleted stream: 2019/02/10/[$LATEST]4b97e2256b67432a8a9d4bf9bd62b660
[/aws/lambda/multi_regression_worker] Deleted stream: 2019/02/10/[$LATEST]5ac11be68b47403baeb62d8148fa4b34
[/aws/lambda/multi_regression_worker] Deleted stream: 2019/02/10/[$LATEST]678ae52020804336a92ca484f8e30ac2
[/aws/lambda/multi_regression_worker] Deleted stream: 2019/02/10/[$LATEST]6eef5d29f9394bb9a5f061dc3c695fab
[/aws/lambda/multi_regression_worker] Deleted stream: 2019/02/10/[$LATEST]aa447c5a27f149e69853686d2620eb88
[/aws/lambda/multi_regression_worker] Deleted stream: 2019/02/10/[$LATEST]bd0aeaac5b854e08be05c91342be0c8e
[/aws/lambda/multi_regression_worker] Deleted stream: 2019/02/10/[$LATEST]e6ed2f9074394d67b32d9698e535efbc
[/aws/lambda/multi_regression_worker] Deleted stream: 2019/02/10/[$LATEST]f14b1d34eea9412099f49c6b213526ab
Done
=====Time Stamp======
1549832219.2492766
===Async Tasks start===
===Async Tasks end===
158.78428840637207
{'target_file': 'pizero_02_dht.csv', 'variable_files': '["pizero_02.csv", "pizero_02_2.csv", "pizero_06.csv"]'}

Calling multi_regression for 6 times!
Run Hyperparameter Tuning on Multivariate Regression
[/aws/lambda/multi_regression_worker] Checking for old streams...
 - Streams in group: /aws/lambda/multi_regression_worker
[/aws/lambda/multi_regression_worker] Deleted stream: 2019/02/10/[$LATEST]010bf04560d94e2ba64301c12454240b
[/aws/lambda/multi_regression_worker] Deleted stream: 2019/02/10/[$LATEST]2cea72951fe64fc196b0e556eee065de
[/aws/lambda/multi_regression_worker] Deleted stream: 2019/02/10/[$LATEST]4b97e2256b67432a8a9d4bf9bd62b660
[/aws/lambda/multi_regression_worker] Deleted stream: 2019/02/10/[$LATEST]5ac11be68b47403baeb62d8148fa4b34
[/aws/lambda/multi_regression_worker] Deleted stream: 2019/02/10/[$LATEST]678ae52020804336a92ca484f8e30ac2
[/aws/lambda/multi_regression_worker] Deleted stream: 2019/02/10/[$LATEST]6eef5d29f9394bb9a5f061dc3c695fab
[/aws/lambda/multi_regression_worker] Deleted stream: 2019/02/10/[$LATEST]aa447c5a27f149e69853686d2620eb88
[/aws/lambda/multi_regression_worker] Deleted stream: 2019/02/10/[$LATEST]bd0aeaac5b854e08be05c91342be0c8e
[/aws/lambda/multi_regression_worker] Deleted stream: 2019/02/10/[$LATEST]e6ed2f9074394d67b32d9698e535efbc
[/aws/lambda/multi_regression_worker] Deleted stream: 2019/02/10/[$LATEST]f14b1d34eea9412099f49c6b213526ab
Done
=====Time Stamp======
1549832411.0771554
===Async Tasks start===
===Async Tasks end===
159.292813539505
{'target_file': 'pizero_02_dht.csv', 'variable_files': '["pizero_02.csv", "pizero_02_2.csv", "pizero_06.csv"]'}

Calling multi_regression for 7 times!
Run Hyperparameter Tuning on Multivariate Regression
[/aws/lambda/multi_regression_worker] Checking for old streams...
 - Streams in group: /aws/lambda/multi_regression_worker
[/aws/lambda/multi_regression_worker] Deleted stream: 2019/02/10/[$LATEST]010bf04560d94e2ba64301c12454240b
[/aws/lambda/multi_regression_worker] Deleted stream: 2019/02/10/[$LATEST]2cea72951fe64fc196b0e556eee065de
[/aws/lambda/multi_regression_worker] Deleted stream: 2019/02/10/[$LATEST]4b97e2256b67432a8a9d4bf9bd62b660
[/aws/lambda/multi_regression_worker] Deleted stream: 2019/02/10/[$LATEST]5ac11be68b47403baeb62d8148fa4b34
[/aws/lambda/multi_regression_worker] Deleted stream: 2019/02/10/[$LATEST]678ae52020804336a92ca484f8e30ac2
[/aws/lambda/multi_regression_worker] Deleted stream: 2019/02/10/[$LATEST]6eef5d29f9394bb9a5f061dc3c695fab
[/aws/lambda/multi_regression_worker] Deleted stream: 2019/02/10/[$LATEST]aa447c5a27f149e69853686d2620eb88
[/aws/lambda/multi_regression_worker] Deleted stream: 2019/02/10/[$LATEST]bd0aeaac5b854e08be05c91342be0c8e
[/aws/lambda/multi_regression_worker] Deleted stream: 2019/02/10/[$LATEST]e6ed2f9074394d67b32d9698e535efbc
[/aws/lambda/multi_regression_worker] Deleted stream: 2019/02/10/[$LATEST]f14b1d34eea9412099f49c6b213526ab
Done
=====Time Stamp======
1549832603.1815925
===Async Tasks start===
===Async Tasks end===
156.21624517440796
{'target_file': 'pizero_02_dht.csv', 'variable_files': '["pizero_02.csv", "pizero_02_2.csv", "pizero_06.csv"]'}

Calling multi_regression for 8 times!
Run Hyperparameter Tuning on Multivariate Regression
[/aws/lambda/multi_regression_worker] Checking for old streams...
 - Streams in group: /aws/lambda/multi_regression_worker
[/aws/lambda/multi_regression_worker] Deleted stream: 2019/02/10/[$LATEST]010bf04560d94e2ba64301c12454240b
[/aws/lambda/multi_regression_worker] Deleted stream: 2019/02/10/[$LATEST]2cea72951fe64fc196b0e556eee065de
[/aws/lambda/multi_regression_worker] Deleted stream: 2019/02/10/[$LATEST]4b97e2256b67432a8a9d4bf9bd62b660
[/aws/lambda/multi_regression_worker] Deleted stream: 2019/02/10/[$LATEST]5ac11be68b47403baeb62d8148fa4b34
[/aws/lambda/multi_regression_worker] Deleted stream: 2019/02/10/[$LATEST]678ae52020804336a92ca484f8e30ac2
[/aws/lambda/multi_regression_worker] Deleted stream: 2019/02/10/[$LATEST]6eef5d29f9394bb9a5f061dc3c695fab
[/aws/lambda/multi_regression_worker] Deleted stream: 2019/02/10/[$LATEST]aa447c5a27f149e69853686d2620eb88
[/aws/lambda/multi_regression_worker] Deleted stream: 2019/02/10/[$LATEST]bd0aeaac5b854e08be05c91342be0c8e
[/aws/lambda/multi_regression_worker] Deleted stream: 2019/02/10/[$LATEST]e6ed2f9074394d67b32d9698e535efbc
[/aws/lambda/multi_regression_worker] Deleted stream: 2019/02/10/[$LATEST]f14b1d34eea9412099f49c6b213526ab
Done
=====Time Stamp======
1549832792.1163905
===Async Tasks start===
===Async Tasks end===
157.36492919921875
{'target_file': 'pizero_02_dht.csv', 'variable_files': '["pizero_02.csv", "pizero_02_2.csv", "pizero_06.csv"]'}

Calling multi_regression for 9 times!
Run Hyperparameter Tuning on Multivariate Regression
[/aws/lambda/multi_regression_worker] Checking for old streams...
 - Streams in group: /aws/lambda/multi_regression_worker
[/aws/lambda/multi_regression_worker] Deleted stream: 2019/02/10/[$LATEST]010bf04560d94e2ba64301c12454240b
[/aws/lambda/multi_regression_worker] Deleted stream: 2019/02/10/[$LATEST]2cea72951fe64fc196b0e556eee065de
[/aws/lambda/multi_regression_worker] Deleted stream: 2019/02/10/[$LATEST]4b97e2256b67432a8a9d4bf9bd62b660
[/aws/lambda/multi_regression_worker] Deleted stream: 2019/02/10/[$LATEST]5ac11be68b47403baeb62d8148fa4b34
[/aws/lambda/multi_regression_worker] Deleted stream: 2019/02/10/[$LATEST]678ae52020804336a92ca484f8e30ac2
[/aws/lambda/multi_regression_worker] Deleted stream: 2019/02/10/[$LATEST]6eef5d29f9394bb9a5f061dc3c695fab
[/aws/lambda/multi_regression_worker] Deleted stream: 2019/02/10/[$LATEST]aa447c5a27f149e69853686d2620eb88
[/aws/lambda/multi_regression_worker] Deleted stream: 2019/02/10/[$LATEST]bd0aeaac5b854e08be05c91342be0c8e
[/aws/lambda/multi_regression_worker] Deleted stream: 2019/02/10/[$LATEST]e6ed2f9074394d67b32d9698e535efbc
[/aws/lambda/multi_regression_worker] Deleted stream: 2019/02/10/[$LATEST]f14b1d34eea9412099f49c6b213526ab
Done
=====Time Stamp======
1549832982.213532
===Async Tasks start===
===Async Tasks end===
158.60437059402466
{'target_file': 'pizero_02_dht.csv', 'variable_files': '["pizero_02.csv", "pizero_02_2.csv", "pizero_06.csv"]'}

Calling multi_regression for 10 times!
Run Hyperparameter Tuning on Multivariate Regression
[/aws/lambda/multi_regression_worker] Checking for old streams...
 - Streams in group: /aws/lambda/multi_regression_worker
[/aws/lambda/multi_regression_worker] Deleted stream: 2019/02/10/[$LATEST]010bf04560d94e2ba64301c12454240b
[/aws/lambda/multi_regression_worker] Deleted stream: 2019/02/10/[$LATEST]2cea72951fe64fc196b0e556eee065de
[/aws/lambda/multi_regression_worker] Deleted stream: 2019/02/10/[$LATEST]4b97e2256b67432a8a9d4bf9bd62b660
[/aws/lambda/multi_regression_worker] Deleted stream: 2019/02/10/[$LATEST]5ac11be68b47403baeb62d8148fa4b34
[/aws/lambda/multi_regression_worker] Deleted stream: 2019/02/10/[$LATEST]678ae52020804336a92ca484f8e30ac2
[/aws/lambda/multi_regression_worker] Deleted stream: 2019/02/10/[$LATEST]6eef5d29f9394bb9a5f061dc3c695fab
[/aws/lambda/multi_regression_worker] Deleted stream: 2019/02/10/[$LATEST]aa447c5a27f149e69853686d2620eb88
[/aws/lambda/multi_regression_worker] Deleted stream: 2019/02/10/[$LATEST]bd0aeaac5b854e08be05c91342be0c8e
[/aws/lambda/multi_regression_worker] Deleted stream: 2019/02/10/[$LATEST]e6ed2f9074394d67b32d9698e535efbc
[/aws/lambda/multi_regression_worker] Deleted stream: 2019/02/10/[$LATEST]f14b1d34eea9412099f49c6b213526ab
Done
=====Time Stamp======
1549833173.5363796
===Async Tasks start===
===Async Tasks end===
156.5007128715515
{'target_file': 'pizero_02_dht.csv', 'variable_files': '["pizero_02.csv", "pizero_02_2.csv", "pizero_06.csv"]'}

Calling multi_regression for 11 times!
Run Hyperparameter Tuning on Multivariate Regression
[/aws/lambda/multi_regression_worker] Checking for old streams...
 - Streams in group: /aws/lambda/multi_regression_worker
[/aws/lambda/multi_regression_worker] Deleted stream: 2019/02/10/[$LATEST]010bf04560d94e2ba64301c12454240b
[/aws/lambda/multi_regression_worker] Deleted stream: 2019/02/10/[$LATEST]2cea72951fe64fc196b0e556eee065de
[/aws/lambda/multi_regression_worker] Deleted stream: 2019/02/10/[$LATEST]4b97e2256b67432a8a9d4bf9bd62b660
[/aws/lambda/multi_regression_worker] Deleted stream: 2019/02/10/[$LATEST]5ac11be68b47403baeb62d8148fa4b34
[/aws/lambda/multi_regression_worker] Deleted stream: 2019/02/10/[$LATEST]678ae52020804336a92ca484f8e30ac2
[/aws/lambda/multi_regression_worker] Deleted stream: 2019/02/10/[$LATEST]6eef5d29f9394bb9a5f061dc3c695fab
[/aws/lambda/multi_regression_worker] Deleted stream: 2019/02/10/[$LATEST]aa447c5a27f149e69853686d2620eb88
[/aws/lambda/multi_regression_worker] Deleted stream: 2019/02/10/[$LATEST]bd0aeaac5b854e08be05c91342be0c8e
[/aws/lambda/multi_regression_worker] Deleted stream: 2019/02/10/[$LATEST]e6ed2f9074394d67b32d9698e535efbc
[/aws/lambda/multi_regression_worker] Deleted stream: 2019/02/10/[$LATEST]f14b1d34eea9412099f49c6b213526ab
Done
=====Time Stamp======
1549833362.731372
===Async Tasks start===
===Async Tasks end===
158.7677628993988
{'target_file': 'pizero_02_dht.csv', 'variable_files': '["pizero_02.csv", "pizero_02_2.csv", "pizero_06.csv"]'}

Calling multi_regression for 12 times!
Run Hyperparameter Tuning on Multivariate Regression
[/aws/lambda/multi_regression_worker] Checking for old streams...
 - Streams in group: /aws/lambda/multi_regression_worker
[/aws/lambda/multi_regression_worker] Deleted stream: 2019/02/10/[$LATEST]010bf04560d94e2ba64301c12454240b
[/aws/lambda/multi_regression_worker] Deleted stream: 2019/02/10/[$LATEST]2cea72951fe64fc196b0e556eee065de
[/aws/lambda/multi_regression_worker] Deleted stream: 2019/02/10/[$LATEST]4b97e2256b67432a8a9d4bf9bd62b660
[/aws/lambda/multi_regression_worker] Deleted stream: 2019/02/10/[$LATEST]5ac11be68b47403baeb62d8148fa4b34
[/aws/lambda/multi_regression_worker] Deleted stream: 2019/02/10/[$LATEST]678ae52020804336a92ca484f8e30ac2
[/aws/lambda/multi_regression_worker] Deleted stream: 2019/02/10/[$LATEST]6eef5d29f9394bb9a5f061dc3c695fab
[/aws/lambda/multi_regression_worker] Deleted stream: 2019/02/10/[$LATEST]aa447c5a27f149e69853686d2620eb88
[/aws/lambda/multi_regression_worker] Deleted stream: 2019/02/10/[$LATEST]bd0aeaac5b854e08be05c91342be0c8e
[/aws/lambda/multi_regression_worker] Deleted stream: 2019/02/10/[$LATEST]e6ed2f9074394d67b32d9698e535efbc
[/aws/lambda/multi_regression_worker] Deleted stream: 2019/02/10/[$LATEST]f14b1d34eea9412099f49c6b213526ab
Done
=====Time Stamp======
1549833556.605346
===Async Tasks start===
===Async Tasks end===
155.98264479637146
{'target_file': 'pizero_02_dht.csv', 'variable_files': '["pizero_02.csv", "pizero_02_2.csv", "pizero_06.csv"]'}

Calling multi_regression for 13 times!
Run Hyperparameter Tuning on Multivariate Regression
[/aws/lambda/multi_regression_worker] Checking for old streams...
 - Streams in group: /aws/lambda/multi_regression_worker
[/aws/lambda/multi_regression_worker] Deleted stream: 2019/02/10/[$LATEST]010bf04560d94e2ba64301c12454240b
[/aws/lambda/multi_regression_worker] Deleted stream: 2019/02/10/[$LATEST]2cea72951fe64fc196b0e556eee065de
[/aws/lambda/multi_regression_worker] Deleted stream: 2019/02/10/[$LATEST]4b97e2256b67432a8a9d4bf9bd62b660
[/aws/lambda/multi_regression_worker] Deleted stream: 2019/02/10/[$LATEST]5ac11be68b47403baeb62d8148fa4b34
[/aws/lambda/multi_regression_worker] Deleted stream: 2019/02/10/[$LATEST]678ae52020804336a92ca484f8e30ac2
[/aws/lambda/multi_regression_worker] Deleted stream: 2019/02/10/[$LATEST]6eef5d29f9394bb9a5f061dc3c695fab
[/aws/lambda/multi_regression_worker] Deleted stream: 2019/02/10/[$LATEST]aa447c5a27f149e69853686d2620eb88
[/aws/lambda/multi_regression_worker] Deleted stream: 2019/02/10/[$LATEST]bd0aeaac5b854e08be05c91342be0c8e
[/aws/lambda/multi_regression_worker] Deleted stream: 2019/02/10/[$LATEST]e6ed2f9074394d67b32d9698e535efbc
[/aws/lambda/multi_regression_worker] Deleted stream: 2019/02/10/[$LATEST]f14b1d34eea9412099f49c6b213526ab
Done
=====Time Stamp======
1549833745.593449
===Async Tasks start===
===Async Tasks end===
157.4663610458374
{'target_file': 'pizero_02_dht.csv', 'variable_files': '["pizero_02.csv", "pizero_02_2.csv", "pizero_06.csv"]'}

Calling multi_regression for 14 times!
Run Hyperparameter Tuning on Multivariate Regression
[/aws/lambda/multi_regression_worker] Checking for old streams...
 - Streams in group: /aws/lambda/multi_regression_worker
[/aws/lambda/multi_regression_worker] Deleted stream: 2019/02/10/[$LATEST]010bf04560d94e2ba64301c12454240b
[/aws/lambda/multi_regression_worker] Deleted stream: 2019/02/10/[$LATEST]2cea72951fe64fc196b0e556eee065de
[/aws/lambda/multi_regression_worker] Deleted stream: 2019/02/10/[$LATEST]4b97e2256b67432a8a9d4bf9bd62b660
[/aws/lambda/multi_regression_worker] Deleted stream: 2019/02/10/[$LATEST]5ac11be68b47403baeb62d8148fa4b34
[/aws/lambda/multi_regression_worker] Deleted stream: 2019/02/10/[$LATEST]678ae52020804336a92ca484f8e30ac2
[/aws/lambda/multi_regression_worker] Deleted stream: 2019/02/10/[$LATEST]6eef5d29f9394bb9a5f061dc3c695fab
[/aws/lambda/multi_regression_worker] Deleted stream: 2019/02/10/[$LATEST]aa447c5a27f149e69853686d2620eb88
[/aws/lambda/multi_regression_worker] Deleted stream: 2019/02/10/[$LATEST]bd0aeaac5b854e08be05c91342be0c8e
[/aws/lambda/multi_regression_worker] Deleted stream: 2019/02/10/[$LATEST]e6ed2f9074394d67b32d9698e535efbc
[/aws/lambda/multi_regression_worker] Deleted stream: 2019/02/10/[$LATEST]f14b1d34eea9412099f49c6b213526ab
Done
=====Time Stamp======
1549833935.8605049
===Async Tasks start===
===Async Tasks end===
159.38095998764038
{'target_file': 'pizero_02_dht.csv', 'variable_files': '["pizero_02.csv", "pizero_02_2.csv", "pizero_06.csv"]'}

Calling multi_regression for 15 times!
Run Hyperparameter Tuning on Multivariate Regression
[/aws/lambda/multi_regression_worker] Checking for old streams...
 - Streams in group: /aws/lambda/multi_regression_worker
[/aws/lambda/multi_regression_worker] Deleted stream: 2019/02/10/[$LATEST]010bf04560d94e2ba64301c12454240b
[/aws/lambda/multi_regression_worker] Deleted stream: 2019/02/10/[$LATEST]2cea72951fe64fc196b0e556eee065de
[/aws/lambda/multi_regression_worker] Deleted stream: 2019/02/10/[$LATEST]4b97e2256b67432a8a9d4bf9bd62b660
[/aws/lambda/multi_regression_worker] Deleted stream: 2019/02/10/[$LATEST]5ac11be68b47403baeb62d8148fa4b34
[/aws/lambda/multi_regression_worker] Deleted stream: 2019/02/10/[$LATEST]678ae52020804336a92ca484f8e30ac2
[/aws/lambda/multi_regression_worker] Deleted stream: 2019/02/10/[$LATEST]6eef5d29f9394bb9a5f061dc3c695fab
[/aws/lambda/multi_regression_worker] Deleted stream: 2019/02/10/[$LATEST]aa447c5a27f149e69853686d2620eb88
[/aws/lambda/multi_regression_worker] Deleted stream: 2019/02/10/[$LATEST]bd0aeaac5b854e08be05c91342be0c8e
[/aws/lambda/multi_regression_worker] Deleted stream: 2019/02/10/[$LATEST]e6ed2f9074394d67b32d9698e535efbc
[/aws/lambda/multi_regression_worker] Deleted stream: 2019/02/10/[$LATEST]f14b1d34eea9412099f49c6b213526ab
Done
=====Time Stamp======
1549834128.3058245
===Async Tasks start===
===Async Tasks end===
158.97301936149597
{'target_file': 'pizero_02_dht.csv', 'variable_files': '["pizero_02.csv", "pizero_02_2.csv", "pizero_06.csv"]'}

Calling multi_regression for 16 times!
Run Hyperparameter Tuning on Multivariate Regression
[/aws/lambda/multi_regression_worker] Checking for old streams...
 - Streams in group: /aws/lambda/multi_regression_worker
[/aws/lambda/multi_regression_worker] Deleted stream: 2019/02/10/[$LATEST]010bf04560d94e2ba64301c12454240b
[/aws/lambda/multi_regression_worker] Deleted stream: 2019/02/10/[$LATEST]2cea72951fe64fc196b0e556eee065de
[/aws/lambda/multi_regression_worker] Deleted stream: 2019/02/10/[$LATEST]4b97e2256b67432a8a9d4bf9bd62b660
[/aws/lambda/multi_regression_worker] Deleted stream: 2019/02/10/[$LATEST]5ac11be68b47403baeb62d8148fa4b34
[/aws/lambda/multi_regression_worker] Deleted stream: 2019/02/10/[$LATEST]678ae52020804336a92ca484f8e30ac2
[/aws/lambda/multi_regression_worker] Deleted stream: 2019/02/10/[$LATEST]6eef5d29f9394bb9a5f061dc3c695fab
[/aws/lambda/multi_regression_worker] Deleted stream: 2019/02/10/[$LATEST]aa447c5a27f149e69853686d2620eb88
[/aws/lambda/multi_regression_worker] Deleted stream: 2019/02/10/[$LATEST]bd0aeaac5b854e08be05c91342be0c8e
[/aws/lambda/multi_regression_worker] Deleted stream: 2019/02/10/[$LATEST]e6ed2f9074394d67b32d9698e535efbc
[/aws/lambda/multi_regression_worker] Deleted stream: 2019/02/10/[$LATEST]f14b1d34eea9412099f49c6b213526ab
Done
=====Time Stamp======
1549834320.1702828
===Async Tasks start===
===Async Tasks end===
158.01422905921936
{'target_file': 'pizero_02_dht.csv', 'variable_files': '["pizero_02.csv", "pizero_02_2.csv", "pizero_06.csv"]'}

Calling multi_regression for 17 times!
Run Hyperparameter Tuning on Multivariate Regression
[/aws/lambda/multi_regression_worker] Checking for old streams...
 - Streams in group: /aws/lambda/multi_regression_worker
[/aws/lambda/multi_regression_worker] Deleted stream: 2019/02/10/[$LATEST]010bf04560d94e2ba64301c12454240b
[/aws/lambda/multi_regression_worker] Deleted stream: 2019/02/10/[$LATEST]2cea72951fe64fc196b0e556eee065de
[/aws/lambda/multi_regression_worker] Deleted stream: 2019/02/10/[$LATEST]4b97e2256b67432a8a9d4bf9bd62b660
[/aws/lambda/multi_regression_worker] Deleted stream: 2019/02/10/[$LATEST]5ac11be68b47403baeb62d8148fa4b34
[/aws/lambda/multi_regression_worker] Deleted stream: 2019/02/10/[$LATEST]678ae52020804336a92ca484f8e30ac2
[/aws/lambda/multi_regression_worker] Deleted stream: 2019/02/10/[$LATEST]6eef5d29f9394bb9a5f061dc3c695fab
[/aws/lambda/multi_regression_worker] Deleted stream: 2019/02/10/[$LATEST]aa447c5a27f149e69853686d2620eb88
[/aws/lambda/multi_regression_worker] Deleted stream: 2019/02/10/[$LATEST]bd0aeaac5b854e08be05c91342be0c8e
[/aws/lambda/multi_regression_worker] Deleted stream: 2019/02/10/[$LATEST]e6ed2f9074394d67b32d9698e535efbc
[/aws/lambda/multi_regression_worker] Deleted stream: 2019/02/10/[$LATEST]f14b1d34eea9412099f49c6b213526ab
Done
=====Time Stamp======
1549834510.9559705
===Async Tasks start===
===Async Tasks end===
159.1753478050232
{'target_file': 'pizero_02_dht.csv', 'variable_files': '["pizero_02.csv", "pizero_02_2.csv", "pizero_06.csv"]'}

Calling multi_regression for 18 times!
Run Hyperparameter Tuning on Multivariate Regression
[/aws/lambda/multi_regression_worker] Checking for old streams...
 - Streams in group: /aws/lambda/multi_regression_worker
[/aws/lambda/multi_regression_worker] Deleted stream: 2019/02/10/[$LATEST]010bf04560d94e2ba64301c12454240b
[/aws/lambda/multi_regression_worker] Deleted stream: 2019/02/10/[$LATEST]2cea72951fe64fc196b0e556eee065de
[/aws/lambda/multi_regression_worker] Deleted stream: 2019/02/10/[$LATEST]4b97e2256b67432a8a9d4bf9bd62b660
[/aws/lambda/multi_regression_worker] Deleted stream: 2019/02/10/[$LATEST]5ac11be68b47403baeb62d8148fa4b34
[/aws/lambda/multi_regression_worker] Deleted stream: 2019/02/10/[$LATEST]678ae52020804336a92ca484f8e30ac2
[/aws/lambda/multi_regression_worker] Deleted stream: 2019/02/10/[$LATEST]6eef5d29f9394bb9a5f061dc3c695fab
[/aws/lambda/multi_regression_worker] Deleted stream: 2019/02/10/[$LATEST]aa447c5a27f149e69853686d2620eb88
[/aws/lambda/multi_regression_worker] Deleted stream: 2019/02/10/[$LATEST]bd0aeaac5b854e08be05c91342be0c8e
[/aws/lambda/multi_regression_worker] Deleted stream: 2019/02/10/[$LATEST]e6ed2f9074394d67b32d9698e535efbc
[/aws/lambda/multi_regression_worker] Deleted stream: 2019/02/10/[$LATEST]f14b1d34eea9412099f49c6b213526ab
Done
=====Time Stamp======
1549834702.994897
===Async Tasks start===
===Async Tasks end===
157.76113080978394
{'target_file': 'pizero_02_dht.csv', 'variable_files': '["pizero_02.csv", "pizero_02_2.csv", "pizero_06.csv"]'}

Calling multi_regression for 19 times!
Run Hyperparameter Tuning on Multivariate Regression
[/aws/lambda/multi_regression_worker] Checking for old streams...
 - Streams in group: /aws/lambda/multi_regression_worker
[/aws/lambda/multi_regression_worker] Deleted stream: 2019/02/10/[$LATEST]010bf04560d94e2ba64301c12454240b
[/aws/lambda/multi_regression_worker] Deleted stream: 2019/02/10/[$LATEST]2cea72951fe64fc196b0e556eee065de
[/aws/lambda/multi_regression_worker] Deleted stream: 2019/02/10/[$LATEST]4b97e2256b67432a8a9d4bf9bd62b660
[/aws/lambda/multi_regression_worker] Deleted stream: 2019/02/10/[$LATEST]5ac11be68b47403baeb62d8148fa4b34
[/aws/lambda/multi_regression_worker] Deleted stream: 2019/02/10/[$LATEST]678ae52020804336a92ca484f8e30ac2
[/aws/lambda/multi_regression_worker] Deleted stream: 2019/02/10/[$LATEST]6eef5d29f9394bb9a5f061dc3c695fab
[/aws/lambda/multi_regression_worker] Deleted stream: 2019/02/10/[$LATEST]aa447c5a27f149e69853686d2620eb88
[/aws/lambda/multi_regression_worker] Deleted stream: 2019/02/10/[$LATEST]bd0aeaac5b854e08be05c91342be0c8e
[/aws/lambda/multi_regression_worker] Deleted stream: 2019/02/10/[$LATEST]e6ed2f9074394d67b32d9698e535efbc
[/aws/lambda/multi_regression_worker] Deleted stream: 2019/02/10/[$LATEST]f14b1d34eea9412099f49c6b213526ab
Done
=====Time Stamp======
1549834893.519155
===Async Tasks start===
===Async Tasks end===
158.96757173538208
{'target_file': 'pizero_02_dht.csv', 'variable_files': '["pizero_02.csv", "pizero_02_2.csv", "pizero_06.csv"]'}

Calling multi_regression for 20 times!
Run Hyperparameter Tuning on Multivariate Regression
[/aws/lambda/multi_regression_worker] Checking for old streams...
 - Streams in group: /aws/lambda/multi_regression_worker
[/aws/lambda/multi_regression_worker] Deleted stream: 2019/02/10/[$LATEST]010bf04560d94e2ba64301c12454240b
[/aws/lambda/multi_regression_worker] Deleted stream: 2019/02/10/[$LATEST]2cea72951fe64fc196b0e556eee065de
[/aws/lambda/multi_regression_worker] Deleted stream: 2019/02/10/[$LATEST]4b97e2256b67432a8a9d4bf9bd62b660
[/aws/lambda/multi_regression_worker] Deleted stream: 2019/02/10/[$LATEST]5ac11be68b47403baeb62d8148fa4b34
[/aws/lambda/multi_regression_worker] Deleted stream: 2019/02/10/[$LATEST]678ae52020804336a92ca484f8e30ac2
[/aws/lambda/multi_regression_worker] Deleted stream: 2019/02/10/[$LATEST]6eef5d29f9394bb9a5f061dc3c695fab
[/aws/lambda/multi_regression_worker] Deleted stream: 2019/02/10/[$LATEST]aa447c5a27f149e69853686d2620eb88
[/aws/lambda/multi_regression_worker] Deleted stream: 2019/02/10/[$LATEST]bd0aeaac5b854e08be05c91342be0c8e
[/aws/lambda/multi_regression_worker] Deleted stream: 2019/02/10/[$LATEST]e6ed2f9074394d67b32d9698e535efbc
[/aws/lambda/multi_regression_worker] Deleted stream: 2019/02/10/[$LATEST]f14b1d34eea9412099f49c6b213526ab
Done
=====Time Stamp======
1549835085.2845583
===Async Tasks start===
===Async Tasks end===
158.06020593643188
{'target_file': 'pizero_02_dht.csv', 'variable_files': '["pizero_02.csv", "pizero_02_2.csv", "pizero_06.csv"]'}

Calling multi_regression for 21 times!
Run Hyperparameter Tuning on Multivariate Regression
[/aws/lambda/multi_regression_worker] Checking for old streams...
 - Streams in group: /aws/lambda/multi_regression_worker
[/aws/lambda/multi_regression_worker] Deleted stream: 2019/02/10/[$LATEST]010bf04560d94e2ba64301c12454240b
[/aws/lambda/multi_regression_worker] Deleted stream: 2019/02/10/[$LATEST]2cea72951fe64fc196b0e556eee065de
[/aws/lambda/multi_regression_worker] Deleted stream: 2019/02/10/[$LATEST]4b97e2256b67432a8a9d4bf9bd62b660
[/aws/lambda/multi_regression_worker] Deleted stream: 2019/02/10/[$LATEST]5ac11be68b47403baeb62d8148fa4b34
[/aws/lambda/multi_regression_worker] Deleted stream: 2019/02/10/[$LATEST]678ae52020804336a92ca484f8e30ac2
[/aws/lambda/multi_regression_worker] Deleted stream: 2019/02/10/[$LATEST]6eef5d29f9394bb9a5f061dc3c695fab
[/aws/lambda/multi_regression_worker] Deleted stream: 2019/02/10/[$LATEST]aa447c5a27f149e69853686d2620eb88
[/aws/lambda/multi_regression_worker] Deleted stream: 2019/02/10/[$LATEST]bd0aeaac5b854e08be05c91342be0c8e
[/aws/lambda/multi_regression_worker] Deleted stream: 2019/02/10/[$LATEST]e6ed2f9074394d67b32d9698e535efbc
[/aws/lambda/multi_regression_worker] Deleted stream: 2019/02/10/[$LATEST]f14b1d34eea9412099f49c6b213526ab
Done
=====Time Stamp======
1549835276.1921365
===Async Tasks start===
===Async Tasks end===
159.09143996238708
{'target_file': 'pizero_02_dht.csv', 'variable_files': '["pizero_02.csv", "pizero_02_2.csv", "pizero_06.csv"]'}

Calling multi_regression for 22 times!
Run Hyperparameter Tuning on Multivariate Regression
[/aws/lambda/multi_regression_worker] Checking for old streams...
 - Streams in group: /aws/lambda/multi_regression_worker
[/aws/lambda/multi_regression_worker] Deleted stream: 2019/02/10/[$LATEST]010bf04560d94e2ba64301c12454240b
[/aws/lambda/multi_regression_worker] Deleted stream: 2019/02/10/[$LATEST]2cea72951fe64fc196b0e556eee065de
[/aws/lambda/multi_regression_worker] Deleted stream: 2019/02/10/[$LATEST]4b97e2256b67432a8a9d4bf9bd62b660
[/aws/lambda/multi_regression_worker] Deleted stream: 2019/02/10/[$LATEST]5ac11be68b47403baeb62d8148fa4b34
[/aws/lambda/multi_regression_worker] Deleted stream: 2019/02/10/[$LATEST]678ae52020804336a92ca484f8e30ac2
[/aws/lambda/multi_regression_worker] Deleted stream: 2019/02/10/[$LATEST]6eef5d29f9394bb9a5f061dc3c695fab
[/aws/lambda/multi_regression_worker] Deleted stream: 2019/02/10/[$LATEST]aa447c5a27f149e69853686d2620eb88
[/aws/lambda/multi_regression_worker] Deleted stream: 2019/02/10/[$LATEST]bd0aeaac5b854e08be05c91342be0c8e
[/aws/lambda/multi_regression_worker] Deleted stream: 2019/02/10/[$LATEST]e6ed2f9074394d67b32d9698e535efbc
[/aws/lambda/multi_regression_worker] Deleted stream: 2019/02/10/[$LATEST]f14b1d34eea9412099f49c6b213526ab
Done
=====Time Stamp======
1549835468.075059
===Async Tasks start===
===Async Tasks end===
158.83376121520996
{'target_file': 'pizero_02_dht.csv', 'variable_files': '["pizero_02.csv", "pizero_02_2.csv", "pizero_06.csv"]'}

Calling multi_regression for 23 times!
Run Hyperparameter Tuning on Multivariate Regression
[/aws/lambda/multi_regression_worker] Checking for old streams...
 - Streams in group: /aws/lambda/multi_regression_worker
[/aws/lambda/multi_regression_worker] Deleted stream: 2019/02/10/[$LATEST]010bf04560d94e2ba64301c12454240b
[/aws/lambda/multi_regression_worker] Deleted stream: 2019/02/10/[$LATEST]2cea72951fe64fc196b0e556eee065de
[/aws/lambda/multi_regression_worker] Deleted stream: 2019/02/10/[$LATEST]4b97e2256b67432a8a9d4bf9bd62b660
[/aws/lambda/multi_regression_worker] Deleted stream: 2019/02/10/[$LATEST]5ac11be68b47403baeb62d8148fa4b34
[/aws/lambda/multi_regression_worker] Deleted stream: 2019/02/10/[$LATEST]678ae52020804336a92ca484f8e30ac2
[/aws/lambda/multi_regression_worker] Deleted stream: 2019/02/10/[$LATEST]6eef5d29f9394bb9a5f061dc3c695fab
[/aws/lambda/multi_regression_worker] Deleted stream: 2019/02/10/[$LATEST]aa447c5a27f149e69853686d2620eb88
[/aws/lambda/multi_regression_worker] Deleted stream: 2019/02/10/[$LATEST]bd0aeaac5b854e08be05c91342be0c8e
[/aws/lambda/multi_regression_worker] Deleted stream: 2019/02/10/[$LATEST]e6ed2f9074394d67b32d9698e535efbc
[/aws/lambda/multi_regression_worker] Deleted stream: 2019/02/10/[$LATEST]f14b1d34eea9412099f49c6b213526ab
Done
=====Time Stamp======
1549835659.6581762
===Async Tasks start===
===Async Tasks end===
158.15708303451538
{'target_file': 'pizero_02_dht.csv', 'variable_files': '["pizero_02.csv", "pizero_02_2.csv", "pizero_06.csv"]'}

Calling multi_regression for 24 times!
Run Hyperparameter Tuning on Multivariate Regression
[/aws/lambda/multi_regression_worker] Checking for old streams...
 - Streams in group: /aws/lambda/multi_regression_worker
[/aws/lambda/multi_regression_worker] Deleted stream: 2019/02/10/[$LATEST]010bf04560d94e2ba64301c12454240b
[/aws/lambda/multi_regression_worker] Deleted stream: 2019/02/10/[$LATEST]2cea72951fe64fc196b0e556eee065de
[/aws/lambda/multi_regression_worker] Deleted stream: 2019/02/10/[$LATEST]4b97e2256b67432a8a9d4bf9bd62b660
[/aws/lambda/multi_regression_worker] Deleted stream: 2019/02/10/[$LATEST]5ac11be68b47403baeb62d8148fa4b34
[/aws/lambda/multi_regression_worker] Deleted stream: 2019/02/10/[$LATEST]678ae52020804336a92ca484f8e30ac2
[/aws/lambda/multi_regression_worker] Deleted stream: 2019/02/10/[$LATEST]6eef5d29f9394bb9a5f061dc3c695fab
[/aws/lambda/multi_regression_worker] Deleted stream: 2019/02/10/[$LATEST]aa447c5a27f149e69853686d2620eb88
[/aws/lambda/multi_regression_worker] Deleted stream: 2019/02/10/[$LATEST]bd0aeaac5b854e08be05c91342be0c8e
[/aws/lambda/multi_regression_worker] Deleted stream: 2019/02/10/[$LATEST]e6ed2f9074394d67b32d9698e535efbc
[/aws/lambda/multi_regression_worker] Deleted stream: 2019/02/10/[$LATEST]f14b1d34eea9412099f49c6b213526ab
Done
=====Time Stamp======
1549835850.4780524
===Async Tasks start===
===Async Tasks end===
160.52509474754333
{'target_file': 'pizero_02_dht.csv', 'variable_files': '["pizero_02.csv", "pizero_02_2.csv", "pizero_06.csv"]'}

Calling multi_regression for 25 times!
Run Hyperparameter Tuning on Multivariate Regression
[/aws/lambda/multi_regression_worker] Checking for old streams...
 - Streams in group: /aws/lambda/multi_regression_worker
[/aws/lambda/multi_regression_worker] Deleted stream: 2019/02/10/[$LATEST]010bf04560d94e2ba64301c12454240b
[/aws/lambda/multi_regression_worker] Deleted stream: 2019/02/10/[$LATEST]2cea72951fe64fc196b0e556eee065de
[/aws/lambda/multi_regression_worker] Deleted stream: 2019/02/10/[$LATEST]4b97e2256b67432a8a9d4bf9bd62b660
[/aws/lambda/multi_regression_worker] Deleted stream: 2019/02/10/[$LATEST]5ac11be68b47403baeb62d8148fa4b34
[/aws/lambda/multi_regression_worker] Deleted stream: 2019/02/10/[$LATEST]678ae52020804336a92ca484f8e30ac2
[/aws/lambda/multi_regression_worker] Deleted stream: 2019/02/10/[$LATEST]6eef5d29f9394bb9a5f061dc3c695fab
[/aws/lambda/multi_regression_worker] Deleted stream: 2019/02/10/[$LATEST]aa447c5a27f149e69853686d2620eb88
[/aws/lambda/multi_regression_worker] Deleted stream: 2019/02/10/[$LATEST]bd0aeaac5b854e08be05c91342be0c8e
[/aws/lambda/multi_regression_worker] Deleted stream: 2019/02/10/[$LATEST]e6ed2f9074394d67b32d9698e535efbc
[/aws/lambda/multi_regression_worker] Deleted stream: 2019/02/10/[$LATEST]f14b1d34eea9412099f49c6b213526ab
Done
=====Time Stamp======
1549836043.7393253
===Async Tasks start===
===Async Tasks end===
159.47962927818298
{'target_file': 'pizero_02_dht.csv', 'variable_files': '["pizero_02.csv", "pizero_02_2.csv", "pizero_06.csv"]'}

Calling multi_regression for 26 times!
Run Hyperparameter Tuning on Multivariate Regression
[/aws/lambda/multi_regression_worker] Checking for old streams...
 - Streams in group: /aws/lambda/multi_regression_worker
[/aws/lambda/multi_regression_worker] Deleted stream: 2019/02/10/[$LATEST]010bf04560d94e2ba64301c12454240b
[/aws/lambda/multi_regression_worker] Deleted stream: 2019/02/10/[$LATEST]2cea72951fe64fc196b0e556eee065de
[/aws/lambda/multi_regression_worker] Deleted stream: 2019/02/10/[$LATEST]4b97e2256b67432a8a9d4bf9bd62b660
[/aws/lambda/multi_regression_worker] Deleted stream: 2019/02/10/[$LATEST]5ac11be68b47403baeb62d8148fa4b34
[/aws/lambda/multi_regression_worker] Deleted stream: 2019/02/10/[$LATEST]678ae52020804336a92ca484f8e30ac2
[/aws/lambda/multi_regression_worker] Deleted stream: 2019/02/10/[$LATEST]6eef5d29f9394bb9a5f061dc3c695fab
[/aws/lambda/multi_regression_worker] Deleted stream: 2019/02/10/[$LATEST]aa447c5a27f149e69853686d2620eb88
[/aws/lambda/multi_regression_worker] Deleted stream: 2019/02/10/[$LATEST]bd0aeaac5b854e08be05c91342be0c8e
[/aws/lambda/multi_regression_worker] Deleted stream: 2019/02/10/[$LATEST]e6ed2f9074394d67b32d9698e535efbc
[/aws/lambda/multi_regression_worker] Deleted stream: 2019/02/10/[$LATEST]f14b1d34eea9412099f49c6b213526ab
Done
=====Time Stamp======
1549836236.1181152
===Async Tasks start===
===Async Tasks end===
160.5440971851349
{'target_file': 'pizero_02_dht.csv', 'variable_files': '["pizero_02.csv", "pizero_02_2.csv", "pizero_06.csv"]'}

Calling multi_regression for 27 times!
Run Hyperparameter Tuning on Multivariate Regression
[/aws/lambda/multi_regression_worker] Checking for old streams...
 - Streams in group: /aws/lambda/multi_regression_worker
[/aws/lambda/multi_regression_worker] Deleted stream: 2019/02/10/[$LATEST]010bf04560d94e2ba64301c12454240b
[/aws/lambda/multi_regression_worker] Deleted stream: 2019/02/10/[$LATEST]2cea72951fe64fc196b0e556eee065de
[/aws/lambda/multi_regression_worker] Deleted stream: 2019/02/10/[$LATEST]4b97e2256b67432a8a9d4bf9bd62b660
[/aws/lambda/multi_regression_worker] Deleted stream: 2019/02/10/[$LATEST]5ac11be68b47403baeb62d8148fa4b34
[/aws/lambda/multi_regression_worker] Deleted stream: 2019/02/10/[$LATEST]678ae52020804336a92ca484f8e30ac2
[/aws/lambda/multi_regression_worker] Deleted stream: 2019/02/10/[$LATEST]6eef5d29f9394bb9a5f061dc3c695fab
[/aws/lambda/multi_regression_worker] Deleted stream: 2019/02/10/[$LATEST]aa447c5a27f149e69853686d2620eb88
[/aws/lambda/multi_regression_worker] Deleted stream: 2019/02/10/[$LATEST]bd0aeaac5b854e08be05c91342be0c8e
[/aws/lambda/multi_regression_worker] Deleted stream: 2019/02/10/[$LATEST]e6ed2f9074394d67b32d9698e535efbc
[/aws/lambda/multi_regression_worker] Deleted stream: 2019/02/10/[$LATEST]f14b1d34eea9412099f49c6b213526ab
Done
=====Time Stamp======
1549836429.431204
===Async Tasks start===
===Async Tasks end===
159.7953338623047
{'target_file': 'pizero_02_dht.csv', 'variable_files': '["pizero_02.csv", "pizero_02_2.csv", "pizero_06.csv"]'}

Calling multi_regression for 28 times!
Run Hyperparameter Tuning on Multivariate Regression
[/aws/lambda/multi_regression_worker] Checking for old streams...
 - Streams in group: /aws/lambda/multi_regression_worker
[/aws/lambda/multi_regression_worker] Deleted stream: 2019/02/10/[$LATEST]010bf04560d94e2ba64301c12454240b
[/aws/lambda/multi_regression_worker] Deleted stream: 2019/02/10/[$LATEST]2cea72951fe64fc196b0e556eee065de
[/aws/lambda/multi_regression_worker] Deleted stream: 2019/02/10/[$LATEST]4b97e2256b67432a8a9d4bf9bd62b660
[/aws/lambda/multi_regression_worker] Deleted stream: 2019/02/10/[$LATEST]5ac11be68b47403baeb62d8148fa4b34
[/aws/lambda/multi_regression_worker] Deleted stream: 2019/02/10/[$LATEST]678ae52020804336a92ca484f8e30ac2
[/aws/lambda/multi_regression_worker] Deleted stream: 2019/02/10/[$LATEST]6eef5d29f9394bb9a5f061dc3c695fab
[/aws/lambda/multi_regression_worker] Deleted stream: 2019/02/10/[$LATEST]aa447c5a27f149e69853686d2620eb88
[/aws/lambda/multi_regression_worker] Deleted stream: 2019/02/10/[$LATEST]bd0aeaac5b854e08be05c91342be0c8e
[/aws/lambda/multi_regression_worker] Deleted stream: 2019/02/10/[$LATEST]e6ed2f9074394d67b32d9698e535efbc
[/aws/lambda/multi_regression_worker] Deleted stream: 2019/02/10/[$LATEST]f14b1d34eea9412099f49c6b213526ab
Done
=====Time Stamp======
1549836621.953426
===Async Tasks start===
===Async Tasks end===
160.0891900062561
{'target_file': 'pizero_02_dht.csv', 'variable_files': '["pizero_02.csv", "pizero_02_2.csv", "pizero_06.csv"]'}

Calling multi_regression for 29 times!
Run Hyperparameter Tuning on Multivariate Regression
[/aws/lambda/multi_regression_worker] Checking for old streams...
 - Streams in group: /aws/lambda/multi_regression_worker
[/aws/lambda/multi_regression_worker] Deleted stream: 2019/02/10/[$LATEST]010bf04560d94e2ba64301c12454240b
[/aws/lambda/multi_regression_worker] Deleted stream: 2019/02/10/[$LATEST]2cea72951fe64fc196b0e556eee065de
[/aws/lambda/multi_regression_worker] Deleted stream: 2019/02/10/[$LATEST]4b97e2256b67432a8a9d4bf9bd62b660
[/aws/lambda/multi_regression_worker] Deleted stream: 2019/02/10/[$LATEST]5ac11be68b47403baeb62d8148fa4b34
[/aws/lambda/multi_regression_worker] Deleted stream: 2019/02/10/[$LATEST]678ae52020804336a92ca484f8e30ac2
[/aws/lambda/multi_regression_worker] Deleted stream: 2019/02/10/[$LATEST]6eef5d29f9394bb9a5f061dc3c695fab
[/aws/lambda/multi_regression_worker] Deleted stream: 2019/02/10/[$LATEST]aa447c5a27f149e69853686d2620eb88
[/aws/lambda/multi_regression_worker] Deleted stream: 2019/02/10/[$LATEST]bd0aeaac5b854e08be05c91342be0c8e
[/aws/lambda/multi_regression_worker] Deleted stream: 2019/02/10/[$LATEST]d989142edbcb4b58a4536a0c7ae35d12
[/aws/lambda/multi_regression_worker] Deleted stream: 2019/02/10/[$LATEST]e6ed2f9074394d67b32d9698e535efbc
[/aws/lambda/multi_regression_worker] Deleted stream: 2019/02/10/[$LATEST]f14b1d34eea9412099f49c6b213526ab
Done
=====Time Stamp======
1549836815.0257044
===Async Tasks start===
===Async Tasks end===
162.1369035243988
{'target_file': 'pizero_02_dht.csv', 'variable_files': '["pizero_02.csv", "pizero_02_2.csv", "pizero_06.csv"]'}


Restarting celery worker (/home/ubuntu/Seneca/venv/bin/celery -A proj worker --concurrency=10)
[2019-02-10 23:40:53,000: ERROR/MainProcess] Error on stopping Pool: TypeError("can't pickle _thread.lock objects",)
Traceback (most recent call last):
  File "/home/ubuntu/Seneca/venv/lib/python3.6/site-packages/celery/worker/worker.py", line 205, in start
    self.blueprint.start(self)
  File "/home/ubuntu/Seneca/venv/lib/python3.6/site-packages/celery/bootsteps.py", line 119, in start
    step.start(parent)
  File "/home/ubuntu/Seneca/venv/lib/python3.6/site-packages/celery/bootsteps.py", line 369, in start
    return self.obj.start()
  File "/home/ubuntu/Seneca/venv/lib/python3.6/site-packages/celery/worker/consumer/consumer.py", line 317, in start
    blueprint.start(self)
  File "/home/ubuntu/Seneca/venv/lib/python3.6/site-packages/celery/bootsteps.py", line 119, in start
    step.start(parent)
  File "/home/ubuntu/Seneca/venv/lib/python3.6/site-packages/celery/worker/consumer/consumer.py", line 593, in start
    c.loop(*c.loop_args())
  File "/home/ubuntu/Seneca/venv/lib/python3.6/site-packages/celery/worker/loops.py", line 80, in asynloop
    raise WorkerShutdown(should_stop)
celery.exceptions.WorkerShutdown: 0

During handling of the above exception, another exception occurred:

Traceback (most recent call last):
  File "/home/ubuntu/Seneca/venv/lib/python3.6/site-packages/celery/bootsteps.py", line 151, in send_all
    fun(parent, *args)
  File "/home/ubuntu/Seneca/venv/lib/python3.6/site-packages/celery/bootsteps.py", line 373, in stop
    return self.obj.stop()
  File "/home/ubuntu/Seneca/venv/lib/python3.6/site-packages/celery/concurrency/base.py", line 122, in stop
    self.on_stop()
  File "/home/ubuntu/Seneca/venv/lib/python3.6/site-packages/celery/concurrency/prefork.py", line 140, in on_stop
    self._pool.join()
  File "/home/ubuntu/Seneca/venv/lib/python3.6/site-packages/billiard/pool.py", line 1578, in join
    stop_if_not_current(self._result_handler)
  File "/home/ubuntu/Seneca/venv/lib/python3.6/site-packages/billiard/pool.py", line 143, in stop_if_not_current
    thread.stop(timeout)
  File "/home/ubuntu/Seneca/venv/lib/python3.6/site-packages/billiard/pool.py", line 500, in stop
    self.on_stop_not_started()
  File "/home/ubuntu/Seneca/venv/lib/python3.6/site-packages/celery/concurrency/asynpool.py", line 332, in on_stop_not_started
    check_timeouts()
  File "/home/ubuntu/Seneca/venv/lib/python3.6/site-packages/billiard/pool.py", line 744, in handle_event
    next(self._it)
  File "/home/ubuntu/Seneca/venv/lib/python3.6/site-packages/billiard/pool.py", line 697, in handle_timeouts
    cache = copy.deepcopy(self.cache)
  File "/home/ubuntu/Seneca/venv/lib/python3.6/copy.py", line 150, in deepcopy
    y = copier(x, memo)
  File "/home/ubuntu/Seneca/venv/lib/python3.6/copy.py", line 240, in _deepcopy_dict
    y[deepcopy(key, memo)] = deepcopy(value, memo)
  File "/home/ubuntu/Seneca/venv/lib/python3.6/copy.py", line 180, in deepcopy
    y = _reconstruct(x, memo, *rv)
  File "/home/ubuntu/Seneca/venv/lib/python3.6/copy.py", line 280, in _reconstruct
    state = deepcopy(state, memo)
  File "/home/ubuntu/Seneca/venv/lib/python3.6/copy.py", line 150, in deepcopy
    y = copier(x, memo)
  File "/home/ubuntu/Seneca/venv/lib/python3.6/copy.py", line 240, in _deepcopy_dict
    y[deepcopy(key, memo)] = deepcopy(value, memo)
  File "/home/ubuntu/Seneca/venv/lib/python3.6/copy.py", line 180, in deepcopy
    y = _reconstruct(x, memo, *rv)
  File "/home/ubuntu/Seneca/venv/lib/python3.6/copy.py", line 280, in _reconstruct
    state = deepcopy(state, memo)
  File "/home/ubuntu/Seneca/venv/lib/python3.6/copy.py", line 150, in deepcopy
    y = copier(x, memo)
  File "/home/ubuntu/Seneca/venv/lib/python3.6/copy.py", line 240, in _deepcopy_dict
    y[deepcopy(key, memo)] = deepcopy(value, memo)
  File "/home/ubuntu/Seneca/venv/lib/python3.6/copy.py", line 180, in deepcopy
    y = _reconstruct(x, memo, *rv)
  File "/home/ubuntu/Seneca/venv/lib/python3.6/copy.py", line 280, in _reconstruct
    state = deepcopy(state, memo)
  File "/home/ubuntu/Seneca/venv/lib/python3.6/copy.py", line 150, in deepcopy
    y = copier(x, memo)
  File "/home/ubuntu/Seneca/venv/lib/python3.6/copy.py", line 240, in _deepcopy_dict
    y[deepcopy(key, memo)] = deepcopy(value, memo)
  File "/home/ubuntu/Seneca/venv/lib/python3.6/copy.py", line 169, in deepcopy
    rv = reductor(4)
TypeError: can't pickle _thread.lock objects

worker: Warm shutdown (MainProcess)
 
 -------------- celery@ip-172-31-29-184 v4.2.1 (windowlicker)
---- **** ----- 
--- * ***  * -- Linux-4.15.0-1023-aws-x86_64-with-Ubuntu-18.04-bionic 2019-02-10 23:40:53
-- * - **** --- 
- ** ---------- [config]
- ** ---------- .> app:         proj:0x7f627f6c3898
- ** ---------- .> transport:   amqp://myuser:**@localhost:5672/myvhost
- ** ---------- .> results:     redis://localhost/
- *** --- * --- .> concurrency: 10 (prefork)
-- ******* ---- .> task events: OFF (enable -E to monitor tasks in this worker)
--- ***** ----- 
 -------------- [queues]
                .> celery           exchange=celery(direct) key=celery
                

